[35m[1mConsolidate compiler generated dependencies of target cpp_node_test[0m
[  0%] Built target ament_cmake_python_copy_turtlesim_plus_planning
[100%] Built target cpp_node_test
running egg_info
writing turtlesim_plus_planning.egg-info/PKG-INFO
writing dependency_links to turtlesim_plus_planning.egg-info/dependency_links.txt
writing top-level names to turtlesim_plus_planning.egg-info/top_level.txt
reading manifest file 'turtlesim_plus_planning.egg-info/SOURCES.txt'
writing manifest file 'turtlesim_plus_planning.egg-info/SOURCES.txt'
[100%] Built target ament_cmake_python_build_turtlesim_plus_planning_egg
-- Install configuration: ""
-- Up-to-date: /home/tanawatp/FRA501_61_WS/install/turtlesim_plus_planning/share/turtlesim_plus_planning/environment/pythonpath.sh
-- Up-to-date: /home/tanawatp/FRA501_61_WS/install/turtlesim_plus_planning/share/turtlesim_plus_planning/environment/pythonpath.dsv
-- Up-to-date: /home/tanawatp/FRA501_61_WS/install/turtlesim_plus_planning/local/lib/python3.10/dist-packages/turtlesim_plus_planning-0.0.0-py3.10.egg-info
-- Installing: /home/tanawatp/FRA501_61_WS/install/turtlesim_plus_planning/local/lib/python3.10/dist-packages/turtlesim_plus_planning-0.0.0-py3.10.egg-info/dependency_links.txt
-- Installing: /home/tanawatp/FRA501_61_WS/install/turtlesim_plus_planning/local/lib/python3.10/dist-packages/turtlesim_plus_planning-0.0.0-py3.10.egg-info/top_level.txt
-- Installing: /home/tanawatp/FRA501_61_WS/install/turtlesim_plus_planning/local/lib/python3.10/dist-packages/turtlesim_plus_planning-0.0.0-py3.10.egg-info/PKG-INFO
-- Installing: /home/tanawatp/FRA501_61_WS/install/turtlesim_plus_planning/local/lib/python3.10/dist-packages/turtlesim_plus_planning-0.0.0-py3.10.egg-info/SOURCES.txt
-- Up-to-date: /home/tanawatp/FRA501_61_WS/install/turtlesim_plus_planning/local/lib/python3.10/dist-packages/turtlesim_plus_planning
-- Up-to-date: /home/tanawatp/FRA501_61_WS/install/turtlesim_plus_planning/local/lib/python3.10/dist-packages/turtlesim_plus_planning/dummy_module.py
-- Up-to-date: /home/tanawatp/FRA501_61_WS/install/turtlesim_plus_planning/local/lib/python3.10/dist-packages/turtlesim_plus_planning/__init__.py
Listing '/home/tanawatp/FRA501_61_WS/install/turtlesim_plus_planning/local/lib/python3.10/dist-packages/turtlesim_plus_planning'...
-- Up-to-date: /home/tanawatp/FRA501_61_WS/install/turtlesim_plus_planning/lib/turtlesim_plus_planning/tao_planning.py
-- Up-to-date: /home/tanawatp/FRA501_61_WS/install/turtlesim_plus_planning/lib/turtlesim_plus_planning/cpp_node_test
-- Up-to-date: /home/tanawatp/FRA501_61_WS/install/turtlesim_plus_planning/share/turtlesim_plus_planning
-- Up-to-date: /home/tanawatp/FRA501_61_WS/install/turtlesim_plus_planning/share/ament_index/resource_index/package_run_dependencies/turtlesim_plus_planning
-- Up-to-date: /home/tanawatp/FRA501_61_WS/install/turtlesim_plus_planning/share/ament_index/resource_index/parent_prefix_path/turtlesim_plus_planning
-- Up-to-date: /home/tanawatp/FRA501_61_WS/install/turtlesim_plus_planning/share/turtlesim_plus_planning/environment/ament_prefix_path.sh
-- Up-to-date: /home/tanawatp/FRA501_61_WS/install/turtlesim_plus_planning/share/turtlesim_plus_planning/environment/ament_prefix_path.dsv
-- Up-to-date: /home/tanawatp/FRA501_61_WS/install/turtlesim_plus_planning/share/turtlesim_plus_planning/environment/path.sh
-- Up-to-date: /home/tanawatp/FRA501_61_WS/install/turtlesim_plus_planning/share/turtlesim_plus_planning/environment/path.dsv
-- Up-to-date: /home/tanawatp/FRA501_61_WS/install/turtlesim_plus_planning/share/turtlesim_plus_planning/local_setup.bash
-- Up-to-date: /home/tanawatp/FRA501_61_WS/install/turtlesim_plus_planning/share/turtlesim_plus_planning/local_setup.sh
-- Up-to-date: /home/tanawatp/FRA501_61_WS/install/turtlesim_plus_planning/share/turtlesim_plus_planning/local_setup.zsh
-- Up-to-date: /home/tanawatp/FRA501_61_WS/install/turtlesim_plus_planning/share/turtlesim_plus_planning/local_setup.dsv
-- Installing: /home/tanawatp/FRA501_61_WS/install/turtlesim_plus_planning/share/turtlesim_plus_planning/package.dsv
-- Up-to-date: /home/tanawatp/FRA501_61_WS/install/turtlesim_plus_planning/share/ament_index/resource_index/packages/turtlesim_plus_planning
-- Up-to-date: /home/tanawatp/FRA501_61_WS/install/turtlesim_plus_planning/share/turtlesim_plus_planning/cmake/turtlesim_plus_planningConfig.cmake
-- Up-to-date: /home/tanawatp/FRA501_61_WS/install/turtlesim_plus_planning/share/turtlesim_plus_planning/cmake/turtlesim_plus_planningConfig-version.cmake
-- Up-to-date: /home/tanawatp/FRA501_61_WS/install/turtlesim_plus_planning/share/turtlesim_plus_planning/package.xml
