[0.050s] Invoking command in '/home/tanawatp/FRA501_61_WS/build/turtlesim_plus_planning': CMAKE_PREFIX_PATH=${CMAKE_PREFIX_PATH}:/home/tanawatp/ros2_workspaceTutorial/install/robot_controller:/opt/ros/humble /usr/bin/cmake --build /home/tanawatp/FRA501_61_WS/build/turtlesim_plus_planning -- -j8 -l8
[0.145s] [35m[1mConsolidate compiler generated dependencies of target cpp_node_test[0m
[0.176s] [  0%] Built target ament_cmake_python_copy_turtlesim_plus_planning
[0.189s] [100%] Built target cpp_node_test
[0.733s] running egg_info
[0.735s] writing turtlesim_plus_planning.egg-info/PKG-INFO
[0.736s] writing dependency_links to turtlesim_plus_planning.egg-info/dependency_links.txt
[0.736s] writing top-level names to turtlesim_plus_planning.egg-info/top_level.txt
[0.741s] reading manifest file 'turtlesim_plus_planning.egg-info/SOURCES.txt'
[0.743s] writing manifest file 'turtlesim_plus_planning.egg-info/SOURCES.txt'
[0.817s] [100%] Built target ament_cmake_python_build_turtlesim_plus_planning_egg
[0.846s] Invoked command in '/home/tanawatp/FRA501_61_WS/build/turtlesim_plus_planning' returned '0': CMAKE_PREFIX_PATH=${CMAKE_PREFIX_PATH}:/home/tanawatp/ros2_workspaceTutorial/install/robot_controller:/opt/ros/humble /usr/bin/cmake --build /home/tanawatp/FRA501_61_WS/build/turtlesim_plus_planning -- -j8 -l8
[0.902s] Invoking command in '/home/tanawatp/FRA501_61_WS/build/turtlesim_plus_planning': CMAKE_PREFIX_PATH=${CMAKE_PREFIX_PATH}:/home/tanawatp/ros2_workspaceTutorial/install/robot_controller:/opt/ros/humble /usr/bin/cmake --install /home/tanawatp/FRA501_61_WS/build/turtlesim_plus_planning
[0.914s] -- Install configuration: ""
[0.914s] -- Up-to-date: /home/tanawatp/FRA501_61_WS/install/turtlesim_plus_planning/share/turtlesim_plus_planning/environment/pythonpath.sh
[0.914s] -- Up-to-date: /home/tanawatp/FRA501_61_WS/install/turtlesim_plus_planning/share/turtlesim_plus_planning/environment/pythonpath.dsv
[0.915s] -- Up-to-date: /home/tanawatp/FRA501_61_WS/install/turtlesim_plus_planning/local/lib/python3.10/dist-packages/turtlesim_plus_planning-0.0.0-py3.10.egg-info
[0.915s] -- Installing: /home/tanawatp/FRA501_61_WS/install/turtlesim_plus_planning/local/lib/python3.10/dist-packages/turtlesim_plus_planning-0.0.0-py3.10.egg-info/dependency_links.txt
[0.915s] -- Installing: /home/tanawatp/FRA501_61_WS/install/turtlesim_plus_planning/local/lib/python3.10/dist-packages/turtlesim_plus_planning-0.0.0-py3.10.egg-info/top_level.txt
[0.915s] -- Installing: /home/tanawatp/FRA501_61_WS/install/turtlesim_plus_planning/local/lib/python3.10/dist-packages/turtlesim_plus_planning-0.0.0-py3.10.egg-info/PKG-INFO
[0.915s] -- Installing: /home/tanawatp/FRA501_61_WS/install/turtlesim_plus_planning/local/lib/python3.10/dist-packages/turtlesim_plus_planning-0.0.0-py3.10.egg-info/SOURCES.txt
[0.915s] -- Up-to-date: /home/tanawatp/FRA501_61_WS/install/turtlesim_plus_planning/local/lib/python3.10/dist-packages/turtlesim_plus_planning
[0.915s] -- Up-to-date: /home/tanawatp/FRA501_61_WS/install/turtlesim_plus_planning/local/lib/python3.10/dist-packages/turtlesim_plus_planning/dummy_module.py
[0.916s] -- Up-to-date: /home/tanawatp/FRA501_61_WS/install/turtlesim_plus_planning/local/lib/python3.10/dist-packages/turtlesim_plus_planning/__init__.py
[0.985s] Listing '/home/tanawatp/FRA501_61_WS/install/turtlesim_plus_planning/local/lib/python3.10/dist-packages/turtlesim_plus_planning'...
[0.997s] -- Up-to-date: /home/tanawatp/FRA501_61_WS/install/turtlesim_plus_planning/lib/turtlesim_plus_planning/tao_planning.py
[0.997s] -- Up-to-date: /home/tanawatp/FRA501_61_WS/install/turtlesim_plus_planning/lib/turtlesim_plus_planning/cpp_node_test
[0.997s] -- Up-to-date: /home/tanawatp/FRA501_61_WS/install/turtlesim_plus_planning/share/turtlesim_plus_planning
[0.998s] -- Up-to-date: /home/tanawatp/FRA501_61_WS/install/turtlesim_plus_planning/share/ament_index/resource_index/package_run_dependencies/turtlesim_plus_planning
[0.998s] -- Up-to-date: /home/tanawatp/FRA501_61_WS/install/turtlesim_plus_planning/share/ament_index/resource_index/parent_prefix_path/turtlesim_plus_planning
[0.998s] -- Up-to-date: /home/tanawatp/FRA501_61_WS/install/turtlesim_plus_planning/share/turtlesim_plus_planning/environment/ament_prefix_path.sh
[0.998s] -- Up-to-date: /home/tanawatp/FRA501_61_WS/install/turtlesim_plus_planning/share/turtlesim_plus_planning/environment/ament_prefix_path.dsv
[0.998s] -- Up-to-date: /home/tanawatp/FRA501_61_WS/install/turtlesim_plus_planning/share/turtlesim_plus_planning/environment/path.sh
[0.998s] -- Up-to-date: /home/tanawatp/FRA501_61_WS/install/turtlesim_plus_planning/share/turtlesim_plus_planning/environment/path.dsv
[0.998s] -- Up-to-date: /home/tanawatp/FRA501_61_WS/install/turtlesim_plus_planning/share/turtlesim_plus_planning/local_setup.bash
[0.999s] -- Up-to-date: /home/tanawatp/FRA501_61_WS/install/turtlesim_plus_planning/share/turtlesim_plus_planning/local_setup.sh
[0.999s] -- Up-to-date: /home/tanawatp/FRA501_61_WS/install/turtlesim_plus_planning/share/turtlesim_plus_planning/local_setup.zsh
[0.999s] -- Up-to-date: /home/tanawatp/FRA501_61_WS/install/turtlesim_plus_planning/share/turtlesim_plus_planning/local_setup.dsv
[0.999s] -- Installing: /home/tanawatp/FRA501_61_WS/install/turtlesim_plus_planning/share/turtlesim_plus_planning/package.dsv
[0.999s] -- Up-to-date: /home/tanawatp/FRA501_61_WS/install/turtlesim_plus_planning/share/ament_index/resource_index/packages/turtlesim_plus_planning
[0.999s] -- Up-to-date: /home/tanawatp/FRA501_61_WS/install/turtlesim_plus_planning/share/turtlesim_plus_planning/cmake/turtlesim_plus_planningConfig.cmake
[0.999s] -- Up-to-date: /home/tanawatp/FRA501_61_WS/install/turtlesim_plus_planning/share/turtlesim_plus_planning/cmake/turtlesim_plus_planningConfig-version.cmake
[0.999s] -- Up-to-date: /home/tanawatp/FRA501_61_WS/install/turtlesim_plus_planning/share/turtlesim_plus_planning/package.xml
[1.009s] Invoked command in '/home/tanawatp/FRA501_61_WS/build/turtlesim_plus_planning' returned '0': CMAKE_PREFIX_PATH=${CMAKE_PREFIX_PATH}:/home/tanawatp/ros2_workspaceTutorial/install/robot_controller:/opt/ros/humble /usr/bin/cmake --install /home/tanawatp/FRA501_61_WS/build/turtlesim_plus_planning
