[0.063s] Invoking command in '/home/tanawatp/FRA501_61_WS/build/my_interfaces': CMAKE_PREFIX_PATH=${CMAKE_PREFIX_PATH}:/home/tanawatp/ros2_workspaceTutorial/install/robot_controller:/opt/ros/humble /usr/bin/cmake /home/tanawatp/FRA501_61_WS/src/my_interfaces -DCMAKE_INSTALL_PREFIX=/home/tanawatp/FRA501_61_WS/install/my_interfaces
[0.178s] -- The C compiler identification is GNU 11.4.0
[0.282s] -- The CXX compiler identification is GNU 11.4.0
[0.296s] -- Detecting C compiler ABI info
[0.428s] -- Detecting C compiler ABI info - done
[0.444s] -- Check for working C compiler: /usr/bin/cc - skipped
[0.445s] -- Detecting C compile features
[0.445s] -- Detecting C compile features - done
[0.451s] -- Detecting CXX compiler ABI info
[0.598s] -- Detecting CXX compiler ABI info - done
[0.612s] -- Check for working CXX compiler: /usr/bin/c++ - skipped
[0.612s] -- Detecting CXX compile features
[0.613s] -- Detecting CXX compile features - done
[0.618s] -- Found ament_cmake: 1.3.5 (/opt/ros/humble/share/ament_cmake/cmake)
[0.979s] -- Found Python3: /usr/bin/python3.10 (found version "3.10.12") found components: Interpreter 
[1.158s] -- Found geometry_msgs: 4.2.3 (/opt/ros/humble/share/geometry_msgs/cmake)
[1.212s] -- Found rosidl_generator_c: 3.1.5 (/opt/ros/humble/share/rosidl_generator_c/cmake)
[1.221s] -- Found rosidl_adapter: 3.1.5 (/opt/ros/humble/share/rosidl_adapter/cmake)
[1.235s] -- Found rosidl_generator_cpp: 3.1.5 (/opt/ros/humble/share/rosidl_generator_cpp/cmake)
[1.255s] -- Using all available rosidl_typesupport_c: rosidl_typesupport_fastrtps_c;rosidl_typesupport_introspection_c
[1.283s] -- Using all available rosidl_typesupport_cpp: rosidl_typesupport_fastrtps_cpp;rosidl_typesupport_introspection_cpp
[1.466s] -- Found rosidl_default_generators: 1.2.0 (/opt/ros/humble/share/rosidl_default_generators/cmake)
[2.018s] -- Found ament_cmake_ros: 0.10.0 (/opt/ros/humble/share/ament_cmake_ros/cmake)
[2.856s] -- Using all available rosidl_typesupport_c: rosidl_typesupport_fastrtps_c;rosidl_typesupport_introspection_c
[3.264s] -- Using all available rosidl_typesupport_cpp: rosidl_typesupport_fastrtps_cpp;rosidl_typesupport_introspection_cpp
[3.322s] -- Found PythonInterp: /usr/bin/python3 (found suitable version "3.10.12", minimum required is "3.6") 
[3.325s] -- Found python_cmake_module: 0.10.0 (/opt/ros/humble/share/python_cmake_module/cmake)
[3.408s] -- Found PythonLibs: /usr/lib/x86_64-linux-gnu/libpython3.10.so (found suitable version "3.10.12", minimum required is "3.5") 
[3.408s] -- Using PYTHON_EXECUTABLE: /usr/bin/python3
[3.408s] -- Using PYTHON_INCLUDE_DIRS: /usr/include/python3.10
[3.408s] -- Using PYTHON_LIBRARIES: /usr/lib/x86_64-linux-gnu/libpython3.10.so
[3.511s] -- Found PythonExtra: .so  
[3.718s] -- Configuring done
[3.781s] -- Generating done
[3.785s] -- Build files have been written to: /home/tanawatp/FRA501_61_WS/build/my_interfaces
[3.808s] Invoked command in '/home/tanawatp/FRA501_61_WS/build/my_interfaces' returned '0': CMAKE_PREFIX_PATH=${CMAKE_PREFIX_PATH}:/home/tanawatp/ros2_workspaceTutorial/install/robot_controller:/opt/ros/humble /usr/bin/cmake /home/tanawatp/FRA501_61_WS/src/my_interfaces -DCMAKE_INSTALL_PREFIX=/home/tanawatp/FRA501_61_WS/install/my_interfaces
[3.809s] Invoking command in '/home/tanawatp/FRA501_61_WS/build/my_interfaces': CMAKE_PREFIX_PATH=${CMAKE_PREFIX_PATH}:/home/tanawatp/ros2_workspaceTutorial/install/robot_controller:/opt/ros/humble /usr/bin/cmake --build /home/tanawatp/FRA501_61_WS/build/my_interfaces -- -j8 -l8
[3.905s] [  2%] [34m[1mGenerating C code for ROS interfaces[0m
[3.949s] [  2%] Built target ament_cmake_python_copy_my_interfaces
[3.950s] [  5%] [34m[1mGenerating C++ code for ROS interfaces[0m
[4.445s] running egg_info
[4.446s] creating my_interfaces.egg-info
[4.446s] writing my_interfaces.egg-info/PKG-INFO
[4.446s] writing dependency_links to my_interfaces.egg-info/dependency_links.txt
[4.446s] writing top-level names to my_interfaces.egg-info/top_level.txt
[4.447s] writing manifest file 'my_interfaces.egg-info/SOURCES.txt'
[4.449s] reading manifest file 'my_interfaces.egg-info/SOURCES.txt'
[4.450s] writing manifest file 'my_interfaces.egg-info/SOURCES.txt'
[4.493s] [  5%] Built target ament_cmake_python_build_my_interfaces_egg
[4.642s] [ 10%] [32mBuilding C object CMakeFiles/my_interfaces__rosidl_generator_c.dir/rosidl_generator_c/my_interfaces/srv/detail/set_target__functions.c.o[0m
[4.642s] [ 10%] [32mBuilding C object CMakeFiles/my_interfaces__rosidl_generator_c.dir/rosidl_generator_c/my_interfaces/srv/detail/im_done__functions.c.o[0m
[4.651s] [ 10%] Built target my_interfaces__cpp
[4.670s] [ 12%] [34m[1mGenerating C++ type support dispatch for ROS interfaces[0m
[4.670s] [ 15%] [34m[1mGenerating C++ type support for eProsima Fast-RTPS[0m
[4.671s] [ 17%] [34m[1mGenerating C++ introspection for ROS interfaces[0m
[4.755s] [ 20%] [32m[1mLinking C shared library libmy_interfaces__rosidl_generator_c.so[0m
[4.840s] [ 20%] Built target my_interfaces__rosidl_generator_c
[4.876s] [ 25%] [34m[1mGenerating C type support dispatch for ROS interfaces[0m
[4.876s] [ 25%] [34m[1mGenerating C introspection for ROS interfaces[0m
[4.887s] [ 28%] [34m[1mGenerating C type support for eProsima Fast-RTPS[0m
[5.348s] [ 30%] [32mBuilding CXX object CMakeFiles/my_interfaces__rosidl_typesupport_cpp.dir/rosidl_typesupport_cpp/my_interfaces/srv/set_target__type_support.cpp.o[0m
[5.364s] [ 33%] [32mBuilding CXX object CMakeFiles/my_interfaces__rosidl_typesupport_cpp.dir/rosidl_typesupport_cpp/my_interfaces/srv/im_done__type_support.cpp.o[0m
[5.467s] [ 35%] [32mBuilding CXX object CMakeFiles/my_interfaces__rosidl_typesupport_introspection_cpp.dir/rosidl_typesupport_introspection_cpp/my_interfaces/srv/detail/set_target__type_support.cpp.o[0m
[5.478s] [ 38%] [32mBuilding CXX object CMakeFiles/my_interfaces__rosidl_typesupport_introspection_cpp.dir/rosidl_typesupport_introspection_cpp/my_interfaces/srv/detail/im_done__type_support.cpp.o[0m
[5.558s] [ 41%] [32mBuilding CXX object CMakeFiles/my_interfaces__rosidl_typesupport_fastrtps_cpp.dir/rosidl_typesupport_fastrtps_cpp/my_interfaces/srv/detail/dds_fastrtps/set_target__type_support.cpp.o[0m
[5.818s] [ 43%] [32mBuilding CXX object CMakeFiles/my_interfaces__rosidl_typesupport_c.dir/rosidl_typesupport_c/my_interfaces/srv/set_target__type_support.cpp.o[0m
[5.906s] [ 46%] [32mBuilding C object CMakeFiles/my_interfaces__rosidl_typesupport_introspection_c.dir/rosidl_typesupport_introspection_c/my_interfaces/srv/detail/set_target__type_support.c.o[0m
[5.924s] [ 48%] [32mBuilding CXX object CMakeFiles/my_interfaces__rosidl_typesupport_fastrtps_c.dir/rosidl_typesupport_fastrtps_c/my_interfaces/srv/detail/set_target__type_support_c.cpp.o[0m
[5.943s] [ 51%] [32mBuilding CXX object CMakeFiles/my_interfaces__rosidl_typesupport_c.dir/rosidl_typesupport_c/my_interfaces/srv/im_done__type_support.cpp.o[0m
[5.979s] [ 53%] [32mBuilding CXX object CMakeFiles/my_interfaces__rosidl_typesupport_fastrtps_cpp.dir/rosidl_typesupport_fastrtps_cpp/my_interfaces/srv/detail/dds_fastrtps/im_done__type_support.cpp.o[0m
[6.060s] [ 56%] [32mBuilding C object CMakeFiles/my_interfaces__rosidl_typesupport_introspection_c.dir/rosidl_typesupport_introspection_c/my_interfaces/srv/detail/im_done__type_support.c.o[0m
[6.106s] [ 58%] [32m[1mLinking CXX shared library libmy_interfaces__rosidl_typesupport_cpp.so[0m
[6.172s] [ 61%] [32m[1mLinking CXX shared library libmy_interfaces__rosidl_typesupport_c.so[0m
[6.281s] [ 64%] [32m[1mLinking C shared library libmy_interfaces__rosidl_typesupport_introspection_c.so[0m
[6.312s] [ 64%] Built target my_interfaces__rosidl_typesupport_cpp
[6.356s] [ 66%] [32mBuilding CXX object CMakeFiles/my_interfaces__rosidl_typesupport_fastrtps_c.dir/rosidl_typesupport_fastrtps_c/my_interfaces/srv/detail/im_done__type_support_c.cpp.o[0m
[6.416s] [ 66%] Built target my_interfaces__rosidl_typesupport_c
[6.448s] [ 66%] Built target my_interfaces__rosidl_typesupport_introspection_c
[6.899s] [ 69%] [32m[1mLinking CXX shared library libmy_interfaces__rosidl_typesupport_introspection_cpp.so[0m
[6.963s] [ 71%] [32m[1mLinking CXX shared library libmy_interfaces__rosidl_typesupport_fastrtps_cpp.so[0m
[7.114s] [ 71%] Built target my_interfaces__rosidl_typesupport_introspection_cpp
[7.186s] [ 74%] [32m[1mLinking CXX shared library libmy_interfaces__rosidl_typesupport_fastrtps_c.so[0m
[7.269s] [ 74%] Built target my_interfaces__rosidl_typesupport_fastrtps_cpp
[7.433s] [ 74%] Built target my_interfaces__rosidl_typesupport_fastrtps_c
[7.481s] [ 74%] Built target my_interfaces
[7.535s] [ 76%] [34m[1mGenerating Python code for ROS interfaces[0m
[8.661s] [ 76%] Built target my_interfaces__py
[8.690s] [ 82%] [32mBuilding C object CMakeFiles/my_interfaces__rosidl_generator_py.dir/rosidl_generator_py/my_interfaces/srv/_set_target_s.c.o[0m
[8.690s] [ 82%] [32mBuilding C object CMakeFiles/my_interfaces__rosidl_generator_py.dir/rosidl_generator_py/my_interfaces/srv/_im_done_s.c.o[0m
[8.861s] [ 84%] [32m[1mLinking C shared library rosidl_generator_py/my_interfaces/libmy_interfaces__rosidl_generator_py.so[0m
[8.916s] [ 84%] Built target my_interfaces__rosidl_generator_py
[8.941s] [ 87%] [32mBuilding C object CMakeFiles/my_interfaces__rosidl_typesupport_fastrtps_c__pyext.dir/rosidl_generator_py/my_interfaces/_my_interfaces_s.ep.rosidl_typesupport_fastrtps_c.c.o[0m
[8.945s] [ 89%] [32mBuilding C object CMakeFiles/my_interfaces__rosidl_typesupport_c__pyext.dir/rosidl_generator_py/my_interfaces/_my_interfaces_s.ep.rosidl_typesupport_c.c.o[0m
[8.947s] [ 92%] [32mBuilding C object CMakeFiles/my_interfaces__rosidl_typesupport_introspection_c__pyext.dir/rosidl_generator_py/my_interfaces/_my_interfaces_s.ep.rosidl_typesupport_introspection_c.c.o[0m
[9.065s] [ 94%] [32m[1mLinking C shared library rosidl_generator_py/my_interfaces/my_interfaces_s__rosidl_typesupport_fastrtps_c.cpython-310-x86_64-linux-gnu.so[0m
[9.097s] [100%] [32m[1mLinking C shared library rosidl_generator_py/my_interfaces/my_interfaces_s__rosidl_typesupport_c.cpython-310-x86_64-linux-gnu.so[0m
[9.097s] [100%] [32m[1mLinking C shared library rosidl_generator_py/my_interfaces/my_interfaces_s__rosidl_typesupport_introspection_c.cpython-310-x86_64-linux-gnu.so[0m
[9.119s] [100%] Built target my_interfaces__rosidl_typesupport_fastrtps_c__pyext
[9.149s] [100%] Built target my_interfaces__rosidl_typesupport_c__pyext
[9.151s] [100%] Built target my_interfaces__rosidl_typesupport_introspection_c__pyext
[9.165s] Invoked command in '/home/tanawatp/FRA501_61_WS/build/my_interfaces' returned '0': CMAKE_PREFIX_PATH=${CMAKE_PREFIX_PATH}:/home/tanawatp/ros2_workspaceTutorial/install/robot_controller:/opt/ros/humble /usr/bin/cmake --build /home/tanawatp/FRA501_61_WS/build/my_interfaces -- -j8 -l8
[9.253s] Invoking command in '/home/tanawatp/FRA501_61_WS/build/my_interfaces': CMAKE_PREFIX_PATH=${CMAKE_PREFIX_PATH}:/home/tanawatp/ros2_workspaceTutorial/install/robot_controller:/opt/ros/humble /usr/bin/cmake --install /home/tanawatp/FRA501_61_WS/build/my_interfaces
[9.264s] -- Install configuration: ""
[9.264s] -- Installing: /home/tanawatp/FRA501_61_WS/install/my_interfaces/share/ament_index/resource_index/rosidl_interfaces/my_interfaces
[9.264s] -- Installing: /home/tanawatp/FRA501_61_WS/install/my_interfaces/include/my_interfaces/my_interfaces
[9.264s] -- Installing: /home/tanawatp/FRA501_61_WS/install/my_interfaces/include/my_interfaces/my_interfaces/srv
[9.264s] -- Installing: /home/tanawatp/FRA501_61_WS/install/my_interfaces/include/my_interfaces/my_interfaces/srv/set_target.h
[9.264s] -- Installing: /home/tanawatp/FRA501_61_WS/install/my_interfaces/include/my_interfaces/my_interfaces/srv/im_done.h
[9.265s] -- Installing: /home/tanawatp/FRA501_61_WS/install/my_interfaces/include/my_interfaces/my_interfaces/srv/detail
[9.265s] -- Installing: /home/tanawatp/FRA501_61_WS/install/my_interfaces/include/my_interfaces/my_interfaces/srv/detail/im_done__type_support.h
[9.265s] -- Installing: /home/tanawatp/FRA501_61_WS/install/my_interfaces/include/my_interfaces/my_interfaces/srv/detail/set_target__type_support.h
[9.265s] -- Installing: /home/tanawatp/FRA501_61_WS/install/my_interfaces/include/my_interfaces/my_interfaces/srv/detail/im_done__functions.h
[9.265s] -- Installing: /home/tanawatp/FRA501_61_WS/install/my_interfaces/include/my_interfaces/my_interfaces/srv/detail/im_done__functions.c
[9.265s] -- Installing: /home/tanawatp/FRA501_61_WS/install/my_interfaces/include/my_interfaces/my_interfaces/srv/detail/set_target__functions.c
[9.265s] -- Installing: /home/tanawatp/FRA501_61_WS/install/my_interfaces/include/my_interfaces/my_interfaces/srv/detail/set_target__struct.h
[9.265s] -- Installing: /home/tanawatp/FRA501_61_WS/install/my_interfaces/include/my_interfaces/my_interfaces/srv/detail/set_target__functions.h
[9.266s] -- Installing: /home/tanawatp/FRA501_61_WS/install/my_interfaces/include/my_interfaces/my_interfaces/srv/detail/im_done__struct.h
[9.266s] -- Installing: /home/tanawatp/FRA501_61_WS/install/my_interfaces/include/my_interfaces/my_interfaces/msg
[9.266s] -- Installing: /home/tanawatp/FRA501_61_WS/install/my_interfaces/include/my_interfaces/my_interfaces/msg/rosidl_generator_c__visibility_control.h
[9.266s] -- Installing: /home/tanawatp/FRA501_61_WS/install/my_interfaces/share/my_interfaces/environment/library_path.sh
[9.266s] -- Installing: /home/tanawatp/FRA501_61_WS/install/my_interfaces/share/my_interfaces/environment/library_path.dsv
[9.266s] -- Installing: /home/tanawatp/FRA501_61_WS/install/my_interfaces/lib/libmy_interfaces__rosidl_generator_c.so
[9.267s] -- Set runtime path of "/home/tanawatp/FRA501_61_WS/install/my_interfaces/lib/libmy_interfaces__rosidl_generator_c.so" to ""
[9.267s] -- Up-to-date: /home/tanawatp/FRA501_61_WS/install/my_interfaces/include/my_interfaces/my_interfaces
[9.267s] -- Up-to-date: /home/tanawatp/FRA501_61_WS/install/my_interfaces/include/my_interfaces/my_interfaces/srv
[9.268s] -- Up-to-date: /home/tanawatp/FRA501_61_WS/install/my_interfaces/include/my_interfaces/my_interfaces/srv/detail
[9.268s] -- Installing: /home/tanawatp/FRA501_61_WS/install/my_interfaces/include/my_interfaces/my_interfaces/srv/detail/set_target__rosidl_typesupport_fastrtps_c.h
[9.268s] -- Installing: /home/tanawatp/FRA501_61_WS/install/my_interfaces/include/my_interfaces/my_interfaces/srv/detail/im_done__rosidl_typesupport_fastrtps_c.h
[9.268s] -- Up-to-date: /home/tanawatp/FRA501_61_WS/install/my_interfaces/include/my_interfaces/my_interfaces/msg
[9.268s] -- Installing: /home/tanawatp/FRA501_61_WS/install/my_interfaces/include/my_interfaces/my_interfaces/msg/rosidl_typesupport_fastrtps_c__visibility_control.h
[9.268s] -- Installing: /home/tanawatp/FRA501_61_WS/install/my_interfaces/lib/libmy_interfaces__rosidl_typesupport_fastrtps_c.so
[9.268s] -- Set runtime path of "/home/tanawatp/FRA501_61_WS/install/my_interfaces/lib/libmy_interfaces__rosidl_typesupport_fastrtps_c.so" to ""
[9.268s] -- Up-to-date: /home/tanawatp/FRA501_61_WS/install/my_interfaces/include/my_interfaces/my_interfaces
[9.268s] -- Up-to-date: /home/tanawatp/FRA501_61_WS/install/my_interfaces/include/my_interfaces/my_interfaces/srv
[9.269s] -- Installing: /home/tanawatp/FRA501_61_WS/install/my_interfaces/include/my_interfaces/my_interfaces/srv/im_done.hpp
[9.269s] -- Up-to-date: /home/tanawatp/FRA501_61_WS/install/my_interfaces/include/my_interfaces/my_interfaces/srv/detail
[9.269s] -- Installing: /home/tanawatp/FRA501_61_WS/install/my_interfaces/include/my_interfaces/my_interfaces/srv/detail/set_target__traits.hpp
[9.269s] -- Installing: /home/tanawatp/FRA501_61_WS/install/my_interfaces/include/my_interfaces/my_interfaces/srv/detail/im_done__traits.hpp
[9.269s] -- Installing: /home/tanawatp/FRA501_61_WS/install/my_interfaces/include/my_interfaces/my_interfaces/srv/detail/set_target__struct.hpp
[9.269s] -- Installing: /home/tanawatp/FRA501_61_WS/install/my_interfaces/include/my_interfaces/my_interfaces/srv/detail/set_target__builder.hpp
[9.269s] -- Installing: /home/tanawatp/FRA501_61_WS/install/my_interfaces/include/my_interfaces/my_interfaces/srv/detail/im_done__struct.hpp
[9.269s] -- Installing: /home/tanawatp/FRA501_61_WS/install/my_interfaces/include/my_interfaces/my_interfaces/srv/detail/im_done__builder.hpp
[9.269s] -- Installing: /home/tanawatp/FRA501_61_WS/install/my_interfaces/include/my_interfaces/my_interfaces/srv/set_target.hpp
[9.270s] -- Up-to-date: /home/tanawatp/FRA501_61_WS/install/my_interfaces/include/my_interfaces/my_interfaces
[9.270s] -- Up-to-date: /home/tanawatp/FRA501_61_WS/install/my_interfaces/include/my_interfaces/my_interfaces/srv
[9.270s] -- Up-to-date: /home/tanawatp/FRA501_61_WS/install/my_interfaces/include/my_interfaces/my_interfaces/srv/detail
[9.270s] -- Installing: /home/tanawatp/FRA501_61_WS/install/my_interfaces/include/my_interfaces/my_interfaces/srv/detail/im_done__rosidl_typesupport_fastrtps_cpp.hpp
[9.270s] -- Installing: /home/tanawatp/FRA501_61_WS/install/my_interfaces/include/my_interfaces/my_interfaces/srv/detail/set_target__rosidl_typesupport_fastrtps_cpp.hpp
[9.270s] -- Installing: /home/tanawatp/FRA501_61_WS/install/my_interfaces/include/my_interfaces/my_interfaces/srv/detail/dds_fastrtps
[9.270s] -- Up-to-date: /home/tanawatp/FRA501_61_WS/install/my_interfaces/include/my_interfaces/my_interfaces/msg
[9.270s] -- Installing: /home/tanawatp/FRA501_61_WS/install/my_interfaces/include/my_interfaces/my_interfaces/msg/rosidl_typesupport_fastrtps_cpp__visibility_control.h
[9.270s] -- Installing: /home/tanawatp/FRA501_61_WS/install/my_interfaces/lib/libmy_interfaces__rosidl_typesupport_fastrtps_cpp.so
[9.271s] -- Set runtime path of "/home/tanawatp/FRA501_61_WS/install/my_interfaces/lib/libmy_interfaces__rosidl_typesupport_fastrtps_cpp.so" to ""
[9.271s] -- Up-to-date: /home/tanawatp/FRA501_61_WS/install/my_interfaces/include/my_interfaces/my_interfaces
[9.271s] -- Up-to-date: /home/tanawatp/FRA501_61_WS/install/my_interfaces/include/my_interfaces/my_interfaces/srv
[9.271s] -- Up-to-date: /home/tanawatp/FRA501_61_WS/install/my_interfaces/include/my_interfaces/my_interfaces/srv/detail
[9.271s] -- Installing: /home/tanawatp/FRA501_61_WS/install/my_interfaces/include/my_interfaces/my_interfaces/srv/detail/im_done__type_support.c
[9.271s] -- Installing: /home/tanawatp/FRA501_61_WS/install/my_interfaces/include/my_interfaces/my_interfaces/srv/detail/im_done__rosidl_typesupport_introspection_c.h
[9.271s] -- Installing: /home/tanawatp/FRA501_61_WS/install/my_interfaces/include/my_interfaces/my_interfaces/srv/detail/set_target__rosidl_typesupport_introspection_c.h
[9.272s] -- Installing: /home/tanawatp/FRA501_61_WS/install/my_interfaces/include/my_interfaces/my_interfaces/srv/detail/set_target__type_support.c
[9.272s] -- Up-to-date: /home/tanawatp/FRA501_61_WS/install/my_interfaces/include/my_interfaces/my_interfaces/msg
[9.272s] -- Installing: /home/tanawatp/FRA501_61_WS/install/my_interfaces/include/my_interfaces/my_interfaces/msg/rosidl_typesupport_introspection_c__visibility_control.h
[9.272s] -- Installing: /home/tanawatp/FRA501_61_WS/install/my_interfaces/lib/libmy_interfaces__rosidl_typesupport_introspection_c.so
[9.272s] -- Set runtime path of "/home/tanawatp/FRA501_61_WS/install/my_interfaces/lib/libmy_interfaces__rosidl_typesupport_introspection_c.so" to ""
[9.272s] -- Installing: /home/tanawatp/FRA501_61_WS/install/my_interfaces/lib/libmy_interfaces__rosidl_typesupport_c.so
[9.273s] -- Set runtime path of "/home/tanawatp/FRA501_61_WS/install/my_interfaces/lib/libmy_interfaces__rosidl_typesupport_c.so" to ""
[9.273s] -- Up-to-date: /home/tanawatp/FRA501_61_WS/install/my_interfaces/include/my_interfaces/my_interfaces
[9.273s] -- Up-to-date: /home/tanawatp/FRA501_61_WS/install/my_interfaces/include/my_interfaces/my_interfaces/srv
[9.273s] -- Up-to-date: /home/tanawatp/FRA501_61_WS/install/my_interfaces/include/my_interfaces/my_interfaces/srv/detail
[9.273s] -- Installing: /home/tanawatp/FRA501_61_WS/install/my_interfaces/include/my_interfaces/my_interfaces/srv/detail/im_done__rosidl_typesupport_introspection_cpp.hpp
[9.273s] -- Installing: /home/tanawatp/FRA501_61_WS/install/my_interfaces/include/my_interfaces/my_interfaces/srv/detail/set_target__type_support.cpp
[9.273s] -- Installing: /home/tanawatp/FRA501_61_WS/install/my_interfaces/include/my_interfaces/my_interfaces/srv/detail/im_done__type_support.cpp
[9.273s] -- Installing: /home/tanawatp/FRA501_61_WS/install/my_interfaces/include/my_interfaces/my_interfaces/srv/detail/set_target__rosidl_typesupport_introspection_cpp.hpp
[9.273s] -- Installing: /home/tanawatp/FRA501_61_WS/install/my_interfaces/lib/libmy_interfaces__rosidl_typesupport_introspection_cpp.so
[9.274s] -- Set runtime path of "/home/tanawatp/FRA501_61_WS/install/my_interfaces/lib/libmy_interfaces__rosidl_typesupport_introspection_cpp.so" to ""
[9.274s] -- Installing: /home/tanawatp/FRA501_61_WS/install/my_interfaces/lib/libmy_interfaces__rosidl_typesupport_cpp.so
[9.274s] -- Set runtime path of "/home/tanawatp/FRA501_61_WS/install/my_interfaces/lib/libmy_interfaces__rosidl_typesupport_cpp.so" to ""
[9.274s] -- Installing: /home/tanawatp/FRA501_61_WS/install/my_interfaces/share/my_interfaces/environment/pythonpath.sh
[9.274s] -- Installing: /home/tanawatp/FRA501_61_WS/install/my_interfaces/share/my_interfaces/environment/pythonpath.dsv
[9.275s] -- Installing: /home/tanawatp/FRA501_61_WS/install/my_interfaces/local/lib/python3.10/dist-packages/my_interfaces-0.0.0-py3.10.egg-info
[9.275s] -- Installing: /home/tanawatp/FRA501_61_WS/install/my_interfaces/local/lib/python3.10/dist-packages/my_interfaces-0.0.0-py3.10.egg-info/dependency_links.txt
[9.275s] -- Installing: /home/tanawatp/FRA501_61_WS/install/my_interfaces/local/lib/python3.10/dist-packages/my_interfaces-0.0.0-py3.10.egg-info/top_level.txt
[9.275s] -- Installing: /home/tanawatp/FRA501_61_WS/install/my_interfaces/local/lib/python3.10/dist-packages/my_interfaces-0.0.0-py3.10.egg-info/PKG-INFO
[9.275s] -- Installing: /home/tanawatp/FRA501_61_WS/install/my_interfaces/local/lib/python3.10/dist-packages/my_interfaces-0.0.0-py3.10.egg-info/SOURCES.txt
[9.275s] -- Installing: /home/tanawatp/FRA501_61_WS/install/my_interfaces/local/lib/python3.10/dist-packages/my_interfaces
[9.276s] -- Installing: /home/tanawatp/FRA501_61_WS/install/my_interfaces/local/lib/python3.10/dist-packages/my_interfaces/_my_interfaces_s.ep.rosidl_typesupport_fastrtps_c.c
[9.276s] -- Installing: /home/tanawatp/FRA501_61_WS/install/my_interfaces/local/lib/python3.10/dist-packages/my_interfaces/_my_interfaces_s.ep.rosidl_typesupport_introspection_c.c
[9.276s] -- Installing: /home/tanawatp/FRA501_61_WS/install/my_interfaces/local/lib/python3.10/dist-packages/my_interfaces/srv
[9.276s] -- Installing: /home/tanawatp/FRA501_61_WS/install/my_interfaces/local/lib/python3.10/dist-packages/my_interfaces/srv/_set_target_s.c
[9.276s] -- Installing: /home/tanawatp/FRA501_61_WS/install/my_interfaces/local/lib/python3.10/dist-packages/my_interfaces/srv/_set_target.py
[9.276s] -- Installing: /home/tanawatp/FRA501_61_WS/install/my_interfaces/local/lib/python3.10/dist-packages/my_interfaces/srv/_im_done.py
[9.276s] -- Installing: /home/tanawatp/FRA501_61_WS/install/my_interfaces/local/lib/python3.10/dist-packages/my_interfaces/srv/_im_done_s.c
[9.276s] -- Installing: /home/tanawatp/FRA501_61_WS/install/my_interfaces/local/lib/python3.10/dist-packages/my_interfaces/srv/__init__.py
[9.277s] -- Installing: /home/tanawatp/FRA501_61_WS/install/my_interfaces/local/lib/python3.10/dist-packages/my_interfaces/_my_interfaces_s.ep.rosidl_typesupport_c.c
[9.277s] -- Installing: /home/tanawatp/FRA501_61_WS/install/my_interfaces/local/lib/python3.10/dist-packages/my_interfaces/my_interfaces_s__rosidl_typesupport_introspection_c.cpython-310-x86_64-linux-gnu.so
[9.277s] -- Installing: /home/tanawatp/FRA501_61_WS/install/my_interfaces/local/lib/python3.10/dist-packages/my_interfaces/my_interfaces_s__rosidl_typesupport_fastrtps_c.cpython-310-x86_64-linux-gnu.so
[9.277s] -- Installing: /home/tanawatp/FRA501_61_WS/install/my_interfaces/local/lib/python3.10/dist-packages/my_interfaces/my_interfaces_s__rosidl_typesupport_c.cpython-310-x86_64-linux-gnu.so
[9.277s] -- Installing: /home/tanawatp/FRA501_61_WS/install/my_interfaces/local/lib/python3.10/dist-packages/my_interfaces/libmy_interfaces__rosidl_generator_py.so
[9.277s] -- Installing: /home/tanawatp/FRA501_61_WS/install/my_interfaces/local/lib/python3.10/dist-packages/my_interfaces/__init__.py
[9.330s] Listing '/home/tanawatp/FRA501_61_WS/install/my_interfaces/local/lib/python3.10/dist-packages/my_interfaces'...
[9.331s] Compiling '/home/tanawatp/FRA501_61_WS/install/my_interfaces/local/lib/python3.10/dist-packages/my_interfaces/__init__.py'...
[9.331s] Listing '/home/tanawatp/FRA501_61_WS/install/my_interfaces/local/lib/python3.10/dist-packages/my_interfaces/srv'...
[9.331s] Compiling '/home/tanawatp/FRA501_61_WS/install/my_interfaces/local/lib/python3.10/dist-packages/my_interfaces/srv/__init__.py'...
[9.331s] Compiling '/home/tanawatp/FRA501_61_WS/install/my_interfaces/local/lib/python3.10/dist-packages/my_interfaces/srv/_im_done.py'...
[9.331s] Compiling '/home/tanawatp/FRA501_61_WS/install/my_interfaces/local/lib/python3.10/dist-packages/my_interfaces/srv/_set_target.py'...
[9.337s] -- Installing: /home/tanawatp/FRA501_61_WS/install/my_interfaces/local/lib/python3.10/dist-packages/my_interfaces/my_interfaces_s__rosidl_typesupport_fastrtps_c.cpython-310-x86_64-linux-gnu.so
[9.338s] -- Set runtime path of "/home/tanawatp/FRA501_61_WS/install/my_interfaces/local/lib/python3.10/dist-packages/my_interfaces/my_interfaces_s__rosidl_typesupport_fastrtps_c.cpython-310-x86_64-linux-gnu.so" to ""
[9.339s] -- Installing: /home/tanawatp/FRA501_61_WS/install/my_interfaces/local/lib/python3.10/dist-packages/my_interfaces/my_interfaces_s__rosidl_typesupport_introspection_c.cpython-310-x86_64-linux-gnu.so
[9.340s] -- Set runtime path of "/home/tanawatp/FRA501_61_WS/install/my_interfaces/local/lib/python3.10/dist-packages/my_interfaces/my_interfaces_s__rosidl_typesupport_introspection_c.cpython-310-x86_64-linux-gnu.so" to ""
[9.340s] -- Installing: /home/tanawatp/FRA501_61_WS/install/my_interfaces/local/lib/python3.10/dist-packages/my_interfaces/my_interfaces_s__rosidl_typesupport_c.cpython-310-x86_64-linux-gnu.so
[9.340s] -- Set runtime path of "/home/tanawatp/FRA501_61_WS/install/my_interfaces/local/lib/python3.10/dist-packages/my_interfaces/my_interfaces_s__rosidl_typesupport_c.cpython-310-x86_64-linux-gnu.so" to ""
[9.341s] -- Installing: /home/tanawatp/FRA501_61_WS/install/my_interfaces/lib/libmy_interfaces__rosidl_generator_py.so
[9.341s] -- Set runtime path of "/home/tanawatp/FRA501_61_WS/install/my_interfaces/lib/libmy_interfaces__rosidl_generator_py.so" to ""
[9.341s] -- Installing: /home/tanawatp/FRA501_61_WS/install/my_interfaces/share/my_interfaces/srv/SetTarget.idl
[9.342s] -- Installing: /home/tanawatp/FRA501_61_WS/install/my_interfaces/share/my_interfaces/srv/ImDone.idl
[9.342s] -- Installing: /home/tanawatp/FRA501_61_WS/install/my_interfaces/share/my_interfaces/srv/SetTarget.srv
[9.342s] -- Installing: /home/tanawatp/FRA501_61_WS/install/my_interfaces/share/my_interfaces/srv/SetTarget_Request.msg
[9.342s] -- Installing: /home/tanawatp/FRA501_61_WS/install/my_interfaces/share/my_interfaces/srv/SetTarget_Response.msg
[9.343s] -- Installing: /home/tanawatp/FRA501_61_WS/install/my_interfaces/share/my_interfaces/srv/ImDone.srv
[9.343s] -- Installing: /home/tanawatp/FRA501_61_WS/install/my_interfaces/share/my_interfaces/srv/ImDone_Request.msg
[9.343s] -- Installing: /home/tanawatp/FRA501_61_WS/install/my_interfaces/share/my_interfaces/srv/ImDone_Response.msg
[9.344s] -- Installing: /home/tanawatp/FRA501_61_WS/install/my_interfaces/share/ament_index/resource_index/package_run_dependencies/my_interfaces
[9.344s] -- Installing: /home/tanawatp/FRA501_61_WS/install/my_interfaces/share/ament_index/resource_index/parent_prefix_path/my_interfaces
[9.344s] -- Installing: /home/tanawatp/FRA501_61_WS/install/my_interfaces/share/my_interfaces/environment/ament_prefix_path.sh
[9.345s] -- Installing: /home/tanawatp/FRA501_61_WS/install/my_interfaces/share/my_interfaces/environment/ament_prefix_path.dsv
[9.345s] -- Installing: /home/tanawatp/FRA501_61_WS/install/my_interfaces/share/my_interfaces/environment/path.sh
[9.345s] -- Installing: /home/tanawatp/FRA501_61_WS/install/my_interfaces/share/my_interfaces/environment/path.dsv
[9.346s] -- Installing: /home/tanawatp/FRA501_61_WS/install/my_interfaces/share/my_interfaces/local_setup.bash
[9.346s] -- Installing: /home/tanawatp/FRA501_61_WS/install/my_interfaces/share/my_interfaces/local_setup.sh
[9.346s] -- Installing: /home/tanawatp/FRA501_61_WS/install/my_interfaces/share/my_interfaces/local_setup.zsh
[9.346s] -- Installing: /home/tanawatp/FRA501_61_WS/install/my_interfaces/share/my_interfaces/local_setup.dsv
[9.347s] -- Installing: /home/tanawatp/FRA501_61_WS/install/my_interfaces/share/my_interfaces/package.dsv
[9.347s] -- Installing: /home/tanawatp/FRA501_61_WS/install/my_interfaces/share/ament_index/resource_index/packages/my_interfaces
[9.347s] -- Installing: /home/tanawatp/FRA501_61_WS/install/my_interfaces/share/my_interfaces/cmake/export_my_interfaces__rosidl_generator_cExport.cmake
[9.348s] -- Installing: /home/tanawatp/FRA501_61_WS/install/my_interfaces/share/my_interfaces/cmake/export_my_interfaces__rosidl_generator_cExport-noconfig.cmake
[9.348s] -- Installing: /home/tanawatp/FRA501_61_WS/install/my_interfaces/share/my_interfaces/cmake/export_my_interfaces__rosidl_typesupport_fastrtps_cExport.cmake
[9.348s] -- Installing: /home/tanawatp/FRA501_61_WS/install/my_interfaces/share/my_interfaces/cmake/export_my_interfaces__rosidl_typesupport_fastrtps_cExport-noconfig.cmake
[9.349s] -- Installing: /home/tanawatp/FRA501_61_WS/install/my_interfaces/share/my_interfaces/cmake/export_my_interfaces__rosidl_generator_cppExport.cmake
[9.349s] -- Installing: /home/tanawatp/FRA501_61_WS/install/my_interfaces/share/my_interfaces/cmake/export_my_interfaces__rosidl_typesupport_fastrtps_cppExport.cmake
[9.349s] -- Installing: /home/tanawatp/FRA501_61_WS/install/my_interfaces/share/my_interfaces/cmake/export_my_interfaces__rosidl_typesupport_fastrtps_cppExport-noconfig.cmake
[9.349s] -- Installing: /home/tanawatp/FRA501_61_WS/install/my_interfaces/share/my_interfaces/cmake/my_interfaces__rosidl_typesupport_introspection_cExport.cmake
[9.350s] -- Installing: /home/tanawatp/FRA501_61_WS/install/my_interfaces/share/my_interfaces/cmake/my_interfaces__rosidl_typesupport_introspection_cExport-noconfig.cmake
[9.350s] -- Installing: /home/tanawatp/FRA501_61_WS/install/my_interfaces/share/my_interfaces/cmake/my_interfaces__rosidl_typesupport_cExport.cmake
[9.350s] -- Installing: /home/tanawatp/FRA501_61_WS/install/my_interfaces/share/my_interfaces/cmake/my_interfaces__rosidl_typesupport_cExport-noconfig.cmake
[9.350s] -- Installing: /home/tanawatp/FRA501_61_WS/install/my_interfaces/share/my_interfaces/cmake/my_interfaces__rosidl_typesupport_introspection_cppExport.cmake
[9.351s] -- Installing: /home/tanawatp/FRA501_61_WS/install/my_interfaces/share/my_interfaces/cmake/my_interfaces__rosidl_typesupport_introspection_cppExport-noconfig.cmake
[9.351s] -- Installing: /home/tanawatp/FRA501_61_WS/install/my_interfaces/share/my_interfaces/cmake/my_interfaces__rosidl_typesupport_cppExport.cmake
[9.351s] -- Installing: /home/tanawatp/FRA501_61_WS/install/my_interfaces/share/my_interfaces/cmake/my_interfaces__rosidl_typesupport_cppExport-noconfig.cmake
[9.352s] -- Installing: /home/tanawatp/FRA501_61_WS/install/my_interfaces/share/my_interfaces/cmake/export_my_interfaces__rosidl_generator_pyExport.cmake
[9.352s] -- Installing: /home/tanawatp/FRA501_61_WS/install/my_interfaces/share/my_interfaces/cmake/export_my_interfaces__rosidl_generator_pyExport-noconfig.cmake
[9.352s] -- Installing: /home/tanawatp/FRA501_61_WS/install/my_interfaces/share/my_interfaces/cmake/rosidl_cmake-extras.cmake
[9.352s] -- Installing: /home/tanawatp/FRA501_61_WS/install/my_interfaces/share/my_interfaces/cmake/ament_cmake_export_dependencies-extras.cmake
[9.353s] -- Installing: /home/tanawatp/FRA501_61_WS/install/my_interfaces/share/my_interfaces/cmake/ament_cmake_export_include_directories-extras.cmake
[9.353s] -- Installing: /home/tanawatp/FRA501_61_WS/install/my_interfaces/share/my_interfaces/cmake/ament_cmake_export_libraries-extras.cmake
[9.353s] -- Installing: /home/tanawatp/FRA501_61_WS/install/my_interfaces/share/my_interfaces/cmake/ament_cmake_export_targets-extras.cmake
[9.354s] -- Installing: /home/tanawatp/FRA501_61_WS/install/my_interfaces/share/my_interfaces/cmake/rosidl_cmake_export_typesupport_targets-extras.cmake
[9.354s] -- Installing: /home/tanawatp/FRA501_61_WS/install/my_interfaces/share/my_interfaces/cmake/rosidl_cmake_export_typesupport_libraries-extras.cmake
[9.354s] -- Installing: /home/tanawatp/FRA501_61_WS/install/my_interfaces/share/my_interfaces/cmake/my_interfacesConfig.cmake
[9.354s] -- Installing: /home/tanawatp/FRA501_61_WS/install/my_interfaces/share/my_interfaces/cmake/my_interfacesConfig-version.cmake
[9.355s] -- Installing: /home/tanawatp/FRA501_61_WS/install/my_interfaces/share/my_interfaces/package.xml
[9.361s] Invoked command in '/home/tanawatp/FRA501_61_WS/build/my_interfaces' returned '0': CMAKE_PREFIX_PATH=${CMAKE_PREFIX_PATH}:/home/tanawatp/ros2_workspaceTutorial/install/robot_controller:/opt/ros/humble /usr/bin/cmake --install /home/tanawatp/FRA501_61_WS/build/my_interfaces
