[0.067s] Invoking command in '/home/tanawatp/FRA501_61_WS/build/my_interfaces': CMAKE_PREFIX_PATH=${CMAKE_PREFIX_PATH}:/home/tanawatp/ros2_workspaceTutorial/install/robot_controller:/opt/ros/humble /usr/bin/cmake --build /home/tanawatp/FRA501_61_WS/build/my_interfaces -- -j8 -l8
[0.163s] [  2%] Built target my_interfaces__cpp
[0.192s] [ 12%] Built target my_interfaces__rosidl_generator_c
[0.203s] [ 12%] Built target ament_cmake_python_copy_my_interfaces
[0.248s] [ 23%] Built target my_interfaces__rosidl_typesupport_fastrtps_cpp
[0.264s] [ 33%] Built target my_interfaces__rosidl_typesupport_cpp
[0.264s] [ 43%] Built target my_interfaces__rosidl_typesupport_introspection_cpp
[0.284s] [ 53%] Built target my_interfaces__rosidl_typesupport_introspection_c
[0.289s] [ 64%] Built target my_interfaces__rosidl_typesupport_fastrtps_c
[0.313s] [ 74%] Built target my_interfaces__rosidl_typesupport_c
[0.352s] [ 74%] Built target my_interfaces
[0.393s] [ 76%] Built target my_interfaces__py
[0.460s] [ 84%] Built target my_interfaces__rosidl_generator_py
[0.540s] [ 89%] Built target my_interfaces__rosidl_typesupport_fastrtps_c__pyext
[0.554s] [ 94%] Built target my_interfaces__rosidl_typesupport_introspection_c__pyext
[0.558s] [100%] Built target my_interfaces__rosidl_typesupport_c__pyext
[0.784s] running egg_info
[0.785s] writing my_interfaces.egg-info/PKG-INFO
[0.786s] writing dependency_links to my_interfaces.egg-info/dependency_links.txt
[0.786s] writing top-level names to my_interfaces.egg-info/top_level.txt
[0.789s] reading manifest file 'my_interfaces.egg-info/SOURCES.txt'
[0.790s] writing manifest file 'my_interfaces.egg-info/SOURCES.txt'
[0.857s] [100%] Built target ament_cmake_python_build_my_interfaces_egg
[0.885s] Invoked command in '/home/tanawatp/FRA501_61_WS/build/my_interfaces' returned '0': CMAKE_PREFIX_PATH=${CMAKE_PREFIX_PATH}:/home/tanawatp/ros2_workspaceTutorial/install/robot_controller:/opt/ros/humble /usr/bin/cmake --build /home/tanawatp/FRA501_61_WS/build/my_interfaces -- -j8 -l8
[1.015s] Invoking command in '/home/tanawatp/FRA501_61_WS/build/my_interfaces': CMAKE_PREFIX_PATH=${CMAKE_PREFIX_PATH}:/home/tanawatp/ros2_workspaceTutorial/install/robot_controller:/opt/ros/humble /usr/bin/cmake --install /home/tanawatp/FRA501_61_WS/build/my_interfaces
[1.036s] -- Install configuration: ""
[1.036s] -- Up-to-date: /home/tanawatp/FRA501_61_WS/install/my_interfaces/share/ament_index/resource_index/rosidl_interfaces/my_interfaces
[1.036s] -- Up-to-date: /home/tanawatp/FRA501_61_WS/install/my_interfaces/include/my_interfaces/my_interfaces
[1.037s] -- Up-to-date: /home/tanawatp/FRA501_61_WS/install/my_interfaces/include/my_interfaces/my_interfaces/srv
[1.037s] -- Up-to-date: /home/tanawatp/FRA501_61_WS/install/my_interfaces/include/my_interfaces/my_interfaces/srv/set_target.h
[1.037s] -- Up-to-date: /home/tanawatp/FRA501_61_WS/install/my_interfaces/include/my_interfaces/my_interfaces/srv/im_done.h
[1.037s] -- Up-to-date: /home/tanawatp/FRA501_61_WS/install/my_interfaces/include/my_interfaces/my_interfaces/srv/detail
[1.037s] -- Up-to-date: /home/tanawatp/FRA501_61_WS/install/my_interfaces/include/my_interfaces/my_interfaces/srv/detail/im_done__type_support.h
[1.038s] -- Up-to-date: /home/tanawatp/FRA501_61_WS/install/my_interfaces/include/my_interfaces/my_interfaces/srv/detail/set_target__type_support.h
[1.038s] -- Up-to-date: /home/tanawatp/FRA501_61_WS/install/my_interfaces/include/my_interfaces/my_interfaces/srv/detail/im_done__functions.h
[1.038s] -- Up-to-date: /home/tanawatp/FRA501_61_WS/install/my_interfaces/include/my_interfaces/my_interfaces/srv/detail/im_done__functions.c
[1.038s] -- Up-to-date: /home/tanawatp/FRA501_61_WS/install/my_interfaces/include/my_interfaces/my_interfaces/srv/detail/set_target__functions.c
[1.038s] -- Up-to-date: /home/tanawatp/FRA501_61_WS/install/my_interfaces/include/my_interfaces/my_interfaces/srv/detail/set_target__struct.h
[1.038s] -- Up-to-date: /home/tanawatp/FRA501_61_WS/install/my_interfaces/include/my_interfaces/my_interfaces/srv/detail/set_target__functions.h
[1.039s] -- Up-to-date: /home/tanawatp/FRA501_61_WS/install/my_interfaces/include/my_interfaces/my_interfaces/srv/detail/im_done__struct.h
[1.039s] -- Up-to-date: /home/tanawatp/FRA501_61_WS/install/my_interfaces/include/my_interfaces/my_interfaces/msg
[1.039s] -- Up-to-date: /home/tanawatp/FRA501_61_WS/install/my_interfaces/include/my_interfaces/my_interfaces/msg/rosidl_generator_c__visibility_control.h
[1.039s] -- Up-to-date: /home/tanawatp/FRA501_61_WS/install/my_interfaces/share/my_interfaces/environment/library_path.sh
[1.039s] -- Up-to-date: /home/tanawatp/FRA501_61_WS/install/my_interfaces/share/my_interfaces/environment/library_path.dsv
[1.039s] -- Up-to-date: /home/tanawatp/FRA501_61_WS/install/my_interfaces/lib/libmy_interfaces__rosidl_generator_c.so
[1.039s] -- Up-to-date: /home/tanawatp/FRA501_61_WS/install/my_interfaces/include/my_interfaces/my_interfaces
[1.039s] -- Up-to-date: /home/tanawatp/FRA501_61_WS/install/my_interfaces/include/my_interfaces/my_interfaces/srv
[1.039s] -- Up-to-date: /home/tanawatp/FRA501_61_WS/install/my_interfaces/include/my_interfaces/my_interfaces/srv/detail
[1.040s] -- Up-to-date: /home/tanawatp/FRA501_61_WS/install/my_interfaces/include/my_interfaces/my_interfaces/srv/detail/set_target__rosidl_typesupport_fastrtps_c.h
[1.040s] -- Up-to-date: /home/tanawatp/FRA501_61_WS/install/my_interfaces/include/my_interfaces/my_interfaces/srv/detail/im_done__rosidl_typesupport_fastrtps_c.h
[1.040s] -- Up-to-date: /home/tanawatp/FRA501_61_WS/install/my_interfaces/include/my_interfaces/my_interfaces/msg
[1.040s] -- Up-to-date: /home/tanawatp/FRA501_61_WS/install/my_interfaces/include/my_interfaces/my_interfaces/msg/rosidl_typesupport_fastrtps_c__visibility_control.h
[1.040s] -- Up-to-date: /home/tanawatp/FRA501_61_WS/install/my_interfaces/lib/libmy_interfaces__rosidl_typesupport_fastrtps_c.so
[1.041s] -- Up-to-date: /home/tanawatp/FRA501_61_WS/install/my_interfaces/include/my_interfaces/my_interfaces
[1.041s] -- Up-to-date: /home/tanawatp/FRA501_61_WS/install/my_interfaces/include/my_interfaces/my_interfaces/srv
[1.041s] -- Up-to-date: /home/tanawatp/FRA501_61_WS/install/my_interfaces/include/my_interfaces/my_interfaces/srv/im_done.hpp
[1.041s] -- Up-to-date: /home/tanawatp/FRA501_61_WS/install/my_interfaces/include/my_interfaces/my_interfaces/srv/detail
[1.041s] -- Up-to-date: /home/tanawatp/FRA501_61_WS/install/my_interfaces/include/my_interfaces/my_interfaces/srv/detail/set_target__traits.hpp
[1.041s] -- Up-to-date: /home/tanawatp/FRA501_61_WS/install/my_interfaces/include/my_interfaces/my_interfaces/srv/detail/im_done__traits.hpp
[1.041s] -- Up-to-date: /home/tanawatp/FRA501_61_WS/install/my_interfaces/include/my_interfaces/my_interfaces/srv/detail/set_target__struct.hpp
[1.041s] -- Up-to-date: /home/tanawatp/FRA501_61_WS/install/my_interfaces/include/my_interfaces/my_interfaces/srv/detail/set_target__builder.hpp
[1.041s] -- Up-to-date: /home/tanawatp/FRA501_61_WS/install/my_interfaces/include/my_interfaces/my_interfaces/srv/detail/im_done__struct.hpp
[1.041s] -- Up-to-date: /home/tanawatp/FRA501_61_WS/install/my_interfaces/include/my_interfaces/my_interfaces/srv/detail/im_done__builder.hpp
[1.042s] -- Up-to-date: /home/tanawatp/FRA501_61_WS/install/my_interfaces/include/my_interfaces/my_interfaces/srv/set_target.hpp
[1.042s] -- Up-to-date: /home/tanawatp/FRA501_61_WS/install/my_interfaces/include/my_interfaces/my_interfaces
[1.042s] -- Up-to-date: /home/tanawatp/FRA501_61_WS/install/my_interfaces/include/my_interfaces/my_interfaces/srv
[1.042s] -- Up-to-date: /home/tanawatp/FRA501_61_WS/install/my_interfaces/include/my_interfaces/my_interfaces/srv/detail
[1.042s] -- Up-to-date: /home/tanawatp/FRA501_61_WS/install/my_interfaces/include/my_interfaces/my_interfaces/srv/detail/im_done__rosidl_typesupport_fastrtps_cpp.hpp
[1.045s] -- Up-to-date: /home/tanawatp/FRA501_61_WS/install/my_interfaces/include/my_interfaces/my_interfaces/srv/detail/set_target__rosidl_typesupport_fastrtps_cpp.hpp
[1.045s] -- Up-to-date: /home/tanawatp/FRA501_61_WS/install/my_interfaces/include/my_interfaces/my_interfaces/srv/detail/dds_fastrtps
[1.045s] -- Up-to-date: /home/tanawatp/FRA501_61_WS/install/my_interfaces/include/my_interfaces/my_interfaces/msg
[1.045s] -- Up-to-date: /home/tanawatp/FRA501_61_WS/install/my_interfaces/include/my_interfaces/my_interfaces/msg/rosidl_typesupport_fastrtps_cpp__visibility_control.h
[1.046s] -- Up-to-date: /home/tanawatp/FRA501_61_WS/install/my_interfaces/lib/libmy_interfaces__rosidl_typesupport_fastrtps_cpp.so
[1.046s] -- Up-to-date: /home/tanawatp/FRA501_61_WS/install/my_interfaces/include/my_interfaces/my_interfaces
[1.046s] -- Up-to-date: /home/tanawatp/FRA501_61_WS/install/my_interfaces/include/my_interfaces/my_interfaces/srv
[1.046s] -- Up-to-date: /home/tanawatp/FRA501_61_WS/install/my_interfaces/include/my_interfaces/my_interfaces/srv/detail
[1.046s] -- Up-to-date: /home/tanawatp/FRA501_61_WS/install/my_interfaces/include/my_interfaces/my_interfaces/srv/detail/im_done__type_support.c
[1.046s] -- Up-to-date: /home/tanawatp/FRA501_61_WS/install/my_interfaces/include/my_interfaces/my_interfaces/srv/detail/im_done__rosidl_typesupport_introspection_c.h
[1.047s] -- Up-to-date: /home/tanawatp/FRA501_61_WS/install/my_interfaces/include/my_interfaces/my_interfaces/srv/detail/set_target__rosidl_typesupport_introspection_c.h
[1.047s] -- Up-to-date: /home/tanawatp/FRA501_61_WS/install/my_interfaces/include/my_interfaces/my_interfaces/srv/detail/set_target__type_support.c
[1.047s] -- Up-to-date: /home/tanawatp/FRA501_61_WS/install/my_interfaces/include/my_interfaces/my_interfaces/msg
[1.047s] -- Up-to-date: /home/tanawatp/FRA501_61_WS/install/my_interfaces/include/my_interfaces/my_interfaces/msg/rosidl_typesupport_introspection_c__visibility_control.h
[1.047s] -- Up-to-date: /home/tanawatp/FRA501_61_WS/install/my_interfaces/lib/libmy_interfaces__rosidl_typesupport_introspection_c.so
[1.051s] -- Up-to-date: /home/tanawatp/FRA501_61_WS/install/my_interfaces/lib/libmy_interfaces__rosidl_typesupport_c.so
[1.052s] -- Up-to-date: /home/tanawatp/FRA501_61_WS/install/my_interfaces/include/my_interfaces/my_interfaces
[1.052s] -- Up-to-date: /home/tanawatp/FRA501_61_WS/install/my_interfaces/include/my_interfaces/my_interfaces/srv
[1.052s] -- Up-to-date: /home/tanawatp/FRA501_61_WS/install/my_interfaces/include/my_interfaces/my_interfaces/srv/detail
[1.052s] -- Up-to-date: /home/tanawatp/FRA501_61_WS/install/my_interfaces/include/my_interfaces/my_interfaces/srv/detail/im_done__rosidl_typesupport_introspection_cpp.hpp
[1.052s] -- Up-to-date: /home/tanawatp/FRA501_61_WS/install/my_interfaces/include/my_interfaces/my_interfaces/srv/detail/set_target__type_support.cpp
[1.052s] -- Up-to-date: /home/tanawatp/FRA501_61_WS/install/my_interfaces/include/my_interfaces/my_interfaces/srv/detail/im_done__type_support.cpp
[1.052s] -- Up-to-date: /home/tanawatp/FRA501_61_WS/install/my_interfaces/include/my_interfaces/my_interfaces/srv/detail/set_target__rosidl_typesupport_introspection_cpp.hpp
[1.053s] -- Up-to-date: /home/tanawatp/FRA501_61_WS/install/my_interfaces/lib/libmy_interfaces__rosidl_typesupport_introspection_cpp.so
[1.056s] -- Up-to-date: /home/tanawatp/FRA501_61_WS/install/my_interfaces/lib/libmy_interfaces__rosidl_typesupport_cpp.so
[1.056s] -- Up-to-date: /home/tanawatp/FRA501_61_WS/install/my_interfaces/share/my_interfaces/environment/pythonpath.sh
[1.057s] -- Up-to-date: /home/tanawatp/FRA501_61_WS/install/my_interfaces/share/my_interfaces/environment/pythonpath.dsv
[1.057s] -- Up-to-date: /home/tanawatp/FRA501_61_WS/install/my_interfaces/local/lib/python3.10/dist-packages/my_interfaces-0.0.0-py3.10.egg-info
[1.057s] -- Installing: /home/tanawatp/FRA501_61_WS/install/my_interfaces/local/lib/python3.10/dist-packages/my_interfaces-0.0.0-py3.10.egg-info/dependency_links.txt
[1.058s] -- Installing: /home/tanawatp/FRA501_61_WS/install/my_interfaces/local/lib/python3.10/dist-packages/my_interfaces-0.0.0-py3.10.egg-info/top_level.txt
[1.058s] -- Installing: /home/tanawatp/FRA501_61_WS/install/my_interfaces/local/lib/python3.10/dist-packages/my_interfaces-0.0.0-py3.10.egg-info/PKG-INFO
[1.058s] -- Installing: /home/tanawatp/FRA501_61_WS/install/my_interfaces/local/lib/python3.10/dist-packages/my_interfaces-0.0.0-py3.10.egg-info/SOURCES.txt
[1.059s] -- Up-to-date: /home/tanawatp/FRA501_61_WS/install/my_interfaces/local/lib/python3.10/dist-packages/my_interfaces
[1.059s] -- Up-to-date: /home/tanawatp/FRA501_61_WS/install/my_interfaces/local/lib/python3.10/dist-packages/my_interfaces/_my_interfaces_s.ep.rosidl_typesupport_fastrtps_c.c
[1.059s] -- Up-to-date: /home/tanawatp/FRA501_61_WS/install/my_interfaces/local/lib/python3.10/dist-packages/my_interfaces/_my_interfaces_s.ep.rosidl_typesupport_introspection_c.c
[1.059s] -- Up-to-date: /home/tanawatp/FRA501_61_WS/install/my_interfaces/local/lib/python3.10/dist-packages/my_interfaces/srv
[1.059s] -- Up-to-date: /home/tanawatp/FRA501_61_WS/install/my_interfaces/local/lib/python3.10/dist-packages/my_interfaces/srv/_set_target_s.c
[1.060s] -- Up-to-date: /home/tanawatp/FRA501_61_WS/install/my_interfaces/local/lib/python3.10/dist-packages/my_interfaces/srv/_set_target.py
[1.060s] -- Up-to-date: /home/tanawatp/FRA501_61_WS/install/my_interfaces/local/lib/python3.10/dist-packages/my_interfaces/srv/_im_done.py
[1.060s] -- Up-to-date: /home/tanawatp/FRA501_61_WS/install/my_interfaces/local/lib/python3.10/dist-packages/my_interfaces/srv/_im_done_s.c
[1.061s] -- Up-to-date: /home/tanawatp/FRA501_61_WS/install/my_interfaces/local/lib/python3.10/dist-packages/my_interfaces/srv/__init__.py
[1.061s] -- Up-to-date: /home/tanawatp/FRA501_61_WS/install/my_interfaces/local/lib/python3.10/dist-packages/my_interfaces/_my_interfaces_s.ep.rosidl_typesupport_c.c
[1.062s] -- Up-to-date: /home/tanawatp/FRA501_61_WS/install/my_interfaces/local/lib/python3.10/dist-packages/my_interfaces/my_interfaces_s__rosidl_typesupport_introspection_c.cpython-310-x86_64-linux-gnu.so
[1.063s] -- Up-to-date: /home/tanawatp/FRA501_61_WS/install/my_interfaces/local/lib/python3.10/dist-packages/my_interfaces/my_interfaces_s__rosidl_typesupport_fastrtps_c.cpython-310-x86_64-linux-gnu.so
[1.064s] -- Up-to-date: /home/tanawatp/FRA501_61_WS/install/my_interfaces/local/lib/python3.10/dist-packages/my_interfaces/my_interfaces_s__rosidl_typesupport_c.cpython-310-x86_64-linux-gnu.so
[1.067s] -- Up-to-date: /home/tanawatp/FRA501_61_WS/install/my_interfaces/local/lib/python3.10/dist-packages/my_interfaces/libmy_interfaces__rosidl_generator_py.so
[1.067s] -- Up-to-date: /home/tanawatp/FRA501_61_WS/install/my_interfaces/local/lib/python3.10/dist-packages/my_interfaces/__init__.py
[1.111s] Listing '/home/tanawatp/FRA501_61_WS/install/my_interfaces/local/lib/python3.10/dist-packages/my_interfaces'...
[1.111s] Listing '/home/tanawatp/FRA501_61_WS/install/my_interfaces/local/lib/python3.10/dist-packages/my_interfaces/srv'...
[1.115s] -- Up-to-date: /home/tanawatp/FRA501_61_WS/install/my_interfaces/local/lib/python3.10/dist-packages/my_interfaces/my_interfaces_s__rosidl_typesupport_fastrtps_c.cpython-310-x86_64-linux-gnu.so
[1.115s] -- Up-to-date: /home/tanawatp/FRA501_61_WS/install/my_interfaces/local/lib/python3.10/dist-packages/my_interfaces/my_interfaces_s__rosidl_typesupport_introspection_c.cpython-310-x86_64-linux-gnu.so
[1.115s] -- Up-to-date: /home/tanawatp/FRA501_61_WS/install/my_interfaces/local/lib/python3.10/dist-packages/my_interfaces/my_interfaces_s__rosidl_typesupport_c.cpython-310-x86_64-linux-gnu.so
[1.115s] -- Up-to-date: /home/tanawatp/FRA501_61_WS/install/my_interfaces/lib/libmy_interfaces__rosidl_generator_py.so
[1.115s] -- Up-to-date: /home/tanawatp/FRA501_61_WS/install/my_interfaces/share/my_interfaces/srv/SetTarget.idl
[1.115s] -- Up-to-date: /home/tanawatp/FRA501_61_WS/install/my_interfaces/share/my_interfaces/srv/ImDone.idl
[1.115s] -- Up-to-date: /home/tanawatp/FRA501_61_WS/install/my_interfaces/share/my_interfaces/srv/SetTarget.srv
[1.115s] -- Up-to-date: /home/tanawatp/FRA501_61_WS/install/my_interfaces/share/my_interfaces/srv/SetTarget_Request.msg
[1.115s] -- Up-to-date: /home/tanawatp/FRA501_61_WS/install/my_interfaces/share/my_interfaces/srv/SetTarget_Response.msg
[1.115s] -- Up-to-date: /home/tanawatp/FRA501_61_WS/install/my_interfaces/share/my_interfaces/srv/ImDone.srv
[1.116s] -- Up-to-date: /home/tanawatp/FRA501_61_WS/install/my_interfaces/share/my_interfaces/srv/ImDone_Request.msg
[1.116s] -- Up-to-date: /home/tanawatp/FRA501_61_WS/install/my_interfaces/share/my_interfaces/srv/ImDone_Response.msg
[1.116s] -- Up-to-date: /home/tanawatp/FRA501_61_WS/install/my_interfaces/share/ament_index/resource_index/package_run_dependencies/my_interfaces
[1.116s] -- Up-to-date: /home/tanawatp/FRA501_61_WS/install/my_interfaces/share/ament_index/resource_index/parent_prefix_path/my_interfaces
[1.116s] -- Up-to-date: /home/tanawatp/FRA501_61_WS/install/my_interfaces/share/my_interfaces/environment/ament_prefix_path.sh
[1.116s] -- Up-to-date: /home/tanawatp/FRA501_61_WS/install/my_interfaces/share/my_interfaces/environment/ament_prefix_path.dsv
[1.116s] -- Up-to-date: /home/tanawatp/FRA501_61_WS/install/my_interfaces/share/my_interfaces/environment/path.sh
[1.116s] -- Up-to-date: /home/tanawatp/FRA501_61_WS/install/my_interfaces/share/my_interfaces/environment/path.dsv
[1.116s] -- Up-to-date: /home/tanawatp/FRA501_61_WS/install/my_interfaces/share/my_interfaces/local_setup.bash
[1.116s] -- Up-to-date: /home/tanawatp/FRA501_61_WS/install/my_interfaces/share/my_interfaces/local_setup.sh
[1.117s] -- Up-to-date: /home/tanawatp/FRA501_61_WS/install/my_interfaces/share/my_interfaces/local_setup.zsh
[1.117s] -- Up-to-date: /home/tanawatp/FRA501_61_WS/install/my_interfaces/share/my_interfaces/local_setup.dsv
[1.117s] -- Installing: /home/tanawatp/FRA501_61_WS/install/my_interfaces/share/my_interfaces/package.dsv
[1.117s] -- Up-to-date: /home/tanawatp/FRA501_61_WS/install/my_interfaces/share/ament_index/resource_index/packages/my_interfaces
[1.118s] -- Up-to-date: /home/tanawatp/FRA501_61_WS/install/my_interfaces/share/my_interfaces/cmake/export_my_interfaces__rosidl_generator_cExport.cmake
[1.118s] -- Up-to-date: /home/tanawatp/FRA501_61_WS/install/my_interfaces/share/my_interfaces/cmake/export_my_interfaces__rosidl_generator_cExport-noconfig.cmake
[1.118s] -- Up-to-date: /home/tanawatp/FRA501_61_WS/install/my_interfaces/share/my_interfaces/cmake/export_my_interfaces__rosidl_typesupport_fastrtps_cExport.cmake
[1.120s] -- Up-to-date: /home/tanawatp/FRA501_61_WS/install/my_interfaces/share/my_interfaces/cmake/export_my_interfaces__rosidl_typesupport_fastrtps_cExport-noconfig.cmake
[1.121s] -- Up-to-date: /home/tanawatp/FRA501_61_WS/install/my_interfaces/share/my_interfaces/cmake/export_my_interfaces__rosidl_generator_cppExport.cmake
[1.121s] -- Up-to-date: /home/tanawatp/FRA501_61_WS/install/my_interfaces/share/my_interfaces/cmake/export_my_interfaces__rosidl_typesupport_fastrtps_cppExport.cmake
[1.121s] -- Up-to-date: /home/tanawatp/FRA501_61_WS/install/my_interfaces/share/my_interfaces/cmake/export_my_interfaces__rosidl_typesupport_fastrtps_cppExport-noconfig.cmake
[1.122s] -- Up-to-date: /home/tanawatp/FRA501_61_WS/install/my_interfaces/share/my_interfaces/cmake/my_interfaces__rosidl_typesupport_introspection_cExport.cmake
[1.122s] -- Up-to-date: /home/tanawatp/FRA501_61_WS/install/my_interfaces/share/my_interfaces/cmake/my_interfaces__rosidl_typesupport_introspection_cExport-noconfig.cmake
[1.122s] -- Up-to-date: /home/tanawatp/FRA501_61_WS/install/my_interfaces/share/my_interfaces/cmake/my_interfaces__rosidl_typesupport_cExport.cmake
[1.123s] -- Up-to-date: /home/tanawatp/FRA501_61_WS/install/my_interfaces/share/my_interfaces/cmake/my_interfaces__rosidl_typesupport_cExport-noconfig.cmake
[1.123s] -- Up-to-date: /home/tanawatp/FRA501_61_WS/install/my_interfaces/share/my_interfaces/cmake/my_interfaces__rosidl_typesupport_introspection_cppExport.cmake
[1.123s] -- Up-to-date: /home/tanawatp/FRA501_61_WS/install/my_interfaces/share/my_interfaces/cmake/my_interfaces__rosidl_typesupport_introspection_cppExport-noconfig.cmake
[1.123s] -- Up-to-date: /home/tanawatp/FRA501_61_WS/install/my_interfaces/share/my_interfaces/cmake/my_interfaces__rosidl_typesupport_cppExport.cmake
[1.124s] -- Up-to-date: /home/tanawatp/FRA501_61_WS/install/my_interfaces/share/my_interfaces/cmake/my_interfaces__rosidl_typesupport_cppExport-noconfig.cmake
[1.124s] -- Up-to-date: /home/tanawatp/FRA501_61_WS/install/my_interfaces/share/my_interfaces/cmake/export_my_interfaces__rosidl_generator_pyExport.cmake
[1.124s] -- Up-to-date: /home/tanawatp/FRA501_61_WS/install/my_interfaces/share/my_interfaces/cmake/export_my_interfaces__rosidl_generator_pyExport-noconfig.cmake
[1.127s] -- Up-to-date: /home/tanawatp/FRA501_61_WS/install/my_interfaces/share/my_interfaces/cmake/rosidl_cmake-extras.cmake
[1.127s] -- Up-to-date: /home/tanawatp/FRA501_61_WS/install/my_interfaces/share/my_interfaces/cmake/ament_cmake_export_dependencies-extras.cmake
[1.128s] -- Up-to-date: /home/tanawatp/FRA501_61_WS/install/my_interfaces/share/my_interfaces/cmake/ament_cmake_export_include_directories-extras.cmake
[1.128s] -- Up-to-date: /home/tanawatp/FRA501_61_WS/install/my_interfaces/share/my_interfaces/cmake/ament_cmake_export_libraries-extras.cmake
[1.128s] -- Up-to-date: /home/tanawatp/FRA501_61_WS/install/my_interfaces/share/my_interfaces/cmake/ament_cmake_export_targets-extras.cmake
[1.128s] -- Up-to-date: /home/tanawatp/FRA501_61_WS/install/my_interfaces/share/my_interfaces/cmake/rosidl_cmake_export_typesupport_targets-extras.cmake
[1.128s] -- Up-to-date: /home/tanawatp/FRA501_61_WS/install/my_interfaces/share/my_interfaces/cmake/rosidl_cmake_export_typesupport_libraries-extras.cmake
[1.129s] -- Up-to-date: /home/tanawatp/FRA501_61_WS/install/my_interfaces/share/my_interfaces/cmake/my_interfacesConfig.cmake
[1.129s] -- Up-to-date: /home/tanawatp/FRA501_61_WS/install/my_interfaces/share/my_interfaces/cmake/my_interfacesConfig-version.cmake
[1.129s] -- Up-to-date: /home/tanawatp/FRA501_61_WS/install/my_interfaces/share/my_interfaces/package.xml
[1.166s] Invoked command in '/home/tanawatp/FRA501_61_WS/build/my_interfaces' returned '0': CMAKE_PREFIX_PATH=${CMAKE_PREFIX_PATH}:/home/tanawatp/ros2_workspaceTutorial/install/robot_controller:/opt/ros/humble /usr/bin/cmake --install /home/tanawatp/FRA501_61_WS/build/my_interfaces
