[0.058s] Invoking command in '/home/tanawatp/FRA501_61_WS/build/turtlesim_plus': CMAKE_PREFIX_PATH=${CMAKE_PREFIX_PATH}:/home/tanawatp/ros2_workspaceTutorial/install/robot_controller:/opt/ros/humble /usr/bin/cmake /home/tanawatp/FRA501_61_WS/src/turtlesim_plus/turtlesim_plus -DCMAKE_INSTALL_PREFIX=/home/tanawatp/FRA501_61_WS/install/turtlesim_plus
[0.168s] -- The C compiler identification is GNU 11.4.0
[0.279s] -- The CXX compiler identification is GNU 11.4.0
[0.292s] -- Detecting C compiler ABI info
[0.424s] -- Detecting C compiler ABI info - done
[0.436s] -- Check for working C compiler: /usr/bin/cc - skipped
[0.437s] -- Detecting C compile features
[0.437s] -- Detecting C compile features - done
[0.442s] -- Detecting CXX compiler ABI info
[0.581s] -- Detecting CXX compiler ABI info - done
[0.596s] -- Check for working CXX compiler: /usr/bin/c++ - skipped
[0.596s] -- Detecting CXX compile features
[0.598s] -- Detecting CXX compile features - done
[0.602s] -- Found ament_cmake: 1.3.5 (/opt/ros/humble/share/ament_cmake/cmake)
[0.960s] -- Found Python3: /usr/bin/python3.10 (found version "3.10.12") found components: Interpreter 
[1.144s] -- Found rclcpp: 16.0.5 (/opt/ros/humble/share/rclcpp/cmake)
[1.219s] -- Found rosidl_generator_c: 3.1.5 (/opt/ros/humble/share/rosidl_generator_c/cmake)
[1.228s] -- Found rosidl_adapter: 3.1.5 (/opt/ros/humble/share/rosidl_adapter/cmake)
[1.245s] -- Found rosidl_generator_cpp: 3.1.5 (/opt/ros/humble/share/rosidl_generator_cpp/cmake)
[1.272s] -- Using all available rosidl_typesupport_c: rosidl_typesupport_fastrtps_c;rosidl_typesupport_introspection_c
[1.309s] -- Using all available rosidl_typesupport_cpp: rosidl_typesupport_fastrtps_cpp;rosidl_typesupport_introspection_cpp
[1.446s] -- Found rmw_implementation_cmake: 6.1.1 (/opt/ros/humble/share/rmw_implementation_cmake/cmake)
[1.452s] -- Found rmw_fastrtps_cpp: 6.2.3 (/opt/ros/humble/share/rmw_fastrtps_cpp/cmake)
[1.628s] -- Found OpenSSL: /usr/lib/x86_64-linux-gnu/libcrypto.so (found version "3.0.2")  
[1.675s] -- Found FastRTPS: /opt/ros/humble/include  
[1.755s] -- Using RMW implementation 'rmw_fastrtps_cpp' as default
[1.774s] -- Looking for pthread.h
[1.896s] -- Looking for pthread.h - found
[1.897s] -- Performing Test CMAKE_HAVE_LIBC_PTHREAD
[2.025s] -- Performing Test CMAKE_HAVE_LIBC_PTHREAD - Success
[2.027s] -- Found Threads: TRUE  
[2.342s] -- Found rclpy: 3.3.9 (/opt/ros/humble/share/rclpy/cmake)
[2.636s] -- Configuring done
[2.645s] -- Generating done
[2.648s] -- Build files have been written to: /home/tanawatp/FRA501_61_WS/build/turtlesim_plus
[2.668s] Invoked command in '/home/tanawatp/FRA501_61_WS/build/turtlesim_plus' returned '0': CMAKE_PREFIX_PATH=${CMAKE_PREFIX_PATH}:/home/tanawatp/ros2_workspaceTutorial/install/robot_controller:/opt/ros/humble /usr/bin/cmake /home/tanawatp/FRA501_61_WS/src/turtlesim_plus/turtlesim_plus -DCMAKE_INSTALL_PREFIX=/home/tanawatp/FRA501_61_WS/install/turtlesim_plus
[2.668s] Invoking command in '/home/tanawatp/FRA501_61_WS/build/turtlesim_plus': CMAKE_PREFIX_PATH=${CMAKE_PREFIX_PATH}:/home/tanawatp/ros2_workspaceTutorial/install/robot_controller:/opt/ros/humble /usr/bin/cmake --build /home/tanawatp/FRA501_61_WS/build/turtlesim_plus -- -j8 -l8
[2.767s] Built target ament_cmake_python_copy_turtlesim_plus
[3.537s] running egg_info
[3.540s] creating turtlesim_plus.egg-info
[3.540s] writing turtlesim_plus.egg-info/PKG-INFO
[3.543s] writing dependency_links to turtlesim_plus.egg-info/dependency_links.txt
[3.543s] writing top-level names to turtlesim_plus.egg-info/top_level.txt
[3.544s] writing manifest file 'turtlesim_plus.egg-info/SOURCES.txt'
[3.549s] reading manifest file 'turtlesim_plus.egg-info/SOURCES.txt'
[3.553s] writing manifest file 'turtlesim_plus.egg-info/SOURCES.txt'
[3.662s] Built target ament_cmake_python_build_turtlesim_plus_egg
[3.686s] Invoked command in '/home/tanawatp/FRA501_61_WS/build/turtlesim_plus' returned '0': CMAKE_PREFIX_PATH=${CMAKE_PREFIX_PATH}:/home/tanawatp/ros2_workspaceTutorial/install/robot_controller:/opt/ros/humble /usr/bin/cmake --build /home/tanawatp/FRA501_61_WS/build/turtlesim_plus -- -j8 -l8
[3.751s] Invoking command in '/home/tanawatp/FRA501_61_WS/build/turtlesim_plus': CMAKE_PREFIX_PATH=${CMAKE_PREFIX_PATH}:/home/tanawatp/ros2_workspaceTutorial/install/robot_controller:/opt/ros/humble /usr/bin/cmake --install /home/tanawatp/FRA501_61_WS/build/turtlesim_plus
[3.765s] -- Install configuration: ""
[3.766s] -- Installing: /home/tanawatp/FRA501_61_WS/install/turtlesim_plus/share/turtlesim_plus/environment/pythonpath.sh
[3.766s] -- Installing: /home/tanawatp/FRA501_61_WS/install/turtlesim_plus/share/turtlesim_plus/environment/pythonpath.dsv
[3.767s] -- Installing: /home/tanawatp/FRA501_61_WS/install/turtlesim_plus/local/lib/python3.10/dist-packages/turtlesim_plus-1.0.0-py3.10.egg-info
[3.768s] -- Installing: /home/tanawatp/FRA501_61_WS/install/turtlesim_plus/local/lib/python3.10/dist-packages/turtlesim_plus-1.0.0-py3.10.egg-info/dependency_links.txt
[3.768s] -- Installing: /home/tanawatp/FRA501_61_WS/install/turtlesim_plus/local/lib/python3.10/dist-packages/turtlesim_plus-1.0.0-py3.10.egg-info/top_level.txt
[3.769s] -- Installing: /home/tanawatp/FRA501_61_WS/install/turtlesim_plus/local/lib/python3.10/dist-packages/turtlesim_plus-1.0.0-py3.10.egg-info/PKG-INFO
[3.769s] -- Installing: /home/tanawatp/FRA501_61_WS/install/turtlesim_plus/local/lib/python3.10/dist-packages/turtlesim_plus-1.0.0-py3.10.egg-info/SOURCES.txt
[3.770s] -- Installing: /home/tanawatp/FRA501_61_WS/install/turtlesim_plus/local/lib/python3.10/dist-packages/turtlesim_plus
[3.770s] -- Installing: /home/tanawatp/FRA501_61_WS/install/turtlesim_plus/local/lib/python3.10/dist-packages/turtlesim_plus/entity.py
[3.771s] -- Installing: /home/tanawatp/FRA501_61_WS/install/turtlesim_plus/local/lib/python3.10/dist-packages/turtlesim_plus/ros2_plugins.py
[3.772s] -- Installing: /home/tanawatp/FRA501_61_WS/install/turtlesim_plus/local/lib/python3.10/dist-packages/turtlesim_plus/image
[3.773s] -- Installing: /home/tanawatp/FRA501_61_WS/install/turtlesim_plus/local/lib/python3.10/dist-packages/turtlesim_plus/image/object
[3.773s] -- Installing: /home/tanawatp/FRA501_61_WS/install/turtlesim_plus/local/lib/python3.10/dist-packages/turtlesim_plus/image/object/pizza.png
[3.774s] -- Installing: /home/tanawatp/FRA501_61_WS/install/turtlesim_plus/local/lib/python3.10/dist-packages/turtlesim_plus/image/object/parcel.png
[3.774s] -- Installing: /home/tanawatp/FRA501_61_WS/install/turtlesim_plus/local/lib/python3.10/dist-packages/turtlesim_plus/image/turtle
[3.775s] -- Installing: /home/tanawatp/FRA501_61_WS/install/turtlesim_plus/local/lib/python3.10/dist-packages/turtlesim_plus/image/turtle/crystal.png
[3.776s] -- Installing: /home/tanawatp/FRA501_61_WS/install/turtlesim_plus/local/lib/python3.10/dist-packages/turtlesim_plus/image/turtle/foxy.png
[3.776s] -- Installing: /home/tanawatp/FRA501_61_WS/install/turtlesim_plus/local/lib/python3.10/dist-packages/turtlesim_plus/image/turtle/ardent.png
[3.777s] -- Installing: /home/tanawatp/FRA501_61_WS/install/turtlesim_plus/local/lib/python3.10/dist-packages/turtlesim_plus/image/turtle/bouncy.png
[3.778s] -- Installing: /home/tanawatp/FRA501_61_WS/install/turtlesim_plus/local/lib/python3.10/dist-packages/turtlesim_plus/image/turtle/galactic.png
[3.778s] -- Installing: /home/tanawatp/FRA501_61_WS/install/turtlesim_plus/local/lib/python3.10/dist-packages/turtlesim_plus/image/turtle/otto.png
[3.779s] -- Installing: /home/tanawatp/FRA501_61_WS/install/turtlesim_plus/local/lib/python3.10/dist-packages/turtlesim_plus/image/turtle/dashing.png
[3.780s] -- Installing: /home/tanawatp/FRA501_61_WS/install/turtlesim_plus/local/lib/python3.10/dist-packages/turtlesim_plus/image/turtle/rolling.png
[3.780s] -- Installing: /home/tanawatp/FRA501_61_WS/install/turtlesim_plus/local/lib/python3.10/dist-packages/turtlesim_plus/image/turtle/humble.png
[3.781s] -- Installing: /home/tanawatp/FRA501_61_WS/install/turtlesim_plus/local/lib/python3.10/dist-packages/turtlesim_plus/image/turtle/eloquent.png
[3.782s] -- Installing: /home/tanawatp/FRA501_61_WS/install/turtlesim_plus/local/lib/python3.10/dist-packages/turtlesim_plus/image/map
[3.782s] -- Installing: /home/tanawatp/FRA501_61_WS/install/turtlesim_plus/local/lib/python3.10/dist-packages/turtlesim_plus/image/map/map.png
[3.783s] -- Installing: /home/tanawatp/FRA501_61_WS/install/turtlesim_plus/local/lib/python3.10/dist-packages/turtlesim_plus/__init__.py
[3.871s] Listing '/home/tanawatp/FRA501_61_WS/install/turtlesim_plus/local/lib/python3.10/dist-packages/turtlesim_plus'...
[3.871s] Compiling '/home/tanawatp/FRA501_61_WS/install/turtlesim_plus/local/lib/python3.10/dist-packages/turtlesim_plus/__init__.py'...
[3.871s] Compiling '/home/tanawatp/FRA501_61_WS/install/turtlesim_plus/local/lib/python3.10/dist-packages/turtlesim_plus/entity.py'...
[3.871s] Listing '/home/tanawatp/FRA501_61_WS/install/turtlesim_plus/local/lib/python3.10/dist-packages/turtlesim_plus/image'...
[3.871s] Listing '/home/tanawatp/FRA501_61_WS/install/turtlesim_plus/local/lib/python3.10/dist-packages/turtlesim_plus/image/map'...
[3.872s] Listing '/home/tanawatp/FRA501_61_WS/install/turtlesim_plus/local/lib/python3.10/dist-packages/turtlesim_plus/image/object'...
[3.872s] Listing '/home/tanawatp/FRA501_61_WS/install/turtlesim_plus/local/lib/python3.10/dist-packages/turtlesim_plus/image/turtle'...
[3.872s] Compiling '/home/tanawatp/FRA501_61_WS/install/turtlesim_plus/local/lib/python3.10/dist-packages/turtlesim_plus/ros2_plugins.py'...
[3.894s] -- Installing: /home/tanawatp/FRA501_61_WS/install/turtlesim_plus/lib/turtlesim_plus/turtlesim_plus_node.py
[3.895s] -- Installing: /home/tanawatp/FRA501_61_WS/install/turtlesim_plus/lib/turtlesim_plus/pizza_on_click.py
[3.895s] -- Up-to-date: /home/tanawatp/FRA501_61_WS/install/turtlesim_plus/share/turtlesim_plus
[3.895s] -- Installing: /home/tanawatp/FRA501_61_WS/install/turtlesim_plus/share/ament_index/resource_index/package_run_dependencies/turtlesim_plus
[3.895s] -- Installing: /home/tanawatp/FRA501_61_WS/install/turtlesim_plus/share/ament_index/resource_index/parent_prefix_path/turtlesim_plus
[3.895s] -- Installing: /home/tanawatp/FRA501_61_WS/install/turtlesim_plus/share/turtlesim_plus/environment/ament_prefix_path.sh
[3.895s] -- Installing: /home/tanawatp/FRA501_61_WS/install/turtlesim_plus/share/turtlesim_plus/environment/ament_prefix_path.dsv
[3.895s] -- Installing: /home/tanawatp/FRA501_61_WS/install/turtlesim_plus/share/turtlesim_plus/environment/path.sh
[3.895s] -- Installing: /home/tanawatp/FRA501_61_WS/install/turtlesim_plus/share/turtlesim_plus/environment/path.dsv
[3.896s] -- Installing: /home/tanawatp/FRA501_61_WS/install/turtlesim_plus/share/turtlesim_plus/local_setup.bash
[3.896s] -- Installing: /home/tanawatp/FRA501_61_WS/install/turtlesim_plus/share/turtlesim_plus/local_setup.sh
[3.896s] -- Installing: /home/tanawatp/FRA501_61_WS/install/turtlesim_plus/share/turtlesim_plus/local_setup.zsh
[3.896s] -- Installing: /home/tanawatp/FRA501_61_WS/install/turtlesim_plus/share/turtlesim_plus/local_setup.dsv
[3.896s] -- Installing: /home/tanawatp/FRA501_61_WS/install/turtlesim_plus/share/turtlesim_plus/package.dsv
[3.896s] -- Installing: /home/tanawatp/FRA501_61_WS/install/turtlesim_plus/share/ament_index/resource_index/packages/turtlesim_plus
[3.896s] -- Installing: /home/tanawatp/FRA501_61_WS/install/turtlesim_plus/share/turtlesim_plus/cmake/turtlesim_plusConfig.cmake
[3.896s] -- Installing: /home/tanawatp/FRA501_61_WS/install/turtlesim_plus/share/turtlesim_plus/cmake/turtlesim_plusConfig-version.cmake
[3.896s] -- Installing: /home/tanawatp/FRA501_61_WS/install/turtlesim_plus/share/turtlesim_plus/package.xml
[3.921s] Invoked command in '/home/tanawatp/FRA501_61_WS/build/turtlesim_plus' returned '0': CMAKE_PREFIX_PATH=${CMAKE_PREFIX_PATH}:/home/tanawatp/ros2_workspaceTutorial/install/robot_controller:/opt/ros/humble /usr/bin/cmake --install /home/tanawatp/FRA501_61_WS/build/turtlesim_plus
