[0.341s] DEBUG:colcon:Command line arguments: ['/usr/bin/colcon', 'build']
[0.342s] DEBUG:colcon:Parsed command line arguments: Namespace(log_base=None, log_level=None, verb_name='build', build_base='build', install_base='install', merge_install=False, symlink_install=False, test_result_base=None, continue_on_error=False, executor='parallel', parallel_workers=8, event_handlers=None, ignore_user_meta=False, metas=['./colcon.meta'], base_paths=['.'], packages_ignore=None, packages_ignore_regex=None, paths=None, packages_up_to=None, packages_up_to_regex=None, packages_above=None, packages_above_and_dependencies=None, packages_above_depth=None, packages_select_by_dep=None, packages_skip_by_dep=None, packages_skip_up_to=None, packages_select_build_failed=False, packages_skip_build_finished=False, packages_select_test_failures=False, packages_skip_test_passed=False, packages_select=None, packages_skip=None, packages_select_regex=None, packages_skip_regex=None, packages_start=None, packages_end=None, allow_overriding=[], cmake_args=None, cmake_target=None, cmake_target_skip_unavailable=False, cmake_clean_cache=False, cmake_clean_first=False, cmake_force_configure=False, ament_cmake_args=None, catkin_cmake_args=None, catkin_skip_building_tests=False, verb_parser=<colcon_defaults.argument_parser.defaults.DefaultArgumentsDecorator object at 0x7fc521dd29e0>, verb_extension=<colcon_core.verb.build.BuildVerb object at 0x7fc5226548b0>, main=<bound method BuildVerb.main of <colcon_core.verb.build.BuildVerb object at 0x7fc5226548b0>>)
[0.380s] Level 1:colcon.colcon_core.package_discovery:discover_packages(colcon_meta) check parameters
[0.380s] Level 1:colcon.colcon_core.package_discovery:discover_packages(recursive) check parameters
[0.380s] Level 1:colcon.colcon_core.package_discovery:discover_packages(ignore) check parameters
[0.380s] Level 1:colcon.colcon_core.package_discovery:discover_packages(path) check parameters
[0.380s] Level 1:colcon.colcon_core.package_discovery:discover_packages(colcon_meta) discover
[0.380s] Level 1:colcon.colcon_core.package_discovery:discover_packages(recursive) discover
[0.380s] INFO:colcon.colcon_core.package_discovery:Crawling recursively for packages in '/home/tanawatp/FRA501_61_WS'
[0.380s] Level 1:colcon.colcon_core.package_identification:_identify(.) by extensions ['ignore', 'ignore_ament_install']
[0.380s] Level 1:colcon.colcon_core.package_identification:_identify(.) by extension 'ignore'
[0.380s] Level 1:colcon.colcon_core.package_identification:_identify(.) by extension 'ignore_ament_install'
[0.380s] Level 1:colcon.colcon_core.package_identification:_identify(.) by extensions ['colcon_pkg']
[0.380s] Level 1:colcon.colcon_core.package_identification:_identify(.) by extension 'colcon_pkg'
[0.380s] Level 1:colcon.colcon_core.package_identification:_identify(.) by extensions ['colcon_meta']
[0.380s] Level 1:colcon.colcon_core.package_identification:_identify(.) by extension 'colcon_meta'
[0.380s] Level 1:colcon.colcon_core.package_identification:_identify(.) by extensions ['ros']
[0.380s] Level 1:colcon.colcon_core.package_identification:_identify(.) by extension 'ros'
[0.393s] Level 1:colcon.colcon_core.package_identification:_identify(.) by extensions ['cmake', 'python']
[0.393s] Level 1:colcon.colcon_core.package_identification:_identify(.) by extension 'cmake'
[0.393s] Level 1:colcon.colcon_core.package_identification:_identify(.) by extension 'python'
[0.393s] Level 1:colcon.colcon_core.package_identification:_identify(.) by extensions ['python_setup_py']
[0.393s] Level 1:colcon.colcon_core.package_identification:_identify(.) by extension 'python_setup_py'
[0.393s] Level 1:colcon.colcon_core.package_identification:_identify(build) by extensions ['ignore', 'ignore_ament_install']
[0.393s] Level 1:colcon.colcon_core.package_identification:_identify(build) by extension 'ignore'
[0.393s] Level 1:colcon.colcon_core.package_identification:_identify(build) ignored
[0.393s] Level 1:colcon.colcon_core.package_identification:_identify(install) by extensions ['ignore', 'ignore_ament_install']
[0.393s] Level 1:colcon.colcon_core.package_identification:_identify(install) by extension 'ignore'
[0.393s] Level 1:colcon.colcon_core.package_identification:_identify(install) ignored
[0.394s] Level 1:colcon.colcon_core.package_identification:_identify(log) by extensions ['ignore', 'ignore_ament_install']
[0.394s] Level 1:colcon.colcon_core.package_identification:_identify(log) by extension 'ignore'
[0.394s] Level 1:colcon.colcon_core.package_identification:_identify(log) ignored
[0.394s] Level 1:colcon.colcon_core.package_identification:_identify(src) by extensions ['ignore', 'ignore_ament_install']
[0.394s] Level 1:colcon.colcon_core.package_identification:_identify(src) by extension 'ignore'
[0.394s] Level 1:colcon.colcon_core.package_identification:_identify(src) by extension 'ignore_ament_install'
[0.394s] Level 1:colcon.colcon_core.package_identification:_identify(src) by extensions ['colcon_pkg']
[0.394s] Level 1:colcon.colcon_core.package_identification:_identify(src) by extension 'colcon_pkg'
[0.394s] Level 1:colcon.colcon_core.package_identification:_identify(src) by extensions ['colcon_meta']
[0.394s] Level 1:colcon.colcon_core.package_identification:_identify(src) by extension 'colcon_meta'
[0.394s] Level 1:colcon.colcon_core.package_identification:_identify(src) by extensions ['ros']
[0.394s] Level 1:colcon.colcon_core.package_identification:_identify(src) by extension 'ros'
[0.394s] Level 1:colcon.colcon_core.package_identification:_identify(src) by extensions ['cmake', 'python']
[0.394s] Level 1:colcon.colcon_core.package_identification:_identify(src) by extension 'cmake'
[0.394s] Level 1:colcon.colcon_core.package_identification:_identify(src) by extension 'python'
[0.394s] Level 1:colcon.colcon_core.package_identification:_identify(src) by extensions ['python_setup_py']
[0.394s] Level 1:colcon.colcon_core.package_identification:_identify(src) by extension 'python_setup_py'
[0.394s] Level 1:colcon.colcon_core.package_identification:_identify(src/draw_fibo) by extensions ['ignore', 'ignore_ament_install']
[0.394s] Level 1:colcon.colcon_core.package_identification:_identify(src/draw_fibo) by extension 'ignore'
[0.395s] Level 1:colcon.colcon_core.package_identification:_identify(src/draw_fibo) by extension 'ignore_ament_install'
[0.395s] Level 1:colcon.colcon_core.package_identification:_identify(src/draw_fibo) by extensions ['colcon_pkg']
[0.395s] Level 1:colcon.colcon_core.package_identification:_identify(src/draw_fibo) by extension 'colcon_pkg'
[0.395s] Level 1:colcon.colcon_core.package_identification:_identify(src/draw_fibo) by extensions ['colcon_meta']
[0.395s] Level 1:colcon.colcon_core.package_identification:_identify(src/draw_fibo) by extension 'colcon_meta'
[0.395s] Level 1:colcon.colcon_core.package_identification:_identify(src/draw_fibo) by extensions ['ros']
[0.395s] Level 1:colcon.colcon_core.package_identification:_identify(src/draw_fibo) by extension 'ros'
[0.397s] DEBUG:colcon.colcon_core.package_identification:Package 'src/draw_fibo' with type 'ros.ament_cmake' and name 'draw_fibo'
[0.397s] Level 1:colcon.colcon_core.package_identification:_identify(src/my_interfaces) by extensions ['ignore', 'ignore_ament_install']
[0.398s] Level 1:colcon.colcon_core.package_identification:_identify(src/my_interfaces) by extension 'ignore'
[0.398s] Level 1:colcon.colcon_core.package_identification:_identify(src/my_interfaces) by extension 'ignore_ament_install'
[0.398s] Level 1:colcon.colcon_core.package_identification:_identify(src/my_interfaces) by extensions ['colcon_pkg']
[0.398s] Level 1:colcon.colcon_core.package_identification:_identify(src/my_interfaces) by extension 'colcon_pkg'
[0.398s] Level 1:colcon.colcon_core.package_identification:_identify(src/my_interfaces) by extensions ['colcon_meta']
[0.398s] Level 1:colcon.colcon_core.package_identification:_identify(src/my_interfaces) by extension 'colcon_meta'
[0.398s] Level 1:colcon.colcon_core.package_identification:_identify(src/my_interfaces) by extensions ['ros']
[0.398s] Level 1:colcon.colcon_core.package_identification:_identify(src/my_interfaces) by extension 'ros'
[0.398s] DEBUG:colcon.colcon_core.package_identification:Package 'src/my_interfaces' with type 'ros.ament_cmake' and name 'my_interfaces'
[0.399s] Level 1:colcon.colcon_core.package_identification:_identify(src/turtlesim_plus) by extensions ['ignore', 'ignore_ament_install']
[0.399s] Level 1:colcon.colcon_core.package_identification:_identify(src/turtlesim_plus) by extension 'ignore'
[0.399s] Level 1:colcon.colcon_core.package_identification:_identify(src/turtlesim_plus) by extension 'ignore_ament_install'
[0.399s] Level 1:colcon.colcon_core.package_identification:_identify(src/turtlesim_plus) by extensions ['colcon_pkg']
[0.399s] Level 1:colcon.colcon_core.package_identification:_identify(src/turtlesim_plus) by extension 'colcon_pkg'
[0.399s] Level 1:colcon.colcon_core.package_identification:_identify(src/turtlesim_plus) by extensions ['colcon_meta']
[0.399s] Level 1:colcon.colcon_core.package_identification:_identify(src/turtlesim_plus) by extension 'colcon_meta'
[0.399s] Level 1:colcon.colcon_core.package_identification:_identify(src/turtlesim_plus) by extensions ['ros']
[0.399s] Level 1:colcon.colcon_core.package_identification:_identify(src/turtlesim_plus) by extension 'ros'
[0.399s] Level 1:colcon.colcon_core.package_identification:_identify(src/turtlesim_plus) by extensions ['cmake', 'python']
[0.399s] Level 1:colcon.colcon_core.package_identification:_identify(src/turtlesim_plus) by extension 'cmake'
[0.399s] Level 1:colcon.colcon_core.package_identification:_identify(src/turtlesim_plus) by extension 'python'
[0.399s] Level 1:colcon.colcon_core.package_identification:_identify(src/turtlesim_plus) by extensions ['python_setup_py']
[0.399s] Level 1:colcon.colcon_core.package_identification:_identify(src/turtlesim_plus) by extension 'python_setup_py'
[0.399s] Level 1:colcon.colcon_core.package_identification:_identify(src/turtlesim_plus/turtlesim_plus) by extensions ['ignore', 'ignore_ament_install']
[0.399s] Level 1:colcon.colcon_core.package_identification:_identify(src/turtlesim_plus/turtlesim_plus) by extension 'ignore'
[0.399s] Level 1:colcon.colcon_core.package_identification:_identify(src/turtlesim_plus/turtlesim_plus) by extension 'ignore_ament_install'
[0.399s] Level 1:colcon.colcon_core.package_identification:_identify(src/turtlesim_plus/turtlesim_plus) by extensions ['colcon_pkg']
[0.399s] Level 1:colcon.colcon_core.package_identification:_identify(src/turtlesim_plus/turtlesim_plus) by extension 'colcon_pkg'
[0.399s] Level 1:colcon.colcon_core.package_identification:_identify(src/turtlesim_plus/turtlesim_plus) by extensions ['colcon_meta']
[0.400s] Level 1:colcon.colcon_core.package_identification:_identify(src/turtlesim_plus/turtlesim_plus) by extension 'colcon_meta'
[0.400s] Level 1:colcon.colcon_core.package_identification:_identify(src/turtlesim_plus/turtlesim_plus) by extensions ['ros']
[0.400s] Level 1:colcon.colcon_core.package_identification:_identify(src/turtlesim_plus/turtlesim_plus) by extension 'ros'
[0.401s] DEBUG:colcon.colcon_core.package_identification:Package 'src/turtlesim_plus/turtlesim_plus' with type 'ros.ament_cmake' and name 'turtlesim_plus'
[0.401s] Level 1:colcon.colcon_core.package_identification:_identify(src/turtlesim_plus/turtlesim_plus_interfaces) by extensions ['ignore', 'ignore_ament_install']
[0.401s] Level 1:colcon.colcon_core.package_identification:_identify(src/turtlesim_plus/turtlesim_plus_interfaces) by extension 'ignore'
[0.401s] Level 1:colcon.colcon_core.package_identification:_identify(src/turtlesim_plus/turtlesim_plus_interfaces) by extension 'ignore_ament_install'
[0.401s] Level 1:colcon.colcon_core.package_identification:_identify(src/turtlesim_plus/turtlesim_plus_interfaces) by extensions ['colcon_pkg']
[0.401s] Level 1:colcon.colcon_core.package_identification:_identify(src/turtlesim_plus/turtlesim_plus_interfaces) by extension 'colcon_pkg'
[0.401s] Level 1:colcon.colcon_core.package_identification:_identify(src/turtlesim_plus/turtlesim_plus_interfaces) by extensions ['colcon_meta']
[0.401s] Level 1:colcon.colcon_core.package_identification:_identify(src/turtlesim_plus/turtlesim_plus_interfaces) by extension 'colcon_meta'
[0.401s] Level 1:colcon.colcon_core.package_identification:_identify(src/turtlesim_plus/turtlesim_plus_interfaces) by extensions ['ros']
[0.401s] Level 1:colcon.colcon_core.package_identification:_identify(src/turtlesim_plus/turtlesim_plus_interfaces) by extension 'ros'
[0.402s] DEBUG:colcon.colcon_core.package_identification:Package 'src/turtlesim_plus/turtlesim_plus_interfaces' with type 'ros.ament_cmake' and name 'turtlesim_plus_interfaces'
[0.402s] Level 1:colcon.colcon_core.package_identification:_identify(src/turtlesim_plus_controller) by extensions ['ignore', 'ignore_ament_install']
[0.402s] Level 1:colcon.colcon_core.package_identification:_identify(src/turtlesim_plus_controller) by extension 'ignore'
[0.402s] Level 1:colcon.colcon_core.package_identification:_identify(src/turtlesim_plus_controller) by extension 'ignore_ament_install'
[0.402s] Level 1:colcon.colcon_core.package_identification:_identify(src/turtlesim_plus_controller) by extensions ['colcon_pkg']
[0.402s] Level 1:colcon.colcon_core.package_identification:_identify(src/turtlesim_plus_controller) by extension 'colcon_pkg'
[0.402s] Level 1:colcon.colcon_core.package_identification:_identify(src/turtlesim_plus_controller) by extensions ['colcon_meta']
[0.402s] Level 1:colcon.colcon_core.package_identification:_identify(src/turtlesim_plus_controller) by extension 'colcon_meta'
[0.402s] Level 1:colcon.colcon_core.package_identification:_identify(src/turtlesim_plus_controller) by extensions ['ros']
[0.402s] Level 1:colcon.colcon_core.package_identification:_identify(src/turtlesim_plus_controller) by extension 'ros'
[0.403s] DEBUG:colcon.colcon_core.package_identification:Package 'src/turtlesim_plus_controller' with type 'ros.ament_cmake' and name 'turtlesim_plus_controller'
[0.403s] Level 1:colcon.colcon_core.package_identification:_identify(src/turtlesim_plus_planning) by extensions ['ignore', 'ignore_ament_install']
[0.403s] Level 1:colcon.colcon_core.package_identification:_identify(src/turtlesim_plus_planning) by extension 'ignore'
[0.403s] Level 1:colcon.colcon_core.package_identification:_identify(src/turtlesim_plus_planning) by extension 'ignore_ament_install'
[0.403s] Level 1:colcon.colcon_core.package_identification:_identify(src/turtlesim_plus_planning) by extensions ['colcon_pkg']
[0.403s] Level 1:colcon.colcon_core.package_identification:_identify(src/turtlesim_plus_planning) by extension 'colcon_pkg'
[0.403s] Level 1:colcon.colcon_core.package_identification:_identify(src/turtlesim_plus_planning) by extensions ['colcon_meta']
[0.403s] Level 1:colcon.colcon_core.package_identification:_identify(src/turtlesim_plus_planning) by extension 'colcon_meta'
[0.403s] Level 1:colcon.colcon_core.package_identification:_identify(src/turtlesim_plus_planning) by extensions ['ros']
[0.403s] Level 1:colcon.colcon_core.package_identification:_identify(src/turtlesim_plus_planning) by extension 'ros'
[0.404s] DEBUG:colcon.colcon_core.package_identification:Package 'src/turtlesim_plus_planning' with type 'ros.ament_cmake' and name 'turtlesim_plus_planning'
[0.404s] Level 1:colcon.colcon_core.package_identification:_identify(src/turtlesim_plus_scheduler) by extensions ['ignore', 'ignore_ament_install']
[0.404s] Level 1:colcon.colcon_core.package_identification:_identify(src/turtlesim_plus_scheduler) by extension 'ignore'
[0.404s] Level 1:colcon.colcon_core.package_identification:_identify(src/turtlesim_plus_scheduler) by extension 'ignore_ament_install'
[0.404s] Level 1:colcon.colcon_core.package_identification:_identify(src/turtlesim_plus_scheduler) by extensions ['colcon_pkg']
[0.404s] Level 1:colcon.colcon_core.package_identification:_identify(src/turtlesim_plus_scheduler) by extension 'colcon_pkg'
[0.404s] Level 1:colcon.colcon_core.package_identification:_identify(src/turtlesim_plus_scheduler) by extensions ['colcon_meta']
[0.404s] Level 1:colcon.colcon_core.package_identification:_identify(src/turtlesim_plus_scheduler) by extension 'colcon_meta'
[0.404s] Level 1:colcon.colcon_core.package_identification:_identify(src/turtlesim_plus_scheduler) by extensions ['ros']
[0.404s] Level 1:colcon.colcon_core.package_identification:_identify(src/turtlesim_plus_scheduler) by extension 'ros'
[0.405s] DEBUG:colcon.colcon_core.package_identification:Package 'src/turtlesim_plus_scheduler' with type 'ros.ament_cmake' and name 'turtlesim_plus_scheduler'
[0.405s] Level 1:colcon.colcon_core.package_discovery:discover_packages(recursive) using defaults
[0.405s] Level 1:colcon.colcon_core.package_discovery:discover_packages(ignore) discover
[0.405s] Level 1:colcon.colcon_core.package_discovery:discover_packages(ignore) using defaults
[0.405s] Level 1:colcon.colcon_core.package_discovery:discover_packages(path) discover
[0.405s] Level 1:colcon.colcon_core.package_discovery:discover_packages(path) using defaults
[0.430s] Level 1:colcon.colcon_core.package_discovery:discover_packages(prefix_path) check parameters
[0.430s] Level 1:colcon.colcon_core.package_discovery:discover_packages(prefix_path) discover
[0.433s] DEBUG:colcon.colcon_installed_package_information.package_discovery:Found 7 installed packages in /home/tanawatp/FRA501_61_WS/install
[0.434s] DEBUG:colcon.colcon_installed_package_information.package_discovery:Found 6 installed packages in /home/tanawatp/fra501_robotdevop/fra501_ws/install
[0.435s] DEBUG:colcon.colcon_installed_package_information.package_discovery:Found 2 installed packages in /home/tanawatp/ros2_workspaceTutorial/install
[0.437s] DEBUG:colcon.colcon_installed_package_information.package_discovery:Found 270 installed packages in /opt/ros/humble
[0.439s] Level 1:colcon.colcon_core.package_discovery:discover_packages(prefix_path) using defaults
[0.496s] Level 5:colcon.colcon_core.verb:set package 'draw_fibo' build argument 'cmake_args' from command line to 'None'
[0.496s] Level 5:colcon.colcon_core.verb:set package 'draw_fibo' build argument 'cmake_target' from command line to 'None'
[0.496s] Level 5:colcon.colcon_core.verb:set package 'draw_fibo' build argument 'cmake_target_skip_unavailable' from command line to 'False'
[0.496s] Level 5:colcon.colcon_core.verb:set package 'draw_fibo' build argument 'cmake_clean_cache' from command line to 'False'
[0.496s] Level 5:colcon.colcon_core.verb:set package 'draw_fibo' build argument 'cmake_clean_first' from command line to 'False'
[0.496s] Level 5:colcon.colcon_core.verb:set package 'draw_fibo' build argument 'cmake_force_configure' from command line to 'False'
[0.496s] Level 5:colcon.colcon_core.verb:set package 'draw_fibo' build argument 'ament_cmake_args' from command line to 'None'
[0.497s] Level 5:colcon.colcon_core.verb:set package 'draw_fibo' build argument 'catkin_cmake_args' from command line to 'None'
[0.497s] Level 5:colcon.colcon_core.verb:set package 'draw_fibo' build argument 'catkin_skip_building_tests' from command line to 'False'
[0.497s] DEBUG:colcon.colcon_core.verb:Building package 'draw_fibo' with the following arguments: {'ament_cmake_args': None, 'build_base': '/home/tanawatp/FRA501_61_WS/build/draw_fibo', 'catkin_cmake_args': None, 'catkin_skip_building_tests': False, 'cmake_args': None, 'cmake_clean_cache': False, 'cmake_clean_first': False, 'cmake_force_configure': False, 'cmake_target': None, 'cmake_target_skip_unavailable': False, 'install_base': '/home/tanawatp/FRA501_61_WS/install/draw_fibo', 'merge_install': False, 'path': '/home/tanawatp/FRA501_61_WS/src/draw_fibo', 'symlink_install': False, 'test_result_base': None}
[0.498s] Level 5:colcon.colcon_core.verb:set package 'my_interfaces' build argument 'cmake_args' from command line to 'None'
[0.498s] Level 5:colcon.colcon_core.verb:set package 'my_interfaces' build argument 'cmake_target' from command line to 'None'
[0.498s] Level 5:colcon.colcon_core.verb:set package 'my_interfaces' build argument 'cmake_target_skip_unavailable' from command line to 'False'
[0.498s] Level 5:colcon.colcon_core.verb:set package 'my_interfaces' build argument 'cmake_clean_cache' from command line to 'False'
[0.498s] Level 5:colcon.colcon_core.verb:set package 'my_interfaces' build argument 'cmake_clean_first' from command line to 'False'
[0.498s] Level 5:colcon.colcon_core.verb:set package 'my_interfaces' build argument 'cmake_force_configure' from command line to 'False'
[0.498s] Level 5:colcon.colcon_core.verb:set package 'my_interfaces' build argument 'ament_cmake_args' from command line to 'None'
[0.498s] Level 5:colcon.colcon_core.verb:set package 'my_interfaces' build argument 'catkin_cmake_args' from command line to 'None'
[0.498s] Level 5:colcon.colcon_core.verb:set package 'my_interfaces' build argument 'catkin_skip_building_tests' from command line to 'False'
[0.498s] DEBUG:colcon.colcon_core.verb:Building package 'my_interfaces' with the following arguments: {'ament_cmake_args': None, 'build_base': '/home/tanawatp/FRA501_61_WS/build/my_interfaces', 'catkin_cmake_args': None, 'catkin_skip_building_tests': False, 'cmake_args': None, 'cmake_clean_cache': False, 'cmake_clean_first': False, 'cmake_force_configure': False, 'cmake_target': None, 'cmake_target_skip_unavailable': False, 'install_base': '/home/tanawatp/FRA501_61_WS/install/my_interfaces', 'merge_install': False, 'path': '/home/tanawatp/FRA501_61_WS/src/my_interfaces', 'symlink_install': False, 'test_result_base': None}
[0.499s] Level 5:colcon.colcon_core.verb:set package 'turtlesim_plus' build argument 'cmake_args' from command line to 'None'
[0.499s] Level 5:colcon.colcon_core.verb:set package 'turtlesim_plus' build argument 'cmake_target' from command line to 'None'
[0.499s] Level 5:colcon.colcon_core.verb:set package 'turtlesim_plus' build argument 'cmake_target_skip_unavailable' from command line to 'False'
[0.499s] Level 5:colcon.colcon_core.verb:set package 'turtlesim_plus' build argument 'cmake_clean_cache' from command line to 'False'
[0.499s] Level 5:colcon.colcon_core.verb:set package 'turtlesim_plus' build argument 'cmake_clean_first' from command line to 'False'
[0.499s] Level 5:colcon.colcon_core.verb:set package 'turtlesim_plus' build argument 'cmake_force_configure' from command line to 'False'
[0.499s] Level 5:colcon.colcon_core.verb:set package 'turtlesim_plus' build argument 'ament_cmake_args' from command line to 'None'
[0.499s] Level 5:colcon.colcon_core.verb:set package 'turtlesim_plus' build argument 'catkin_cmake_args' from command line to 'None'
[0.499s] Level 5:colcon.colcon_core.verb:set package 'turtlesim_plus' build argument 'catkin_skip_building_tests' from command line to 'False'
[0.499s] DEBUG:colcon.colcon_core.verb:Building package 'turtlesim_plus' with the following arguments: {'ament_cmake_args': None, 'build_base': '/home/tanawatp/FRA501_61_WS/build/turtlesim_plus', 'catkin_cmake_args': None, 'catkin_skip_building_tests': False, 'cmake_args': None, 'cmake_clean_cache': False, 'cmake_clean_first': False, 'cmake_force_configure': False, 'cmake_target': None, 'cmake_target_skip_unavailable': False, 'install_base': '/home/tanawatp/FRA501_61_WS/install/turtlesim_plus', 'merge_install': False, 'path': '/home/tanawatp/FRA501_61_WS/src/turtlesim_plus/turtlesim_plus', 'symlink_install': False, 'test_result_base': None}
[0.500s] Level 5:colcon.colcon_core.verb:set package 'turtlesim_plus_controller' build argument 'cmake_args' from command line to 'None'
[0.500s] Level 5:colcon.colcon_core.verb:set package 'turtlesim_plus_controller' build argument 'cmake_target' from command line to 'None'
[0.500s] Level 5:colcon.colcon_core.verb:set package 'turtlesim_plus_controller' build argument 'cmake_target_skip_unavailable' from command line to 'False'
[0.500s] Level 5:colcon.colcon_core.verb:set package 'turtlesim_plus_controller' build argument 'cmake_clean_cache' from command line to 'False'
[0.500s] Level 5:colcon.colcon_core.verb:set package 'turtlesim_plus_controller' build argument 'cmake_clean_first' from command line to 'False'
[0.500s] Level 5:colcon.colcon_core.verb:set package 'turtlesim_plus_controller' build argument 'cmake_force_configure' from command line to 'False'
[0.500s] Level 5:colcon.colcon_core.verb:set package 'turtlesim_plus_controller' build argument 'ament_cmake_args' from command line to 'None'
[0.500s] Level 5:colcon.colcon_core.verb:set package 'turtlesim_plus_controller' build argument 'catkin_cmake_args' from command line to 'None'
[0.500s] Level 5:colcon.colcon_core.verb:set package 'turtlesim_plus_controller' build argument 'catkin_skip_building_tests' from command line to 'False'
[0.500s] DEBUG:colcon.colcon_core.verb:Building package 'turtlesim_plus_controller' with the following arguments: {'ament_cmake_args': None, 'build_base': '/home/tanawatp/FRA501_61_WS/build/turtlesim_plus_controller', 'catkin_cmake_args': None, 'catkin_skip_building_tests': False, 'cmake_args': None, 'cmake_clean_cache': False, 'cmake_clean_first': False, 'cmake_force_configure': False, 'cmake_target': None, 'cmake_target_skip_unavailable': False, 'install_base': '/home/tanawatp/FRA501_61_WS/install/turtlesim_plus_controller', 'merge_install': False, 'path': '/home/tanawatp/FRA501_61_WS/src/turtlesim_plus_controller', 'symlink_install': False, 'test_result_base': None}
[0.501s] Level 5:colcon.colcon_core.verb:set package 'turtlesim_plus_interfaces' build argument 'cmake_args' from command line to 'None'
[0.501s] Level 5:colcon.colcon_core.verb:set package 'turtlesim_plus_interfaces' build argument 'cmake_target' from command line to 'None'
[0.501s] Level 5:colcon.colcon_core.verb:set package 'turtlesim_plus_interfaces' build argument 'cmake_target_skip_unavailable' from command line to 'False'
[0.501s] Level 5:colcon.colcon_core.verb:set package 'turtlesim_plus_interfaces' build argument 'cmake_clean_cache' from command line to 'False'
[0.501s] Level 5:colcon.colcon_core.verb:set package 'turtlesim_plus_interfaces' build argument 'cmake_clean_first' from command line to 'False'
[0.501s] Level 5:colcon.colcon_core.verb:set package 'turtlesim_plus_interfaces' build argument 'cmake_force_configure' from command line to 'False'
[0.501s] Level 5:colcon.colcon_core.verb:set package 'turtlesim_plus_interfaces' build argument 'ament_cmake_args' from command line to 'None'
[0.501s] Level 5:colcon.colcon_core.verb:set package 'turtlesim_plus_interfaces' build argument 'catkin_cmake_args' from command line to 'None'
[0.501s] Level 5:colcon.colcon_core.verb:set package 'turtlesim_plus_interfaces' build argument 'catkin_skip_building_tests' from command line to 'False'
[0.501s] DEBUG:colcon.colcon_core.verb:Building package 'turtlesim_plus_interfaces' with the following arguments: {'ament_cmake_args': None, 'build_base': '/home/tanawatp/FRA501_61_WS/build/turtlesim_plus_interfaces', 'catkin_cmake_args': None, 'catkin_skip_building_tests': False, 'cmake_args': None, 'cmake_clean_cache': False, 'cmake_clean_first': False, 'cmake_force_configure': False, 'cmake_target': None, 'cmake_target_skip_unavailable': False, 'install_base': '/home/tanawatp/FRA501_61_WS/install/turtlesim_plus_interfaces', 'merge_install': False, 'path': '/home/tanawatp/FRA501_61_WS/src/turtlesim_plus/turtlesim_plus_interfaces', 'symlink_install': False, 'test_result_base': None}
[0.502s] Level 5:colcon.colcon_core.verb:set package 'turtlesim_plus_planning' build argument 'cmake_args' from command line to 'None'
[0.502s] Level 5:colcon.colcon_core.verb:set package 'turtlesim_plus_planning' build argument 'cmake_target' from command line to 'None'
[0.502s] Level 5:colcon.colcon_core.verb:set package 'turtlesim_plus_planning' build argument 'cmake_target_skip_unavailable' from command line to 'False'
[0.502s] Level 5:colcon.colcon_core.verb:set package 'turtlesim_plus_planning' build argument 'cmake_clean_cache' from command line to 'False'
[0.502s] Level 5:colcon.colcon_core.verb:set package 'turtlesim_plus_planning' build argument 'cmake_clean_first' from command line to 'False'
[0.502s] Level 5:colcon.colcon_core.verb:set package 'turtlesim_plus_planning' build argument 'cmake_force_configure' from command line to 'False'
[0.502s] Level 5:colcon.colcon_core.verb:set package 'turtlesim_plus_planning' build argument 'ament_cmake_args' from command line to 'None'
[0.502s] Level 5:colcon.colcon_core.verb:set package 'turtlesim_plus_planning' build argument 'catkin_cmake_args' from command line to 'None'
[0.502s] Level 5:colcon.colcon_core.verb:set package 'turtlesim_plus_planning' build argument 'catkin_skip_building_tests' from command line to 'False'
[0.503s] DEBUG:colcon.colcon_core.verb:Building package 'turtlesim_plus_planning' with the following arguments: {'ament_cmake_args': None, 'build_base': '/home/tanawatp/FRA501_61_WS/build/turtlesim_plus_planning', 'catkin_cmake_args': None, 'catkin_skip_building_tests': False, 'cmake_args': None, 'cmake_clean_cache': False, 'cmake_clean_first': False, 'cmake_force_configure': False, 'cmake_target': None, 'cmake_target_skip_unavailable': False, 'install_base': '/home/tanawatp/FRA501_61_WS/install/turtlesim_plus_planning', 'merge_install': False, 'path': '/home/tanawatp/FRA501_61_WS/src/turtlesim_plus_planning', 'symlink_install': False, 'test_result_base': None}
[0.503s] Level 5:colcon.colcon_core.verb:set package 'turtlesim_plus_scheduler' build argument 'cmake_args' from command line to 'None'
[0.504s] Level 5:colcon.colcon_core.verb:set package 'turtlesim_plus_scheduler' build argument 'cmake_target' from command line to 'None'
[0.504s] Level 5:colcon.colcon_core.verb:set package 'turtlesim_plus_scheduler' build argument 'cmake_target_skip_unavailable' from command line to 'False'
[0.504s] Level 5:colcon.colcon_core.verb:set package 'turtlesim_plus_scheduler' build argument 'cmake_clean_cache' from command line to 'False'
[0.504s] Level 5:colcon.colcon_core.verb:set package 'turtlesim_plus_scheduler' build argument 'cmake_clean_first' from command line to 'False'
[0.504s] Level 5:colcon.colcon_core.verb:set package 'turtlesim_plus_scheduler' build argument 'cmake_force_configure' from command line to 'False'
[0.504s] Level 5:colcon.colcon_core.verb:set package 'turtlesim_plus_scheduler' build argument 'ament_cmake_args' from command line to 'None'
[0.504s] Level 5:colcon.colcon_core.verb:set package 'turtlesim_plus_scheduler' build argument 'catkin_cmake_args' from command line to 'None'
[0.504s] Level 5:colcon.colcon_core.verb:set package 'turtlesim_plus_scheduler' build argument 'catkin_skip_building_tests' from command line to 'False'
[0.504s] DEBUG:colcon.colcon_core.verb:Building package 'turtlesim_plus_scheduler' with the following arguments: {'ament_cmake_args': None, 'build_base': '/home/tanawatp/FRA501_61_WS/build/turtlesim_plus_scheduler', 'catkin_cmake_args': None, 'catkin_skip_building_tests': False, 'cmake_args': None, 'cmake_clean_cache': False, 'cmake_clean_first': False, 'cmake_force_configure': False, 'cmake_target': None, 'cmake_target_skip_unavailable': False, 'install_base': '/home/tanawatp/FRA501_61_WS/install/turtlesim_plus_scheduler', 'merge_install': False, 'path': '/home/tanawatp/FRA501_61_WS/src/turtlesim_plus_scheduler', 'symlink_install': False, 'test_result_base': None}
[0.504s] INFO:colcon.colcon_core.executor:Executing jobs using 'parallel' executor
[0.508s] DEBUG:colcon.colcon_parallel_executor.executor.parallel:run_until_complete
[0.508s] INFO:colcon.colcon_ros.task.ament_cmake.build:Building ROS package in '/home/tanawatp/FRA501_61_WS/src/draw_fibo' with build type 'ament_cmake'
[0.508s] INFO:colcon.colcon_cmake.task.cmake.build:Building CMake package in '/home/tanawatp/FRA501_61_WS/src/draw_fibo'
[0.514s] INFO:colcon.colcon_core.plugin_system:Skipping extension 'colcon_core.shell.bat': Not used on non-Windows systems
[0.514s] INFO:colcon.colcon_core.shell:Skip shell extension 'powershell' for command environment: Not usable outside of PowerShell
[0.514s] DEBUG:colcon.colcon_core.shell:Skip shell extension 'dsv' for command environment
[0.521s] INFO:colcon.colcon_ros.task.ament_cmake.build:Building ROS package in '/home/tanawatp/FRA501_61_WS/src/my_interfaces' with build type 'ament_cmake'
[0.521s] INFO:colcon.colcon_cmake.task.cmake.build:Building CMake package in '/home/tanawatp/FRA501_61_WS/src/my_interfaces'
[0.522s] INFO:colcon.colcon_core.shell:Skip shell extension 'powershell' for command environment: Not usable outside of PowerShell
[0.522s] DEBUG:colcon.colcon_core.shell:Skip shell extension 'dsv' for command environment
[0.529s] INFO:colcon.colcon_ros.task.ament_cmake.build:Building ROS package in '/home/tanawatp/FRA501_61_WS/src/turtlesim_plus/turtlesim_plus' with build type 'ament_cmake'
[0.529s] INFO:colcon.colcon_cmake.task.cmake.build:Building CMake package in '/home/tanawatp/FRA501_61_WS/src/turtlesim_plus/turtlesim_plus'
[0.530s] INFO:colcon.colcon_core.shell:Skip shell extension 'powershell' for command environment: Not usable outside of PowerShell
[0.531s] DEBUG:colcon.colcon_core.shell:Skip shell extension 'dsv' for command environment
[0.537s] INFO:colcon.colcon_ros.task.ament_cmake.build:Building ROS package in '/home/tanawatp/FRA501_61_WS/src/turtlesim_plus_controller' with build type 'ament_cmake'
[0.537s] INFO:colcon.colcon_cmake.task.cmake.build:Building CMake package in '/home/tanawatp/FRA501_61_WS/src/turtlesim_plus_controller'
[0.539s] INFO:colcon.colcon_core.shell:Skip shell extension 'powershell' for command environment: Not usable outside of PowerShell
[0.539s] DEBUG:colcon.colcon_core.shell:Skip shell extension 'dsv' for command environment
[0.547s] INFO:colcon.colcon_ros.task.ament_cmake.build:Building ROS package in '/home/tanawatp/FRA501_61_WS/src/turtlesim_plus/turtlesim_plus_interfaces' with build type 'ament_cmake'
[0.547s] INFO:colcon.colcon_cmake.task.cmake.build:Building CMake package in '/home/tanawatp/FRA501_61_WS/src/turtlesim_plus/turtlesim_plus_interfaces'
[0.549s] INFO:colcon.colcon_core.shell:Skip shell extension 'powershell' for command environment: Not usable outside of PowerShell
[0.549s] DEBUG:colcon.colcon_core.shell:Skip shell extension 'dsv' for command environment
[0.557s] INFO:colcon.colcon_ros.task.ament_cmake.build:Building ROS package in '/home/tanawatp/FRA501_61_WS/src/turtlesim_plus_planning' with build type 'ament_cmake'
[0.557s] INFO:colcon.colcon_cmake.task.cmake.build:Building CMake package in '/home/tanawatp/FRA501_61_WS/src/turtlesim_plus_planning'
[0.559s] INFO:colcon.colcon_core.shell:Skip shell extension 'powershell' for command environment: Not usable outside of PowerShell
[0.559s] DEBUG:colcon.colcon_core.shell:Skip shell extension 'dsv' for command environment
[0.566s] INFO:colcon.colcon_ros.task.ament_cmake.build:Building ROS package in '/home/tanawatp/FRA501_61_WS/src/turtlesim_plus_scheduler' with build type 'ament_cmake'
[0.566s] INFO:colcon.colcon_cmake.task.cmake.build:Building CMake package in '/home/tanawatp/FRA501_61_WS/src/turtlesim_plus_scheduler'
[0.567s] INFO:colcon.colcon_core.shell:Skip shell extension 'powershell' for command environment: Not usable outside of PowerShell
[0.568s] DEBUG:colcon.colcon_core.shell:Skip shell extension 'dsv' for command environment
[0.582s] DEBUG:colcon.colcon_core.event_handler.log_command:Invoking command in '/home/tanawatp/FRA501_61_WS/build/draw_fibo': CMAKE_PREFIX_PATH=${CMAKE_PREFIX_PATH}:/home/tanawatp/ros2_workspaceTutorial/install/robot_controller:/opt/ros/humble /usr/bin/cmake --build /home/tanawatp/FRA501_61_WS/build/draw_fibo -- -j8 -l8
[0.587s] DEBUG:colcon.colcon_core.event_handler.log_command:Invoking command in '/home/tanawatp/FRA501_61_WS/build/my_interfaces': CMAKE_PREFIX_PATH=${CMAKE_PREFIX_PATH}:/home/tanawatp/ros2_workspaceTutorial/install/robot_controller:/opt/ros/humble /usr/bin/cmake --build /home/tanawatp/FRA501_61_WS/build/my_interfaces -- -j8 -l8
[0.591s] DEBUG:colcon.colcon_core.event_handler.log_command:Invoking command in '/home/tanawatp/FRA501_61_WS/build/turtlesim_plus': CMAKE_PREFIX_PATH=${CMAKE_PREFIX_PATH}:/home/tanawatp/ros2_workspaceTutorial/install/robot_controller:/opt/ros/humble /usr/bin/cmake --build /home/tanawatp/FRA501_61_WS/build/turtlesim_plus -- -j8 -l8
[0.596s] DEBUG:colcon.colcon_core.event_handler.log_command:Invoking command in '/home/tanawatp/FRA501_61_WS/build/turtlesim_plus_controller': CMAKE_PREFIX_PATH=${CMAKE_PREFIX_PATH}:/home/tanawatp/ros2_workspaceTutorial/install/robot_controller:/opt/ros/humble /usr/bin/cmake --build /home/tanawatp/FRA501_61_WS/build/turtlesim_plus_controller -- -j8 -l8
[0.600s] DEBUG:colcon.colcon_core.event_handler.log_command:Invoking command in '/home/tanawatp/FRA501_61_WS/build/turtlesim_plus_interfaces': CMAKE_PREFIX_PATH=${CMAKE_PREFIX_PATH}:/home/tanawatp/ros2_workspaceTutorial/install/robot_controller:/opt/ros/humble /usr/bin/cmake --build /home/tanawatp/FRA501_61_WS/build/turtlesim_plus_interfaces -- -j8 -l8
[0.606s] DEBUG:colcon.colcon_core.event_handler.log_command:Invoking command in '/home/tanawatp/FRA501_61_WS/build/turtlesim_plus_planning': CMAKE_PREFIX_PATH=${CMAKE_PREFIX_PATH}:/home/tanawatp/ros2_workspaceTutorial/install/robot_controller:/opt/ros/humble /usr/bin/cmake --build /home/tanawatp/FRA501_61_WS/build/turtlesim_plus_planning -- -j8 -l8
[0.618s] DEBUG:colcon.colcon_core.event_handler.log_command:Invoking command in '/home/tanawatp/FRA501_61_WS/build/turtlesim_plus_scheduler': CMAKE_PREFIX_PATH=${CMAKE_PREFIX_PATH}:/home/tanawatp/ros2_workspaceTutorial/install/robot_controller:/opt/ros/humble /usr/bin/cmake --build /home/tanawatp/FRA501_61_WS/build/turtlesim_plus_scheduler -- -j8 -l8
[1.368s] DEBUG:colcon.colcon_core.event_handler.log_command:Invoked command in '/home/tanawatp/FRA501_61_WS/build/turtlesim_plus_controller' returned '0': CMAKE_PREFIX_PATH=${CMAKE_PREFIX_PATH}:/home/tanawatp/ros2_workspaceTutorial/install/robot_controller:/opt/ros/humble /usr/bin/cmake --build /home/tanawatp/FRA501_61_WS/build/turtlesim_plus_controller -- -j8 -l8
[1.431s] DEBUG:colcon.colcon_core.event_handler.log_command:Invoked command in '/home/tanawatp/FRA501_61_WS/build/draw_fibo' returned '0': CMAKE_PREFIX_PATH=${CMAKE_PREFIX_PATH}:/home/tanawatp/ros2_workspaceTutorial/install/robot_controller:/opt/ros/humble /usr/bin/cmake --build /home/tanawatp/FRA501_61_WS/build/draw_fibo -- -j8 -l8
[1.461s] DEBUG:colcon.colcon_core.event_handler.log_command:Invoking command in '/home/tanawatp/FRA501_61_WS/build/turtlesim_plus_controller': CMAKE_PREFIX_PATH=${CMAKE_PREFIX_PATH}:/home/tanawatp/ros2_workspaceTutorial/install/robot_controller:/opt/ros/humble /usr/bin/cmake --install /home/tanawatp/FRA501_61_WS/build/turtlesim_plus_controller
[1.464s] DEBUG:colcon.colcon_core.event_handler.log_command:Invoked command in '/home/tanawatp/FRA501_61_WS/build/my_interfaces' returned '0': CMAKE_PREFIX_PATH=${CMAKE_PREFIX_PATH}:/home/tanawatp/ros2_workspaceTutorial/install/robot_controller:/opt/ros/humble /usr/bin/cmake --build /home/tanawatp/FRA501_61_WS/build/my_interfaces -- -j8 -l8
[1.467s] DEBUG:colcon.colcon_core.event_handler.log_command:Invoked command in '/home/tanawatp/FRA501_61_WS/build/turtlesim_plus' returned '0': CMAKE_PREFIX_PATH=${CMAKE_PREFIX_PATH}:/home/tanawatp/ros2_workspaceTutorial/install/robot_controller:/opt/ros/humble /usr/bin/cmake --build /home/tanawatp/FRA501_61_WS/build/turtlesim_plus -- -j8 -l8
[1.471s] DEBUG:colcon.colcon_core.event_handler.log_command:Invoking command in '/home/tanawatp/FRA501_61_WS/build/draw_fibo': CMAKE_PREFIX_PATH=${CMAKE_PREFIX_PATH}:/home/tanawatp/ros2_workspaceTutorial/install/robot_controller:/opt/ros/humble /usr/bin/cmake --install /home/tanawatp/FRA501_61_WS/build/draw_fibo
[1.478s] DEBUG:colcon.colcon_core.event_handler.log_command:Invoked command in '/home/tanawatp/FRA501_61_WS/build/turtlesim_plus_interfaces' returned '0': CMAKE_PREFIX_PATH=${CMAKE_PREFIX_PATH}:/home/tanawatp/ros2_workspaceTutorial/install/robot_controller:/opt/ros/humble /usr/bin/cmake --build /home/tanawatp/FRA501_61_WS/build/turtlesim_plus_interfaces -- -j8 -l8
[1.480s] DEBUG:colcon.colcon_core.event_handler.log_command:Invoked command in '/home/tanawatp/FRA501_61_WS/build/turtlesim_plus_planning' returned '0': CMAKE_PREFIX_PATH=${CMAKE_PREFIX_PATH}:/home/tanawatp/ros2_workspaceTutorial/install/robot_controller:/opt/ros/humble /usr/bin/cmake --build /home/tanawatp/FRA501_61_WS/build/turtlesim_plus_planning -- -j8 -l8
[1.493s] DEBUG:colcon.colcon_core.event_handler.log_command:Invoked command in '/home/tanawatp/FRA501_61_WS/build/turtlesim_plus_scheduler' returned '0': CMAKE_PREFIX_PATH=${CMAKE_PREFIX_PATH}:/home/tanawatp/ros2_workspaceTutorial/install/robot_controller:/opt/ros/humble /usr/bin/cmake --build /home/tanawatp/FRA501_61_WS/build/turtlesim_plus_scheduler -- -j8 -l8
[1.506s] DEBUG:colcon.colcon_core.event_handler.log_command:Invoking command in '/home/tanawatp/FRA501_61_WS/build/turtlesim_plus': CMAKE_PREFIX_PATH=${CMAKE_PREFIX_PATH}:/home/tanawatp/ros2_workspaceTutorial/install/robot_controller:/opt/ros/humble /usr/bin/cmake --install /home/tanawatp/FRA501_61_WS/build/turtlesim_plus
[1.523s] DEBUG:colcon.colcon_core.event_handler.log_command:Invoking command in '/home/tanawatp/FRA501_61_WS/build/turtlesim_plus_planning': CMAKE_PREFIX_PATH=${CMAKE_PREFIX_PATH}:/home/tanawatp/ros2_workspaceTutorial/install/robot_controller:/opt/ros/humble /usr/bin/cmake --install /home/tanawatp/FRA501_61_WS/build/turtlesim_plus_planning
[1.534s] DEBUG:colcon.colcon_core.event_handler.log_command:Invoking command in '/home/tanawatp/FRA501_61_WS/build/turtlesim_plus_scheduler': CMAKE_PREFIX_PATH=${CMAKE_PREFIX_PATH}:/home/tanawatp/ros2_workspaceTutorial/install/robot_controller:/opt/ros/humble /usr/bin/cmake --install /home/tanawatp/FRA501_61_WS/build/turtlesim_plus_scheduler
[1.561s] Level 1:colcon.colcon_core.environment:create_environment_scripts_only(turtlesim_plus_controller)
[1.564s] DEBUG:colcon.colcon_core.event_handler.log_command:Invoked command in '/home/tanawatp/FRA501_61_WS/build/turtlesim_plus_controller' returned '0': CMAKE_PREFIX_PATH=${CMAKE_PREFIX_PATH}:/home/tanawatp/ros2_workspaceTutorial/install/robot_controller:/opt/ros/humble /usr/bin/cmake --install /home/tanawatp/FRA501_61_WS/build/turtlesim_plus_controller
[1.575s] Level 1:colcon.colcon_core.environment:checking '/home/tanawatp/FRA501_61_WS/install/turtlesim_plus_controller' for CMake module files
[1.577s] Level 1:colcon.colcon_core.environment:checking '/home/tanawatp/FRA501_61_WS/install/turtlesim_plus_controller' for CMake config files
[1.579s] Level 1:colcon.colcon_core.shell:create_environment_hook('turtlesim_plus_controller', 'cmake_prefix_path')
[1.581s] INFO:colcon.colcon_core.shell:Creating environment hook '/home/tanawatp/FRA501_61_WS/install/turtlesim_plus_controller/share/turtlesim_plus_controller/hook/cmake_prefix_path.ps1'
[1.582s] INFO:colcon.colcon_core.shell:Creating environment descriptor '/home/tanawatp/FRA501_61_WS/install/turtlesim_plus_controller/share/turtlesim_plus_controller/hook/cmake_prefix_path.dsv'
[1.583s] INFO:colcon.colcon_core.shell:Creating environment hook '/home/tanawatp/FRA501_61_WS/install/turtlesim_plus_controller/share/turtlesim_plus_controller/hook/cmake_prefix_path.sh'
[1.585s] Level 1:colcon.colcon_core.environment:checking '/home/tanawatp/FRA501_61_WS/install/turtlesim_plus_controller/lib'
[1.585s] Level 1:colcon.colcon_core.environment:checking '/home/tanawatp/FRA501_61_WS/install/turtlesim_plus_controller/bin'
[1.585s] Level 1:colcon.colcon_core.environment:checking '/home/tanawatp/FRA501_61_WS/install/turtlesim_plus_controller/lib/pkgconfig/turtlesim_plus_controller.pc'
[1.586s] Level 1:colcon.colcon_core.environment:checking '/home/tanawatp/FRA501_61_WS/install/turtlesim_plus_controller/lib/python3.10/site-packages'
[1.586s] Level 1:colcon.colcon_core.environment:checking '/home/tanawatp/FRA501_61_WS/install/turtlesim_plus_controller/bin'
[1.589s] INFO:colcon.colcon_core.shell:Creating package script '/home/tanawatp/FRA501_61_WS/install/turtlesim_plus_controller/share/turtlesim_plus_controller/package.ps1'
[1.590s] INFO:colcon.colcon_core.shell:Creating package descriptor '/home/tanawatp/FRA501_61_WS/install/turtlesim_plus_controller/share/turtlesim_plus_controller/package.dsv'
[1.591s] INFO:colcon.colcon_core.shell:Creating package script '/home/tanawatp/FRA501_61_WS/install/turtlesim_plus_controller/share/turtlesim_plus_controller/package.sh'
[1.592s] INFO:colcon.colcon_core.shell:Creating package script '/home/tanawatp/FRA501_61_WS/install/turtlesim_plus_controller/share/turtlesim_plus_controller/package.bash'
[1.594s] INFO:colcon.colcon_core.shell:Creating package script '/home/tanawatp/FRA501_61_WS/install/turtlesim_plus_controller/share/turtlesim_plus_controller/package.zsh'
[1.595s] Level 1:colcon.colcon_core.environment:create_file_with_runtime_dependencies(/home/tanawatp/FRA501_61_WS/install/turtlesim_plus_controller/share/colcon-core/packages/turtlesim_plus_controller)
[1.599s] Level 1:colcon.colcon_core.environment:create_environment_scripts_only(draw_fibo)
[1.604s] Level 1:colcon.colcon_core.environment:checking '/home/tanawatp/FRA501_61_WS/install/draw_fibo' for CMake module files
[1.606s] DEBUG:colcon.colcon_core.event_handler.log_command:Invoked command in '/home/tanawatp/FRA501_61_WS/build/draw_fibo' returned '0': CMAKE_PREFIX_PATH=${CMAKE_PREFIX_PATH}:/home/tanawatp/ros2_workspaceTutorial/install/robot_controller:/opt/ros/humble /usr/bin/cmake --install /home/tanawatp/FRA501_61_WS/build/draw_fibo
[1.607s] Level 1:colcon.colcon_core.environment:checking '/home/tanawatp/FRA501_61_WS/install/draw_fibo' for CMake config files
[1.610s] Level 1:colcon.colcon_core.shell:create_environment_hook('draw_fibo', 'cmake_prefix_path')
[1.613s] INFO:colcon.colcon_core.shell:Creating environment hook '/home/tanawatp/FRA501_61_WS/install/draw_fibo/share/draw_fibo/hook/cmake_prefix_path.ps1'
[1.616s] INFO:colcon.colcon_core.shell:Creating environment descriptor '/home/tanawatp/FRA501_61_WS/install/draw_fibo/share/draw_fibo/hook/cmake_prefix_path.dsv'
[1.617s] INFO:colcon.colcon_core.shell:Creating environment hook '/home/tanawatp/FRA501_61_WS/install/draw_fibo/share/draw_fibo/hook/cmake_prefix_path.sh'
[1.618s] Level 1:colcon.colcon_core.environment:checking '/home/tanawatp/FRA501_61_WS/install/draw_fibo/lib'
[1.618s] Level 1:colcon.colcon_core.environment:checking '/home/tanawatp/FRA501_61_WS/install/draw_fibo/bin'
[1.618s] Level 1:colcon.colcon_core.environment:checking '/home/tanawatp/FRA501_61_WS/install/draw_fibo/lib/pkgconfig/draw_fibo.pc'
[1.618s] Level 1:colcon.colcon_core.environment:checking '/home/tanawatp/FRA501_61_WS/install/draw_fibo/lib/python3.10/site-packages'
[1.619s] Level 1:colcon.colcon_core.environment:checking '/home/tanawatp/FRA501_61_WS/install/draw_fibo/bin'
[1.621s] INFO:colcon.colcon_core.shell:Creating package script '/home/tanawatp/FRA501_61_WS/install/draw_fibo/share/draw_fibo/package.ps1'
[1.623s] INFO:colcon.colcon_core.shell:Creating package descriptor '/home/tanawatp/FRA501_61_WS/install/draw_fibo/share/draw_fibo/package.dsv'
[1.624s] INFO:colcon.colcon_core.shell:Creating package script '/home/tanawatp/FRA501_61_WS/install/draw_fibo/share/draw_fibo/package.sh'
[1.625s] INFO:colcon.colcon_core.shell:Creating package script '/home/tanawatp/FRA501_61_WS/install/draw_fibo/share/draw_fibo/package.bash'
[1.626s] INFO:colcon.colcon_core.shell:Creating package script '/home/tanawatp/FRA501_61_WS/install/draw_fibo/share/draw_fibo/package.zsh'
[1.626s] Level 1:colcon.colcon_core.environment:create_file_with_runtime_dependencies(/home/tanawatp/FRA501_61_WS/install/draw_fibo/share/colcon-core/packages/draw_fibo)
[1.629s] DEBUG:colcon.colcon_core.event_handler.log_command:Invoking command in '/home/tanawatp/FRA501_61_WS/build/my_interfaces': CMAKE_PREFIX_PATH=${CMAKE_PREFIX_PATH}:/home/tanawatp/ros2_workspaceTutorial/install/robot_controller:/opt/ros/humble /usr/bin/cmake --install /home/tanawatp/FRA501_61_WS/build/my_interfaces
[1.631s] Level 1:colcon.colcon_core.environment:create_environment_scripts_only(turtlesim_plus)
[1.633s] Level 1:colcon.colcon_core.environment:checking '/home/tanawatp/FRA501_61_WS/install/turtlesim_plus' for CMake module files
[1.634s] DEBUG:colcon.colcon_core.event_handler.log_command:Invoked command in '/home/tanawatp/FRA501_61_WS/build/turtlesim_plus' returned '0': CMAKE_PREFIX_PATH=${CMAKE_PREFIX_PATH}:/home/tanawatp/ros2_workspaceTutorial/install/robot_controller:/opt/ros/humble /usr/bin/cmake --install /home/tanawatp/FRA501_61_WS/build/turtlesim_plus
[1.635s] Level 1:colcon.colcon_core.environment:checking '/home/tanawatp/FRA501_61_WS/install/turtlesim_plus' for CMake config files
[1.635s] Level 1:colcon.colcon_core.shell:create_environment_hook('turtlesim_plus', 'cmake_prefix_path')
[1.637s] INFO:colcon.colcon_core.shell:Creating environment hook '/home/tanawatp/FRA501_61_WS/install/turtlesim_plus/share/turtlesim_plus/hook/cmake_prefix_path.ps1'
[1.637s] INFO:colcon.colcon_core.shell:Creating environment descriptor '/home/tanawatp/FRA501_61_WS/install/turtlesim_plus/share/turtlesim_plus/hook/cmake_prefix_path.dsv'
[1.638s] INFO:colcon.colcon_core.shell:Creating environment hook '/home/tanawatp/FRA501_61_WS/install/turtlesim_plus/share/turtlesim_plus/hook/cmake_prefix_path.sh'
[1.638s] Level 1:colcon.colcon_core.environment:checking '/home/tanawatp/FRA501_61_WS/install/turtlesim_plus/lib'
[1.638s] Level 1:colcon.colcon_core.environment:checking '/home/tanawatp/FRA501_61_WS/install/turtlesim_plus/bin'
[1.639s] Level 1:colcon.colcon_core.environment:checking '/home/tanawatp/FRA501_61_WS/install/turtlesim_plus/lib/pkgconfig/turtlesim_plus.pc'
[1.639s] Level 1:colcon.colcon_core.environment:checking '/home/tanawatp/FRA501_61_WS/install/turtlesim_plus/lib/python3.10/site-packages'
[1.640s] Level 1:colcon.colcon_core.environment:checking '/home/tanawatp/FRA501_61_WS/install/turtlesim_plus/bin'
[1.641s] INFO:colcon.colcon_core.shell:Creating package script '/home/tanawatp/FRA501_61_WS/install/turtlesim_plus/share/turtlesim_plus/package.ps1'
[1.643s] INFO:colcon.colcon_core.shell:Creating package descriptor '/home/tanawatp/FRA501_61_WS/install/turtlesim_plus/share/turtlesim_plus/package.dsv'
[1.644s] INFO:colcon.colcon_core.shell:Creating package script '/home/tanawatp/FRA501_61_WS/install/turtlesim_plus/share/turtlesim_plus/package.sh'
[1.646s] INFO:colcon.colcon_core.shell:Creating package script '/home/tanawatp/FRA501_61_WS/install/turtlesim_plus/share/turtlesim_plus/package.bash'
[1.647s] INFO:colcon.colcon_core.shell:Creating package script '/home/tanawatp/FRA501_61_WS/install/turtlesim_plus/share/turtlesim_plus/package.zsh'
[1.648s] Level 1:colcon.colcon_core.environment:create_file_with_runtime_dependencies(/home/tanawatp/FRA501_61_WS/install/turtlesim_plus/share/colcon-core/packages/turtlesim_plus)
[1.651s] Level 1:colcon.colcon_core.environment:create_environment_scripts_only(turtlesim_plus_planning)
[1.654s] Level 1:colcon.colcon_core.environment:checking '/home/tanawatp/FRA501_61_WS/install/turtlesim_plus_planning' for CMake module files
[1.655s] Level 1:colcon.colcon_core.environment:checking '/home/tanawatp/FRA501_61_WS/install/turtlesim_plus_planning' for CMake config files
[1.656s] Level 1:colcon.colcon_core.shell:create_environment_hook('turtlesim_plus_planning', 'cmake_prefix_path')
[1.658s] INFO:colcon.colcon_core.shell:Creating environment hook '/home/tanawatp/FRA501_61_WS/install/turtlesim_plus_planning/share/turtlesim_plus_planning/hook/cmake_prefix_path.ps1'
[1.660s] INFO:colcon.colcon_core.shell:Creating environment descriptor '/home/tanawatp/FRA501_61_WS/install/turtlesim_plus_planning/share/turtlesim_plus_planning/hook/cmake_prefix_path.dsv'
[1.661s] INFO:colcon.colcon_core.shell:Creating environment hook '/home/tanawatp/FRA501_61_WS/install/turtlesim_plus_planning/share/turtlesim_plus_planning/hook/cmake_prefix_path.sh'
[1.662s] Level 1:colcon.colcon_core.environment:checking '/home/tanawatp/FRA501_61_WS/install/turtlesim_plus_planning/lib'
[1.662s] Level 1:colcon.colcon_core.environment:checking '/home/tanawatp/FRA501_61_WS/install/turtlesim_plus_planning/bin'
[1.662s] Level 1:colcon.colcon_core.environment:checking '/home/tanawatp/FRA501_61_WS/install/turtlesim_plus_planning/lib/pkgconfig/turtlesim_plus_planning.pc'
[1.662s] Level 1:colcon.colcon_core.environment:checking '/home/tanawatp/FRA501_61_WS/install/turtlesim_plus_planning/lib/python3.10/site-packages'
[1.663s] Level 1:colcon.colcon_core.environment:checking '/home/tanawatp/FRA501_61_WS/install/turtlesim_plus_planning/bin'
[1.665s] INFO:colcon.colcon_core.shell:Creating package script '/home/tanawatp/FRA501_61_WS/install/turtlesim_plus_planning/share/turtlesim_plus_planning/package.ps1'
[1.666s] INFO:colcon.colcon_core.shell:Creating package descriptor '/home/tanawatp/FRA501_61_WS/install/turtlesim_plus_planning/share/turtlesim_plus_planning/package.dsv'
[1.667s] INFO:colcon.colcon_core.shell:Creating package script '/home/tanawatp/FRA501_61_WS/install/turtlesim_plus_planning/share/turtlesim_plus_planning/package.sh'
[1.668s] INFO:colcon.colcon_core.shell:Creating package script '/home/tanawatp/FRA501_61_WS/install/turtlesim_plus_planning/share/turtlesim_plus_planning/package.bash'
[1.669s] INFO:colcon.colcon_core.shell:Creating package script '/home/tanawatp/FRA501_61_WS/install/turtlesim_plus_planning/share/turtlesim_plus_planning/package.zsh'
[1.671s] Level 1:colcon.colcon_core.environment:create_file_with_runtime_dependencies(/home/tanawatp/FRA501_61_WS/install/turtlesim_plus_planning/share/colcon-core/packages/turtlesim_plus_planning)
[1.673s] Level 1:colcon.colcon_core.environment:create_environment_scripts_only(turtlesim_plus_scheduler)
[1.677s] Level 1:colcon.colcon_core.environment:checking '/home/tanawatp/FRA501_61_WS/install/turtlesim_plus_scheduler' for CMake module files
[1.679s] DEBUG:colcon.colcon_core.event_handler.log_command:Invoked command in '/home/tanawatp/FRA501_61_WS/build/turtlesim_plus_planning' returned '0': CMAKE_PREFIX_PATH=${CMAKE_PREFIX_PATH}:/home/tanawatp/ros2_workspaceTutorial/install/robot_controller:/opt/ros/humble /usr/bin/cmake --install /home/tanawatp/FRA501_61_WS/build/turtlesim_plus_planning
[1.679s] DEBUG:colcon.colcon_core.event_handler.log_command:Invoked command in '/home/tanawatp/FRA501_61_WS/build/turtlesim_plus_scheduler' returned '0': CMAKE_PREFIX_PATH=${CMAKE_PREFIX_PATH}:/home/tanawatp/ros2_workspaceTutorial/install/robot_controller:/opt/ros/humble /usr/bin/cmake --install /home/tanawatp/FRA501_61_WS/build/turtlesim_plus_scheduler
[1.680s] Level 1:colcon.colcon_core.environment:checking '/home/tanawatp/FRA501_61_WS/install/turtlesim_plus_scheduler' for CMake config files
[1.680s] Level 1:colcon.colcon_core.shell:create_environment_hook('turtlesim_plus_scheduler', 'cmake_prefix_path')
[1.682s] INFO:colcon.colcon_core.shell:Creating environment hook '/home/tanawatp/FRA501_61_WS/install/turtlesim_plus_scheduler/share/turtlesim_plus_scheduler/hook/cmake_prefix_path.ps1'
[1.683s] INFO:colcon.colcon_core.shell:Creating environment descriptor '/home/tanawatp/FRA501_61_WS/install/turtlesim_plus_scheduler/share/turtlesim_plus_scheduler/hook/cmake_prefix_path.dsv'
[1.683s] INFO:colcon.colcon_core.shell:Creating environment hook '/home/tanawatp/FRA501_61_WS/install/turtlesim_plus_scheduler/share/turtlesim_plus_scheduler/hook/cmake_prefix_path.sh'
[1.684s] Level 1:colcon.colcon_core.environment:checking '/home/tanawatp/FRA501_61_WS/install/turtlesim_plus_scheduler/lib'
[1.684s] Level 1:colcon.colcon_core.environment:checking '/home/tanawatp/FRA501_61_WS/install/turtlesim_plus_scheduler/bin'
[1.685s] Level 1:colcon.colcon_core.environment:checking '/home/tanawatp/FRA501_61_WS/install/turtlesim_plus_scheduler/lib/pkgconfig/turtlesim_plus_scheduler.pc'
[1.685s] Level 1:colcon.colcon_core.environment:checking '/home/tanawatp/FRA501_61_WS/install/turtlesim_plus_scheduler/lib/python3.10/site-packages'
[1.685s] Level 1:colcon.colcon_core.environment:checking '/home/tanawatp/FRA501_61_WS/install/turtlesim_plus_scheduler/bin'
[1.687s] INFO:colcon.colcon_core.shell:Creating package script '/home/tanawatp/FRA501_61_WS/install/turtlesim_plus_scheduler/share/turtlesim_plus_scheduler/package.ps1'
[1.687s] INFO:colcon.colcon_core.shell:Creating package descriptor '/home/tanawatp/FRA501_61_WS/install/turtlesim_plus_scheduler/share/turtlesim_plus_scheduler/package.dsv'
[1.688s] INFO:colcon.colcon_core.shell:Creating package script '/home/tanawatp/FRA501_61_WS/install/turtlesim_plus_scheduler/share/turtlesim_plus_scheduler/package.sh'
[1.689s] INFO:colcon.colcon_core.shell:Creating package script '/home/tanawatp/FRA501_61_WS/install/turtlesim_plus_scheduler/share/turtlesim_plus_scheduler/package.bash'
[1.689s] INFO:colcon.colcon_core.shell:Creating package script '/home/tanawatp/FRA501_61_WS/install/turtlesim_plus_scheduler/share/turtlesim_plus_scheduler/package.zsh'
[1.690s] Level 1:colcon.colcon_core.environment:create_file_with_runtime_dependencies(/home/tanawatp/FRA501_61_WS/install/turtlesim_plus_scheduler/share/colcon-core/packages/turtlesim_plus_scheduler)
[1.695s] Level 1:colcon.colcon_core.environment:create_environment_scripts_only(turtlesim_plus_controller)
[1.698s] Level 1:colcon.colcon_core.environment:checking '/home/tanawatp/FRA501_61_WS/install/turtlesim_plus_controller' for CMake module files
[1.700s] Level 1:colcon.colcon_core.environment:checking '/home/tanawatp/FRA501_61_WS/install/turtlesim_plus_controller' for CMake config files
[1.704s] Level 1:colcon.colcon_core.shell:create_environment_hook('turtlesim_plus_controller', 'cmake_prefix_path')
[1.706s] INFO:colcon.colcon_core.shell:Creating environment hook '/home/tanawatp/FRA501_61_WS/install/turtlesim_plus_controller/share/turtlesim_plus_controller/hook/cmake_prefix_path.ps1'
[1.708s] INFO:colcon.colcon_core.shell:Creating environment descriptor '/home/tanawatp/FRA501_61_WS/install/turtlesim_plus_controller/share/turtlesim_plus_controller/hook/cmake_prefix_path.dsv'
[1.709s] INFO:colcon.colcon_core.shell:Creating environment hook '/home/tanawatp/FRA501_61_WS/install/turtlesim_plus_controller/share/turtlesim_plus_controller/hook/cmake_prefix_path.sh'
[1.710s] Level 1:colcon.colcon_core.environment:checking '/home/tanawatp/FRA501_61_WS/install/turtlesim_plus_controller/lib'
[1.710s] Level 1:colcon.colcon_core.environment:checking '/home/tanawatp/FRA501_61_WS/install/turtlesim_plus_controller/bin'
[1.710s] Level 1:colcon.colcon_core.environment:checking '/home/tanawatp/FRA501_61_WS/install/turtlesim_plus_controller/lib/pkgconfig/turtlesim_plus_controller.pc'
[1.710s] Level 1:colcon.colcon_core.environment:checking '/home/tanawatp/FRA501_61_WS/install/turtlesim_plus_controller/lib/python3.10/site-packages'
[1.711s] Level 1:colcon.colcon_core.environment:checking '/home/tanawatp/FRA501_61_WS/install/turtlesim_plus_controller/bin'
[1.712s] INFO:colcon.colcon_core.shell:Creating package script '/home/tanawatp/FRA501_61_WS/install/turtlesim_plus_controller/share/turtlesim_plus_controller/package.ps1'
[1.713s] INFO:colcon.colcon_core.shell:Creating package descriptor '/home/tanawatp/FRA501_61_WS/install/turtlesim_plus_controller/share/turtlesim_plus_controller/package.dsv'
[1.714s] INFO:colcon.colcon_core.shell:Creating package script '/home/tanawatp/FRA501_61_WS/install/turtlesim_plus_controller/share/turtlesim_plus_controller/package.sh'
[1.714s] INFO:colcon.colcon_core.shell:Creating package script '/home/tanawatp/FRA501_61_WS/install/turtlesim_plus_controller/share/turtlesim_plus_controller/package.bash'
[1.715s] INFO:colcon.colcon_core.shell:Creating package script '/home/tanawatp/FRA501_61_WS/install/turtlesim_plus_controller/share/turtlesim_plus_controller/package.zsh'
[1.715s] Level 1:colcon.colcon_core.environment:create_file_with_runtime_dependencies(/home/tanawatp/FRA501_61_WS/install/turtlesim_plus_controller/share/colcon-core/packages/turtlesim_plus_controller)
[1.719s] Level 1:colcon.colcon_core.environment:create_environment_scripts_only(draw_fibo)
[1.722s] Level 1:colcon.colcon_core.environment:checking '/home/tanawatp/FRA501_61_WS/install/draw_fibo' for CMake module files
[1.722s] DEBUG:colcon.colcon_core.event_handler.log_command:Invoking command in '/home/tanawatp/FRA501_61_WS/build/turtlesim_plus_interfaces': CMAKE_PREFIX_PATH=${CMAKE_PREFIX_PATH}:/home/tanawatp/ros2_workspaceTutorial/install/robot_controller:/opt/ros/humble /usr/bin/cmake --install /home/tanawatp/FRA501_61_WS/build/turtlesim_plus_interfaces
[1.723s] Level 1:colcon.colcon_core.environment:checking '/home/tanawatp/FRA501_61_WS/install/draw_fibo' for CMake config files
[1.723s] Level 1:colcon.colcon_core.shell:create_environment_hook('draw_fibo', 'cmake_prefix_path')
[1.724s] INFO:colcon.colcon_core.shell:Creating environment hook '/home/tanawatp/FRA501_61_WS/install/draw_fibo/share/draw_fibo/hook/cmake_prefix_path.ps1'
[1.725s] INFO:colcon.colcon_core.shell:Creating environment descriptor '/home/tanawatp/FRA501_61_WS/install/draw_fibo/share/draw_fibo/hook/cmake_prefix_path.dsv'
[1.725s] INFO:colcon.colcon_core.shell:Creating environment hook '/home/tanawatp/FRA501_61_WS/install/draw_fibo/share/draw_fibo/hook/cmake_prefix_path.sh'
[1.726s] Level 1:colcon.colcon_core.environment:checking '/home/tanawatp/FRA501_61_WS/install/draw_fibo/lib'
[1.726s] Level 1:colcon.colcon_core.environment:checking '/home/tanawatp/FRA501_61_WS/install/draw_fibo/bin'
[1.726s] Level 1:colcon.colcon_core.environment:checking '/home/tanawatp/FRA501_61_WS/install/draw_fibo/lib/pkgconfig/draw_fibo.pc'
[1.726s] Level 1:colcon.colcon_core.environment:checking '/home/tanawatp/FRA501_61_WS/install/draw_fibo/lib/python3.10/site-packages'
[1.726s] Level 1:colcon.colcon_core.environment:checking '/home/tanawatp/FRA501_61_WS/install/draw_fibo/bin'
[1.728s] INFO:colcon.colcon_core.shell:Creating package script '/home/tanawatp/FRA501_61_WS/install/draw_fibo/share/draw_fibo/package.ps1'
[1.729s] INFO:colcon.colcon_core.shell:Creating package descriptor '/home/tanawatp/FRA501_61_WS/install/draw_fibo/share/draw_fibo/package.dsv'
[1.729s] INFO:colcon.colcon_core.shell:Creating package script '/home/tanawatp/FRA501_61_WS/install/draw_fibo/share/draw_fibo/package.sh'
[1.730s] INFO:colcon.colcon_core.shell:Creating package script '/home/tanawatp/FRA501_61_WS/install/draw_fibo/share/draw_fibo/package.bash'
[1.730s] INFO:colcon.colcon_core.shell:Creating package script '/home/tanawatp/FRA501_61_WS/install/draw_fibo/share/draw_fibo/package.zsh'
[1.730s] Level 1:colcon.colcon_core.environment:create_file_with_runtime_dependencies(/home/tanawatp/FRA501_61_WS/install/draw_fibo/share/colcon-core/packages/draw_fibo)
[1.733s] Level 1:colcon.colcon_core.environment:create_environment_scripts_only(turtlesim_plus)
[1.735s] Level 1:colcon.colcon_core.environment:checking '/home/tanawatp/FRA501_61_WS/install/turtlesim_plus' for CMake module files
[1.736s] Level 1:colcon.colcon_core.environment:checking '/home/tanawatp/FRA501_61_WS/install/turtlesim_plus' for CMake config files
[1.736s] Level 1:colcon.colcon_core.shell:create_environment_hook('turtlesim_plus', 'cmake_prefix_path')
[1.738s] INFO:colcon.colcon_core.shell:Creating environment hook '/home/tanawatp/FRA501_61_WS/install/turtlesim_plus/share/turtlesim_plus/hook/cmake_prefix_path.ps1'
[1.738s] INFO:colcon.colcon_core.shell:Creating environment descriptor '/home/tanawatp/FRA501_61_WS/install/turtlesim_plus/share/turtlesim_plus/hook/cmake_prefix_path.dsv'
[1.738s] INFO:colcon.colcon_core.shell:Creating environment hook '/home/tanawatp/FRA501_61_WS/install/turtlesim_plus/share/turtlesim_plus/hook/cmake_prefix_path.sh'
[1.739s] Level 1:colcon.colcon_core.environment:checking '/home/tanawatp/FRA501_61_WS/install/turtlesim_plus/lib'
[1.739s] Level 1:colcon.colcon_core.environment:checking '/home/tanawatp/FRA501_61_WS/install/turtlesim_plus/bin'
[1.739s] Level 1:colcon.colcon_core.environment:checking '/home/tanawatp/FRA501_61_WS/install/turtlesim_plus/lib/pkgconfig/turtlesim_plus.pc'
[1.740s] Level 1:colcon.colcon_core.environment:checking '/home/tanawatp/FRA501_61_WS/install/turtlesim_plus/lib/python3.10/site-packages'
[1.740s] Level 1:colcon.colcon_core.environment:checking '/home/tanawatp/FRA501_61_WS/install/turtlesim_plus/bin'
[1.742s] INFO:colcon.colcon_core.shell:Creating package script '/home/tanawatp/FRA501_61_WS/install/turtlesim_plus/share/turtlesim_plus/package.ps1'
[1.742s] INFO:colcon.colcon_core.shell:Creating package descriptor '/home/tanawatp/FRA501_61_WS/install/turtlesim_plus/share/turtlesim_plus/package.dsv'
[1.743s] INFO:colcon.colcon_core.shell:Creating package script '/home/tanawatp/FRA501_61_WS/install/turtlesim_plus/share/turtlesim_plus/package.sh'
[1.743s] INFO:colcon.colcon_core.shell:Creating package script '/home/tanawatp/FRA501_61_WS/install/turtlesim_plus/share/turtlesim_plus/package.bash'
[1.743s] INFO:colcon.colcon_core.shell:Creating package script '/home/tanawatp/FRA501_61_WS/install/turtlesim_plus/share/turtlesim_plus/package.zsh'
[1.744s] Level 1:colcon.colcon_core.environment:create_file_with_runtime_dependencies(/home/tanawatp/FRA501_61_WS/install/turtlesim_plus/share/colcon-core/packages/turtlesim_plus)
[1.747s] Level 1:colcon.colcon_core.environment:create_environment_scripts_only(turtlesim_plus_planning)
[1.750s] Level 1:colcon.colcon_core.environment:checking '/home/tanawatp/FRA501_61_WS/install/turtlesim_plus_planning' for CMake module files
[1.752s] Level 1:colcon.colcon_core.environment:checking '/home/tanawatp/FRA501_61_WS/install/turtlesim_plus_planning' for CMake config files
[1.754s] Level 1:colcon.colcon_core.shell:create_environment_hook('turtlesim_plus_planning', 'cmake_prefix_path')
[1.756s] INFO:colcon.colcon_core.shell:Creating environment hook '/home/tanawatp/FRA501_61_WS/install/turtlesim_plus_planning/share/turtlesim_plus_planning/hook/cmake_prefix_path.ps1'
[1.757s] INFO:colcon.colcon_core.shell:Creating environment descriptor '/home/tanawatp/FRA501_61_WS/install/turtlesim_plus_planning/share/turtlesim_plus_planning/hook/cmake_prefix_path.dsv'
[1.758s] INFO:colcon.colcon_core.shell:Creating environment hook '/home/tanawatp/FRA501_61_WS/install/turtlesim_plus_planning/share/turtlesim_plus_planning/hook/cmake_prefix_path.sh'
[1.759s] Level 1:colcon.colcon_core.environment:checking '/home/tanawatp/FRA501_61_WS/install/turtlesim_plus_planning/lib'
[1.760s] Level 1:colcon.colcon_core.environment:checking '/home/tanawatp/FRA501_61_WS/install/turtlesim_plus_planning/bin'
[1.760s] Level 1:colcon.colcon_core.environment:checking '/home/tanawatp/FRA501_61_WS/install/turtlesim_plus_planning/lib/pkgconfig/turtlesim_plus_planning.pc'
[1.760s] Level 1:colcon.colcon_core.environment:checking '/home/tanawatp/FRA501_61_WS/install/turtlesim_plus_planning/lib/python3.10/site-packages'
[1.761s] Level 1:colcon.colcon_core.environment:checking '/home/tanawatp/FRA501_61_WS/install/turtlesim_plus_planning/bin'
[1.763s] INFO:colcon.colcon_core.shell:Creating package script '/home/tanawatp/FRA501_61_WS/install/turtlesim_plus_planning/share/turtlesim_plus_planning/package.ps1'
[1.764s] INFO:colcon.colcon_core.shell:Creating package descriptor '/home/tanawatp/FRA501_61_WS/install/turtlesim_plus_planning/share/turtlesim_plus_planning/package.dsv'
[1.765s] INFO:colcon.colcon_core.shell:Creating package script '/home/tanawatp/FRA501_61_WS/install/turtlesim_plus_planning/share/turtlesim_plus_planning/package.sh'
[1.767s] INFO:colcon.colcon_core.shell:Creating package script '/home/tanawatp/FRA501_61_WS/install/turtlesim_plus_planning/share/turtlesim_plus_planning/package.bash'
[1.768s] INFO:colcon.colcon_core.shell:Creating package script '/home/tanawatp/FRA501_61_WS/install/turtlesim_plus_planning/share/turtlesim_plus_planning/package.zsh'
[1.769s] Level 1:colcon.colcon_core.environment:create_file_with_runtime_dependencies(/home/tanawatp/FRA501_61_WS/install/turtlesim_plus_planning/share/colcon-core/packages/turtlesim_plus_planning)
[1.770s] Level 1:colcon.colcon_core.environment:create_environment_scripts_only(my_interfaces)
[1.773s] Level 1:colcon.colcon_core.environment:checking '/home/tanawatp/FRA501_61_WS/install/my_interfaces' for CMake module files
[1.775s] Level 1:colcon.colcon_core.environment:checking '/home/tanawatp/FRA501_61_WS/install/my_interfaces' for CMake config files
[1.779s] Level 1:colcon.colcon_core.shell:create_environment_hook('my_interfaces', 'cmake_prefix_path')
[1.781s] INFO:colcon.colcon_core.shell:Creating environment hook '/home/tanawatp/FRA501_61_WS/install/my_interfaces/share/my_interfaces/hook/cmake_prefix_path.ps1'
[1.783s] INFO:colcon.colcon_core.shell:Creating environment descriptor '/home/tanawatp/FRA501_61_WS/install/my_interfaces/share/my_interfaces/hook/cmake_prefix_path.dsv'
[1.783s] INFO:colcon.colcon_core.shell:Creating environment hook '/home/tanawatp/FRA501_61_WS/install/my_interfaces/share/my_interfaces/hook/cmake_prefix_path.sh'
[1.785s] Level 1:colcon.colcon_core.environment:checking '/home/tanawatp/FRA501_61_WS/install/my_interfaces/lib'
[1.785s] Level 1:colcon.colcon_core.shell:create_environment_hook('my_interfaces', 'ld_library_path_lib')
[1.788s] INFO:colcon.colcon_core.shell:Creating environment hook '/home/tanawatp/FRA501_61_WS/install/my_interfaces/share/my_interfaces/hook/ld_library_path_lib.ps1'
[1.789s] INFO:colcon.colcon_core.shell:Creating environment descriptor '/home/tanawatp/FRA501_61_WS/install/my_interfaces/share/my_interfaces/hook/ld_library_path_lib.dsv'
[1.790s] INFO:colcon.colcon_core.shell:Creating environment hook '/home/tanawatp/FRA501_61_WS/install/my_interfaces/share/my_interfaces/hook/ld_library_path_lib.sh'
[1.791s] Level 1:colcon.colcon_core.environment:checking '/home/tanawatp/FRA501_61_WS/install/my_interfaces/bin'
[1.791s] Level 1:colcon.colcon_core.environment:checking '/home/tanawatp/FRA501_61_WS/install/my_interfaces/lib/pkgconfig/my_interfaces.pc'
[1.792s] Level 1:colcon.colcon_core.environment:checking '/home/tanawatp/FRA501_61_WS/install/my_interfaces/lib/python3.10/site-packages'
[1.792s] Level 1:colcon.colcon_core.environment:checking '/home/tanawatp/FRA501_61_WS/install/my_interfaces/bin'
[1.795s] INFO:colcon.colcon_core.shell:Creating package script '/home/tanawatp/FRA501_61_WS/install/my_interfaces/share/my_interfaces/package.ps1'
[1.797s] INFO:colcon.colcon_core.shell:Creating package descriptor '/home/tanawatp/FRA501_61_WS/install/my_interfaces/share/my_interfaces/package.dsv'
[1.799s] INFO:colcon.colcon_core.shell:Creating package script '/home/tanawatp/FRA501_61_WS/install/my_interfaces/share/my_interfaces/package.sh'
[1.801s] INFO:colcon.colcon_core.shell:Creating package script '/home/tanawatp/FRA501_61_WS/install/my_interfaces/share/my_interfaces/package.bash'
[1.802s] INFO:colcon.colcon_core.shell:Creating package script '/home/tanawatp/FRA501_61_WS/install/my_interfaces/share/my_interfaces/package.zsh'
[1.803s] Level 1:colcon.colcon_core.environment:create_file_with_runtime_dependencies(/home/tanawatp/FRA501_61_WS/install/my_interfaces/share/colcon-core/packages/my_interfaces)
[1.807s] Level 1:colcon.colcon_core.environment:create_environment_scripts_only(turtlesim_plus_scheduler)
[1.810s] Level 1:colcon.colcon_core.environment:checking '/home/tanawatp/FRA501_61_WS/install/turtlesim_plus_scheduler' for CMake module files
[1.811s] Level 1:colcon.colcon_core.environment:checking '/home/tanawatp/FRA501_61_WS/install/turtlesim_plus_scheduler' for CMake config files
[1.812s] DEBUG:colcon.colcon_core.event_handler.log_command:Invoked command in '/home/tanawatp/FRA501_61_WS/build/my_interfaces' returned '0': CMAKE_PREFIX_PATH=${CMAKE_PREFIX_PATH}:/home/tanawatp/ros2_workspaceTutorial/install/robot_controller:/opt/ros/humble /usr/bin/cmake --install /home/tanawatp/FRA501_61_WS/build/my_interfaces
[1.815s] Level 1:colcon.colcon_core.shell:create_environment_hook('turtlesim_plus_scheduler', 'cmake_prefix_path')
[1.817s] INFO:colcon.colcon_core.shell:Creating environment hook '/home/tanawatp/FRA501_61_WS/install/turtlesim_plus_scheduler/share/turtlesim_plus_scheduler/hook/cmake_prefix_path.ps1'
[1.818s] INFO:colcon.colcon_core.shell:Creating environment descriptor '/home/tanawatp/FRA501_61_WS/install/turtlesim_plus_scheduler/share/turtlesim_plus_scheduler/hook/cmake_prefix_path.dsv'
[1.819s] INFO:colcon.colcon_core.shell:Creating environment hook '/home/tanawatp/FRA501_61_WS/install/turtlesim_plus_scheduler/share/turtlesim_plus_scheduler/hook/cmake_prefix_path.sh'
[1.820s] Level 1:colcon.colcon_core.environment:checking '/home/tanawatp/FRA501_61_WS/install/turtlesim_plus_scheduler/lib'
[1.821s] Level 1:colcon.colcon_core.environment:checking '/home/tanawatp/FRA501_61_WS/install/turtlesim_plus_scheduler/bin'
[1.821s] Level 1:colcon.colcon_core.environment:checking '/home/tanawatp/FRA501_61_WS/install/turtlesim_plus_scheduler/lib/pkgconfig/turtlesim_plus_scheduler.pc'
[1.821s] Level 1:colcon.colcon_core.environment:checking '/home/tanawatp/FRA501_61_WS/install/turtlesim_plus_scheduler/lib/python3.10/site-packages'
[1.822s] Level 1:colcon.colcon_core.environment:checking '/home/tanawatp/FRA501_61_WS/install/turtlesim_plus_scheduler/bin'
[1.824s] INFO:colcon.colcon_core.shell:Creating package script '/home/tanawatp/FRA501_61_WS/install/turtlesim_plus_scheduler/share/turtlesim_plus_scheduler/package.ps1'
[1.825s] INFO:colcon.colcon_core.shell:Creating package descriptor '/home/tanawatp/FRA501_61_WS/install/turtlesim_plus_scheduler/share/turtlesim_plus_scheduler/package.dsv'
[1.825s] INFO:colcon.colcon_core.shell:Creating package script '/home/tanawatp/FRA501_61_WS/install/turtlesim_plus_scheduler/share/turtlesim_plus_scheduler/package.sh'
[1.826s] INFO:colcon.colcon_core.shell:Creating package script '/home/tanawatp/FRA501_61_WS/install/turtlesim_plus_scheduler/share/turtlesim_plus_scheduler/package.bash'
[1.826s] INFO:colcon.colcon_core.shell:Creating package script '/home/tanawatp/FRA501_61_WS/install/turtlesim_plus_scheduler/share/turtlesim_plus_scheduler/package.zsh'
[1.827s] Level 1:colcon.colcon_core.environment:create_file_with_runtime_dependencies(/home/tanawatp/FRA501_61_WS/install/turtlesim_plus_scheduler/share/colcon-core/packages/turtlesim_plus_scheduler)
[1.828s] Level 1:colcon.colcon_core.environment:create_environment_scripts_only(turtlesim_plus_interfaces)
[1.831s] Level 1:colcon.colcon_core.environment:checking '/home/tanawatp/FRA501_61_WS/install/turtlesim_plus_interfaces' for CMake module files
[1.832s] DEBUG:colcon.colcon_core.event_handler.log_command:Invoked command in '/home/tanawatp/FRA501_61_WS/build/turtlesim_plus_interfaces' returned '0': CMAKE_PREFIX_PATH=${CMAKE_PREFIX_PATH}:/home/tanawatp/ros2_workspaceTutorial/install/robot_controller:/opt/ros/humble /usr/bin/cmake --install /home/tanawatp/FRA501_61_WS/build/turtlesim_plus_interfaces
[1.832s] Level 1:colcon.colcon_core.environment:checking '/home/tanawatp/FRA501_61_WS/install/turtlesim_plus_interfaces' for CMake config files
[1.833s] Level 1:colcon.colcon_core.shell:create_environment_hook('turtlesim_plus_interfaces', 'cmake_prefix_path')
[1.835s] INFO:colcon.colcon_core.shell:Creating environment hook '/home/tanawatp/FRA501_61_WS/install/turtlesim_plus_interfaces/share/turtlesim_plus_interfaces/hook/cmake_prefix_path.ps1'
[1.836s] INFO:colcon.colcon_core.shell:Creating environment descriptor '/home/tanawatp/FRA501_61_WS/install/turtlesim_plus_interfaces/share/turtlesim_plus_interfaces/hook/cmake_prefix_path.dsv'
[1.836s] INFO:colcon.colcon_core.shell:Creating environment hook '/home/tanawatp/FRA501_61_WS/install/turtlesim_plus_interfaces/share/turtlesim_plus_interfaces/hook/cmake_prefix_path.sh'
[1.837s] Level 1:colcon.colcon_core.environment:checking '/home/tanawatp/FRA501_61_WS/install/turtlesim_plus_interfaces/lib'
[1.837s] Level 1:colcon.colcon_core.shell:create_environment_hook('turtlesim_plus_interfaces', 'ld_library_path_lib')
[1.839s] INFO:colcon.colcon_core.shell:Creating environment hook '/home/tanawatp/FRA501_61_WS/install/turtlesim_plus_interfaces/share/turtlesim_plus_interfaces/hook/ld_library_path_lib.ps1'
[1.840s] INFO:colcon.colcon_core.shell:Creating environment descriptor '/home/tanawatp/FRA501_61_WS/install/turtlesim_plus_interfaces/share/turtlesim_plus_interfaces/hook/ld_library_path_lib.dsv'
[1.840s] INFO:colcon.colcon_core.shell:Creating environment hook '/home/tanawatp/FRA501_61_WS/install/turtlesim_plus_interfaces/share/turtlesim_plus_interfaces/hook/ld_library_path_lib.sh'
[1.841s] Level 1:colcon.colcon_core.environment:checking '/home/tanawatp/FRA501_61_WS/install/turtlesim_plus_interfaces/bin'
[1.841s] Level 1:colcon.colcon_core.environment:checking '/home/tanawatp/FRA501_61_WS/install/turtlesim_plus_interfaces/lib/pkgconfig/turtlesim_plus_interfaces.pc'
[1.841s] Level 1:colcon.colcon_core.environment:checking '/home/tanawatp/FRA501_61_WS/install/turtlesim_plus_interfaces/lib/python3.10/site-packages'
[1.841s] Level 1:colcon.colcon_core.environment:checking '/home/tanawatp/FRA501_61_WS/install/turtlesim_plus_interfaces/bin'
[1.843s] INFO:colcon.colcon_core.shell:Creating package script '/home/tanawatp/FRA501_61_WS/install/turtlesim_plus_interfaces/share/turtlesim_plus_interfaces/package.ps1'
[1.844s] INFO:colcon.colcon_core.shell:Creating package descriptor '/home/tanawatp/FRA501_61_WS/install/turtlesim_plus_interfaces/share/turtlesim_plus_interfaces/package.dsv'
[1.845s] INFO:colcon.colcon_core.shell:Creating package script '/home/tanawatp/FRA501_61_WS/install/turtlesim_plus_interfaces/share/turtlesim_plus_interfaces/package.sh'
[1.845s] INFO:colcon.colcon_core.shell:Creating package script '/home/tanawatp/FRA501_61_WS/install/turtlesim_plus_interfaces/share/turtlesim_plus_interfaces/package.bash'
[1.845s] INFO:colcon.colcon_core.shell:Creating package script '/home/tanawatp/FRA501_61_WS/install/turtlesim_plus_interfaces/share/turtlesim_plus_interfaces/package.zsh'
[1.846s] Level 1:colcon.colcon_core.environment:create_file_with_runtime_dependencies(/home/tanawatp/FRA501_61_WS/install/turtlesim_plus_interfaces/share/colcon-core/packages/turtlesim_plus_interfaces)
[1.893s] Level 1:colcon.colcon_core.environment:create_environment_scripts_only(my_interfaces)
[1.895s] Level 1:colcon.colcon_core.environment:checking '/home/tanawatp/FRA501_61_WS/install/my_interfaces' for CMake module files
[1.896s] Level 1:colcon.colcon_core.environment:checking '/home/tanawatp/FRA501_61_WS/install/my_interfaces' for CMake config files
[1.896s] Level 1:colcon.colcon_core.shell:create_environment_hook('my_interfaces', 'cmake_prefix_path')
[1.898s] INFO:colcon.colcon_core.shell:Creating environment hook '/home/tanawatp/FRA501_61_WS/install/my_interfaces/share/my_interfaces/hook/cmake_prefix_path.ps1'
[1.899s] INFO:colcon.colcon_core.shell:Creating environment descriptor '/home/tanawatp/FRA501_61_WS/install/my_interfaces/share/my_interfaces/hook/cmake_prefix_path.dsv'
[1.900s] INFO:colcon.colcon_core.shell:Creating environment hook '/home/tanawatp/FRA501_61_WS/install/my_interfaces/share/my_interfaces/hook/cmake_prefix_path.sh'
[1.900s] Level 1:colcon.colcon_core.environment:checking '/home/tanawatp/FRA501_61_WS/install/my_interfaces/lib'
[1.900s] Level 1:colcon.colcon_core.shell:create_environment_hook('my_interfaces', 'ld_library_path_lib')
[1.902s] INFO:colcon.colcon_core.shell:Creating environment hook '/home/tanawatp/FRA501_61_WS/install/my_interfaces/share/my_interfaces/hook/ld_library_path_lib.ps1'
[1.903s] INFO:colcon.colcon_core.shell:Creating environment descriptor '/home/tanawatp/FRA501_61_WS/install/my_interfaces/share/my_interfaces/hook/ld_library_path_lib.dsv'
[1.903s] INFO:colcon.colcon_core.shell:Creating environment hook '/home/tanawatp/FRA501_61_WS/install/my_interfaces/share/my_interfaces/hook/ld_library_path_lib.sh'
[1.904s] Level 1:colcon.colcon_core.environment:checking '/home/tanawatp/FRA501_61_WS/install/my_interfaces/bin'
[1.904s] Level 1:colcon.colcon_core.environment:checking '/home/tanawatp/FRA501_61_WS/install/my_interfaces/lib/pkgconfig/my_interfaces.pc'
[1.904s] Level 1:colcon.colcon_core.environment:checking '/home/tanawatp/FRA501_61_WS/install/my_interfaces/lib/python3.10/site-packages'
[1.904s] Level 1:colcon.colcon_core.environment:checking '/home/tanawatp/FRA501_61_WS/install/my_interfaces/bin'
[1.906s] INFO:colcon.colcon_core.shell:Creating package script '/home/tanawatp/FRA501_61_WS/install/my_interfaces/share/my_interfaces/package.ps1'
[1.907s] INFO:colcon.colcon_core.shell:Creating package descriptor '/home/tanawatp/FRA501_61_WS/install/my_interfaces/share/my_interfaces/package.dsv'
[1.907s] INFO:colcon.colcon_core.shell:Creating package script '/home/tanawatp/FRA501_61_WS/install/my_interfaces/share/my_interfaces/package.sh'
[1.908s] INFO:colcon.colcon_core.shell:Creating package script '/home/tanawatp/FRA501_61_WS/install/my_interfaces/share/my_interfaces/package.bash'
[1.908s] INFO:colcon.colcon_core.shell:Creating package script '/home/tanawatp/FRA501_61_WS/install/my_interfaces/share/my_interfaces/package.zsh'
[1.909s] Level 1:colcon.colcon_core.environment:create_file_with_runtime_dependencies(/home/tanawatp/FRA501_61_WS/install/my_interfaces/share/colcon-core/packages/my_interfaces)
[1.971s] Level 1:colcon.colcon_core.environment:create_environment_scripts_only(turtlesim_plus_interfaces)
[1.973s] Level 1:colcon.colcon_core.environment:checking '/home/tanawatp/FRA501_61_WS/install/turtlesim_plus_interfaces' for CMake module files
[1.974s] Level 1:colcon.colcon_core.environment:checking '/home/tanawatp/FRA501_61_WS/install/turtlesim_plus_interfaces' for CMake config files
[1.974s] Level 1:colcon.colcon_core.shell:create_environment_hook('turtlesim_plus_interfaces', 'cmake_prefix_path')
[1.976s] INFO:colcon.colcon_core.shell:Creating environment hook '/home/tanawatp/FRA501_61_WS/install/turtlesim_plus_interfaces/share/turtlesim_plus_interfaces/hook/cmake_prefix_path.ps1'
[1.976s] INFO:colcon.colcon_core.shell:Creating environment descriptor '/home/tanawatp/FRA501_61_WS/install/turtlesim_plus_interfaces/share/turtlesim_plus_interfaces/hook/cmake_prefix_path.dsv'
[1.977s] INFO:colcon.colcon_core.shell:Creating environment hook '/home/tanawatp/FRA501_61_WS/install/turtlesim_plus_interfaces/share/turtlesim_plus_interfaces/hook/cmake_prefix_path.sh'
[1.977s] Level 1:colcon.colcon_core.environment:checking '/home/tanawatp/FRA501_61_WS/install/turtlesim_plus_interfaces/lib'
[1.977s] Level 1:colcon.colcon_core.shell:create_environment_hook('turtlesim_plus_interfaces', 'ld_library_path_lib')
[1.979s] INFO:colcon.colcon_core.shell:Creating environment hook '/home/tanawatp/FRA501_61_WS/install/turtlesim_plus_interfaces/share/turtlesim_plus_interfaces/hook/ld_library_path_lib.ps1'
[1.979s] INFO:colcon.colcon_core.shell:Creating environment descriptor '/home/tanawatp/FRA501_61_WS/install/turtlesim_plus_interfaces/share/turtlesim_plus_interfaces/hook/ld_library_path_lib.dsv'
[1.979s] INFO:colcon.colcon_core.shell:Creating environment hook '/home/tanawatp/FRA501_61_WS/install/turtlesim_plus_interfaces/share/turtlesim_plus_interfaces/hook/ld_library_path_lib.sh'
[1.980s] Level 1:colcon.colcon_core.environment:checking '/home/tanawatp/FRA501_61_WS/install/turtlesim_plus_interfaces/bin'
[1.980s] Level 1:colcon.colcon_core.environment:checking '/home/tanawatp/FRA501_61_WS/install/turtlesim_plus_interfaces/lib/pkgconfig/turtlesim_plus_interfaces.pc'
[1.980s] Level 1:colcon.colcon_core.environment:checking '/home/tanawatp/FRA501_61_WS/install/turtlesim_plus_interfaces/lib/python3.10/site-packages'
[1.980s] Level 1:colcon.colcon_core.environment:checking '/home/tanawatp/FRA501_61_WS/install/turtlesim_plus_interfaces/bin'
[1.982s] INFO:colcon.colcon_core.shell:Creating package script '/home/tanawatp/FRA501_61_WS/install/turtlesim_plus_interfaces/share/turtlesim_plus_interfaces/package.ps1'
[1.982s] INFO:colcon.colcon_core.shell:Creating package descriptor '/home/tanawatp/FRA501_61_WS/install/turtlesim_plus_interfaces/share/turtlesim_plus_interfaces/package.dsv'
[1.983s] INFO:colcon.colcon_core.shell:Creating package script '/home/tanawatp/FRA501_61_WS/install/turtlesim_plus_interfaces/share/turtlesim_plus_interfaces/package.sh'
[1.983s] INFO:colcon.colcon_core.shell:Creating package script '/home/tanawatp/FRA501_61_WS/install/turtlesim_plus_interfaces/share/turtlesim_plus_interfaces/package.bash'
[1.983s] INFO:colcon.colcon_core.shell:Creating package script '/home/tanawatp/FRA501_61_WS/install/turtlesim_plus_interfaces/share/turtlesim_plus_interfaces/package.zsh'
[1.984s] Level 1:colcon.colcon_core.environment:create_file_with_runtime_dependencies(/home/tanawatp/FRA501_61_WS/install/turtlesim_plus_interfaces/share/colcon-core/packages/turtlesim_plus_interfaces)
[1.984s] DEBUG:colcon.colcon_parallel_executor.executor.parallel:closing loop
[1.984s] DEBUG:colcon.colcon_parallel_executor.executor.parallel:loop closed
[1.985s] DEBUG:colcon.colcon_parallel_executor.executor.parallel:run_until_complete finished with '0'
[1.985s] DEBUG:colcon.colcon_core.event_reactor:joining thread
[1.993s] INFO:colcon.colcon_core.plugin_system:Skipping extension 'colcon_notification.desktop_notification.terminal_notifier': Not used on non-Darwin systems
[1.993s] INFO:colcon.colcon_core.plugin_system:Skipping extension 'colcon_notification.desktop_notification.win32': Not used on non-Windows systems
[1.993s] INFO:colcon.colcon_notification.desktop_notification:Sending desktop notification using 'notify2'
[2.008s] DEBUG:colcon.colcon_core.event_reactor:joined thread
[2.010s] INFO:colcon.colcon_core.shell:Creating prefix script '/home/tanawatp/FRA501_61_WS/install/local_setup.ps1'
[2.011s] INFO:colcon.colcon_core.shell:Creating prefix util module '/home/tanawatp/FRA501_61_WS/install/_local_setup_util_ps1.py'
[2.012s] INFO:colcon.colcon_core.shell:Creating prefix chain script '/home/tanawatp/FRA501_61_WS/install/setup.ps1'
[2.015s] INFO:colcon.colcon_core.shell:Creating prefix script '/home/tanawatp/FRA501_61_WS/install/local_setup.sh'
[2.016s] INFO:colcon.colcon_core.shell:Creating prefix util module '/home/tanawatp/FRA501_61_WS/install/_local_setup_util_sh.py'
[2.016s] INFO:colcon.colcon_core.shell:Creating prefix chain script '/home/tanawatp/FRA501_61_WS/install/setup.sh'
[2.019s] INFO:colcon.colcon_core.shell:Creating prefix script '/home/tanawatp/FRA501_61_WS/install/local_setup.bash'
[2.019s] INFO:colcon.colcon_core.shell:Creating prefix chain script '/home/tanawatp/FRA501_61_WS/install/setup.bash'
[2.021s] INFO:colcon.colcon_core.shell:Creating prefix script '/home/tanawatp/FRA501_61_WS/install/local_setup.zsh'
[2.022s] INFO:colcon.colcon_core.shell:Creating prefix chain script '/home/tanawatp/FRA501_61_WS/install/setup.zsh'
