[0.054s] Invoking command in '/home/tanawatp/FRA501_61_WS/build/turtlesim_plus_controller': CMAKE_PREFIX_PATH=${CMAKE_PREFIX_PATH}:/home/tanawatp/ros2_workspaceTutorial/install/robot_controller:/opt/ros/humble /usr/bin/cmake --build /home/tanawatp/FRA501_61_WS/build/turtlesim_plus_controller -- -j8 -l8
[0.147s] [  0%] Built target ament_cmake_python_copy_turtlesim_plus_controller
[0.151s] [100%] Built target cpp_node_test
[0.791s] running egg_info
[0.791s] writing turtlesim_plus_controller.egg-info/PKG-INFO
[0.792s] writing dependency_links to turtlesim_plus_controller.egg-info/dependency_links.txt
[0.792s] writing top-level names to turtlesim_plus_controller.egg-info/top_level.txt
[0.792s] reading manifest file 'turtlesim_plus_controller.egg-info/SOURCES.txt'
[0.793s] writing manifest file 'turtlesim_plus_controller.egg-info/SOURCES.txt'
[0.868s] [100%] Built target ament_cmake_python_build_turtlesim_plus_controller_egg
[0.884s] Invoked command in '/home/tanawatp/FRA501_61_WS/build/turtlesim_plus_controller' returned '0': CMAKE_PREFIX_PATH=${CMAKE_PREFIX_PATH}:/home/tanawatp/ros2_workspaceTutorial/install/robot_controller:/opt/ros/humble /usr/bin/cmake --build /home/tanawatp/FRA501_61_WS/build/turtlesim_plus_controller -- -j8 -l8
[0.993s] Invoking command in '/home/tanawatp/FRA501_61_WS/build/turtlesim_plus_controller': CMAKE_PREFIX_PATH=${CMAKE_PREFIX_PATH}:/home/tanawatp/ros2_workspaceTutorial/install/robot_controller:/opt/ros/humble /usr/bin/cmake --install /home/tanawatp/FRA501_61_WS/build/turtlesim_plus_controller
[1.006s] -- Install configuration: ""
[1.013s] -- Up-to-date: /home/tanawatp/FRA501_61_WS/install/turtlesim_plus_controller/share/turtlesim_plus_controller/environment/pythonpath.sh
[1.014s] -- Up-to-date: /home/tanawatp/FRA501_61_WS/install/turtlesim_plus_controller/share/turtlesim_plus_controller/environment/pythonpath.dsv
[1.015s] -- Up-to-date: /home/tanawatp/FRA501_61_WS/install/turtlesim_plus_controller/local/lib/python3.10/dist-packages/turtlesim_plus_controller-0.0.0-py3.10.egg-info
[1.015s] -- Installing: /home/tanawatp/FRA501_61_WS/install/turtlesim_plus_controller/local/lib/python3.10/dist-packages/turtlesim_plus_controller-0.0.0-py3.10.egg-info/dependency_links.txt
[1.015s] -- Installing: /home/tanawatp/FRA501_61_WS/install/turtlesim_plus_controller/local/lib/python3.10/dist-packages/turtlesim_plus_controller-0.0.0-py3.10.egg-info/top_level.txt
[1.015s] -- Installing: /home/tanawatp/FRA501_61_WS/install/turtlesim_plus_controller/local/lib/python3.10/dist-packages/turtlesim_plus_controller-0.0.0-py3.10.egg-info/PKG-INFO
[1.016s] -- Installing: /home/tanawatp/FRA501_61_WS/install/turtlesim_plus_controller/local/lib/python3.10/dist-packages/turtlesim_plus_controller-0.0.0-py3.10.egg-info/SOURCES.txt
[1.016s] -- Up-to-date: /home/tanawatp/FRA501_61_WS/install/turtlesim_plus_controller/local/lib/python3.10/dist-packages/turtlesim_plus_controller
[1.016s] -- Up-to-date: /home/tanawatp/FRA501_61_WS/install/turtlesim_plus_controller/local/lib/python3.10/dist-packages/turtlesim_plus_controller/dummy_module.py
[1.016s] -- Up-to-date: /home/tanawatp/FRA501_61_WS/install/turtlesim_plus_controller/local/lib/python3.10/dist-packages/turtlesim_plus_controller/__init__.py
[1.060s] Listing '/home/tanawatp/FRA501_61_WS/install/turtlesim_plus_controller/local/lib/python3.10/dist-packages/turtlesim_plus_controller'...
[1.082s] -- Up-to-date: /home/tanawatp/FRA501_61_WS/install/turtlesim_plus_controller/lib/turtlesim_plus_controller/tao_controller.py
[1.082s] -- Up-to-date: /home/tanawatp/FRA501_61_WS/install/turtlesim_plus_controller/lib/turtlesim_plus_controller/cpp_node_test
[1.083s] -- Up-to-date: /home/tanawatp/FRA501_61_WS/install/turtlesim_plus_controller/share/turtlesim_plus_controller
[1.083s] -- Up-to-date: /home/tanawatp/FRA501_61_WS/install/turtlesim_plus_controller/share/ament_index/resource_index/package_run_dependencies/turtlesim_plus_controller
[1.084s] -- Up-to-date: /home/tanawatp/FRA501_61_WS/install/turtlesim_plus_controller/share/ament_index/resource_index/parent_prefix_path/turtlesim_plus_controller
[1.084s] -- Up-to-date: /home/tanawatp/FRA501_61_WS/install/turtlesim_plus_controller/share/turtlesim_plus_controller/environment/ament_prefix_path.sh
[1.084s] -- Up-to-date: /home/tanawatp/FRA501_61_WS/install/turtlesim_plus_controller/share/turtlesim_plus_controller/environment/ament_prefix_path.dsv
[1.084s] -- Up-to-date: /home/tanawatp/FRA501_61_WS/install/turtlesim_plus_controller/share/turtlesim_plus_controller/environment/path.sh
[1.085s] -- Up-to-date: /home/tanawatp/FRA501_61_WS/install/turtlesim_plus_controller/share/turtlesim_plus_controller/environment/path.dsv
[1.089s] -- Up-to-date: /home/tanawatp/FRA501_61_WS/install/turtlesim_plus_controller/share/turtlesim_plus_controller/local_setup.bash
[1.090s] -- Up-to-date: /home/tanawatp/FRA501_61_WS/install/turtlesim_plus_controller/share/turtlesim_plus_controller/local_setup.sh
[1.094s] -- Up-to-date: /home/tanawatp/FRA501_61_WS/install/turtlesim_plus_controller/share/turtlesim_plus_controller/local_setup.zsh
[1.095s] -- Up-to-date: /home/tanawatp/FRA501_61_WS/install/turtlesim_plus_controller/share/turtlesim_plus_controller/local_setup.dsv
[1.096s] -- Installing: /home/tanawatp/FRA501_61_WS/install/turtlesim_plus_controller/share/turtlesim_plus_controller/package.dsv
[1.096s] -- Up-to-date: /home/tanawatp/FRA501_61_WS/install/turtlesim_plus_controller/share/ament_index/resource_index/packages/turtlesim_plus_controller
[1.096s] -- Up-to-date: /home/tanawatp/FRA501_61_WS/install/turtlesim_plus_controller/share/turtlesim_plus_controller/cmake/turtlesim_plus_controllerConfig.cmake
[1.097s] -- Up-to-date: /home/tanawatp/FRA501_61_WS/install/turtlesim_plus_controller/share/turtlesim_plus_controller/cmake/turtlesim_plus_controllerConfig-version.cmake
[1.097s] -- Up-to-date: /home/tanawatp/FRA501_61_WS/install/turtlesim_plus_controller/share/turtlesim_plus_controller/package.xml
[1.116s] Invoked command in '/home/tanawatp/FRA501_61_WS/build/turtlesim_plus_controller' returned '0': CMAKE_PREFIX_PATH=${CMAKE_PREFIX_PATH}:/home/tanawatp/ros2_workspaceTutorial/install/robot_controller:/opt/ros/humble /usr/bin/cmake --install /home/tanawatp/FRA501_61_WS/build/turtlesim_plus_controller
