-- The C compiler identification is GNU 11.4.0
-- The CXX compiler identification is GNU 11.4.0
-- Detecting C compiler ABI info
-- Detecting C compiler ABI info - done
-- Check for working C compiler: /usr/bin/cc - skipped
-- Detecting C compile features
-- Detecting C compile features - done
-- Detecting CXX compiler ABI info
-- Detecting CXX compiler ABI info - done
-- Check for working CXX compiler: /usr/bin/c++ - skipped
-- Detecting CXX compile features
-- Detecting CXX compile features - done
-- Found ament_cmake: 1.3.5 (/opt/ros/humble/share/ament_cmake/cmake)
-- Found Python3: /usr/bin/python3.10 (found version "3.10.12") found components: Interpreter 
-- Found rclcpp: 16.0.5 (/opt/ros/humble/share/rclcpp/cmake)
-- Found rosidl_generator_c: 3.1.5 (/opt/ros/humble/share/rosidl_generator_c/cmake)
-- Found rosidl_adapter: 3.1.5 (/opt/ros/humble/share/rosidl_adapter/cmake)
-- Found rosidl_generator_cpp: 3.1.5 (/opt/ros/humble/share/rosidl_generator_cpp/cmake)
-- Using all available rosidl_typesupport_c: rosidl_typesupport_fastrtps_c;rosidl_typesupport_introspection_c
-- Using all available rosidl_typesupport_cpp: rosidl_typesupport_fastrtps_cpp;rosidl_typesupport_introspection_cpp
-- Found rmw_implementation_cmake: 6.1.1 (/opt/ros/humble/share/rmw_implementation_cmake/cmake)
-- Found rmw_fastrtps_cpp: 6.2.3 (/opt/ros/humble/share/rmw_fastrtps_cpp/cmake)
-- Found OpenSSL: /usr/lib/x86_64-linux-gnu/libcrypto.so (found version "3.0.2")  
-- Found FastRTPS: /opt/ros/humble/include  
-- Using RMW implementation 'rmw_fastrtps_cpp' as default
-- Looking for pthread.h
-- Looking for pthread.h - found
-- Performing Test CMAKE_HAVE_LIBC_PTHREAD
-- Performing Test CMAKE_HAVE_LIBC_PTHREAD - Success
-- Found Threads: TRUE  
-- Found rclpy: 3.3.9 (/opt/ros/humble/share/rclpy/cmake)
-- Configuring done
-- Generating done
-- Build files have been written to: /home/tanawatp/FRA501_61_WS/build/turtlesim_plus_planning
[ 50%] [32mBuilding CXX object CMakeFiles/cpp_node_test.dir/src/cpp_node.cpp.o[0m
[ 50%] Built target ament_cmake_python_copy_turtlesim_plus_planning
[100%] [32m[1mLinking CXX executable cpp_node_test[0m
running egg_info
creating turtlesim_plus_planning.egg-info
writing turtlesim_plus_planning.egg-info/PKG-INFO
writing dependency_links to turtlesim_plus_planning.egg-info/dependency_links.txt
writing top-level names to turtlesim_plus_planning.egg-info/top_level.txt
writing manifest file 'turtlesim_plus_planning.egg-info/SOURCES.txt'
reading manifest file 'turtlesim_plus_planning.egg-info/SOURCES.txt'
writing manifest file 'turtlesim_plus_planning.egg-info/SOURCES.txt'
[100%] Built target ament_cmake_python_build_turtlesim_plus_planning_egg
[100%] Built target cpp_node_test
-- Install configuration: ""
-- Installing: /home/tanawatp/FRA501_61_WS/install/turtlesim_plus_planning/share/turtlesim_plus_planning/environment/pythonpath.sh
-- Installing: /home/tanawatp/FRA501_61_WS/install/turtlesim_plus_planning/share/turtlesim_plus_planning/environment/pythonpath.dsv
-- Installing: /home/tanawatp/FRA501_61_WS/install/turtlesim_plus_planning/local/lib/python3.10/dist-packages/turtlesim_plus_planning-0.0.0-py3.10.egg-info
-- Installing: /home/tanawatp/FRA501_61_WS/install/turtlesim_plus_planning/local/lib/python3.10/dist-packages/turtlesim_plus_planning-0.0.0-py3.10.egg-info/dependency_links.txt
-- Installing: /home/tanawatp/FRA501_61_WS/install/turtlesim_plus_planning/local/lib/python3.10/dist-packages/turtlesim_plus_planning-0.0.0-py3.10.egg-info/top_level.txt
-- Installing: /home/tanawatp/FRA501_61_WS/install/turtlesim_plus_planning/local/lib/python3.10/dist-packages/turtlesim_plus_planning-0.0.0-py3.10.egg-info/PKG-INFO
-- Installing: /home/tanawatp/FRA501_61_WS/install/turtlesim_plus_planning/local/lib/python3.10/dist-packages/turtlesim_plus_planning-0.0.0-py3.10.egg-info/SOURCES.txt
-- Installing: /home/tanawatp/FRA501_61_WS/install/turtlesim_plus_planning/local/lib/python3.10/dist-packages/turtlesim_plus_planning
-- Installing: /home/tanawatp/FRA501_61_WS/install/turtlesim_plus_planning/local/lib/python3.10/dist-packages/turtlesim_plus_planning/dummy_module.py
-- Installing: /home/tanawatp/FRA501_61_WS/install/turtlesim_plus_planning/local/lib/python3.10/dist-packages/turtlesim_plus_planning/__init__.py
Listing '/home/tanawatp/FRA501_61_WS/install/turtlesim_plus_planning/local/lib/python3.10/dist-packages/turtlesim_plus_planning'...
Compiling '/home/tanawatp/FRA501_61_WS/install/turtlesim_plus_planning/local/lib/python3.10/dist-packages/turtlesim_plus_planning/__init__.py'...
Compiling '/home/tanawatp/FRA501_61_WS/install/turtlesim_plus_planning/local/lib/python3.10/dist-packages/turtlesim_plus_planning/dummy_module.py'...
-- Installing: /home/tanawatp/FRA501_61_WS/install/turtlesim_plus_planning/lib/turtlesim_plus_planning/tao_planning.py
-- Installing: /home/tanawatp/FRA501_61_WS/install/turtlesim_plus_planning/lib/turtlesim_plus_planning/cpp_node_test
-- Set runtime path of "/home/tanawatp/FRA501_61_WS/install/turtlesim_plus_planning/lib/turtlesim_plus_planning/cpp_node_test" to ""
-- Up-to-date: /home/tanawatp/FRA501_61_WS/install/turtlesim_plus_planning/share/turtlesim_plus_planning
-- Installing: /home/tanawatp/FRA501_61_WS/install/turtlesim_plus_planning/share/ament_index/resource_index/package_run_dependencies/turtlesim_plus_planning
-- Installing: /home/tanawatp/FRA501_61_WS/install/turtlesim_plus_planning/share/ament_index/resource_index/parent_prefix_path/turtlesim_plus_planning
-- Installing: /home/tanawatp/FRA501_61_WS/install/turtlesim_plus_planning/share/turtlesim_plus_planning/environment/ament_prefix_path.sh
-- Installing: /home/tanawatp/FRA501_61_WS/install/turtlesim_plus_planning/share/turtlesim_plus_planning/environment/ament_prefix_path.dsv
-- Installing: /home/tanawatp/FRA501_61_WS/install/turtlesim_plus_planning/share/turtlesim_plus_planning/environment/path.sh
-- Installing: /home/tanawatp/FRA501_61_WS/install/turtlesim_plus_planning/share/turtlesim_plus_planning/environment/path.dsv
-- Installing: /home/tanawatp/FRA501_61_WS/install/turtlesim_plus_planning/share/turtlesim_plus_planning/local_setup.bash
-- Installing: /home/tanawatp/FRA501_61_WS/install/turtlesim_plus_planning/share/turtlesim_plus_planning/local_setup.sh
-- Installing: /home/tanawatp/FRA501_61_WS/install/turtlesim_plus_planning/share/turtlesim_plus_planning/local_setup.zsh
-- Installing: /home/tanawatp/FRA501_61_WS/install/turtlesim_plus_planning/share/turtlesim_plus_planning/local_setup.dsv
-- Installing: /home/tanawatp/FRA501_61_WS/install/turtlesim_plus_planning/share/turtlesim_plus_planning/package.dsv
-- Installing: /home/tanawatp/FRA501_61_WS/install/turtlesim_plus_planning/share/ament_index/resource_index/packages/turtlesim_plus_planning
-- Installing: /home/tanawatp/FRA501_61_WS/install/turtlesim_plus_planning/share/turtlesim_plus_planning/cmake/turtlesim_plus_planningConfig.cmake
-- Installing: /home/tanawatp/FRA501_61_WS/install/turtlesim_plus_planning/share/turtlesim_plus_planning/cmake/turtlesim_plus_planningConfig-version.cmake
-- Installing: /home/tanawatp/FRA501_61_WS/install/turtlesim_plus_planning/share/turtlesim_plus_planning/package.xml
