[0.064s] Invoking command in '/home/tanawatp/FRA501_61_WS/build/turtlesim_plus': CMAKE_PREFIX_PATH=${CMAKE_PREFIX_PATH}:/home/tanawatp/ros2_workspaceTutorial/install/robot_controller:/opt/ros/humble /usr/bin/cmake --build /home/tanawatp/FRA501_61_WS/build/turtlesim_plus -- -j8 -l8
[0.170s] Built target ament_cmake_python_copy_turtlesim_plus
[0.792s] running egg_info
[0.793s] writing turtlesim_plus.egg-info/PKG-INFO
[0.793s] writing dependency_links to turtlesim_plus.egg-info/dependency_links.txt
[0.793s] writing top-level names to turtlesim_plus.egg-info/top_level.txt
[0.799s] reading manifest file 'turtlesim_plus.egg-info/SOURCES.txt'
[0.799s] writing manifest file 'turtlesim_plus.egg-info/SOURCES.txt'
[0.873s] Built target ament_cmake_python_build_turtlesim_plus_egg
[0.892s] Invoked command in '/home/tanawatp/FRA501_61_WS/build/turtlesim_plus' returned '0': CMAKE_PREFIX_PATH=${CMAKE_PREFIX_PATH}:/home/tanawatp/ros2_workspaceTutorial/install/robot_controller:/opt/ros/humble /usr/bin/cmake --build /home/tanawatp/FRA501_61_WS/build/turtlesim_plus -- -j8 -l8
[0.940s] Invoking command in '/home/tanawatp/FRA501_61_WS/build/turtlesim_plus': CMAKE_PREFIX_PATH=${CMAKE_PREFIX_PATH}:/home/tanawatp/ros2_workspaceTutorial/install/robot_controller:/opt/ros/humble /usr/bin/cmake --install /home/tanawatp/FRA501_61_WS/build/turtlesim_plus
[0.961s] -- Install configuration: ""
[0.961s] -- Up-to-date: /home/tanawatp/FRA501_61_WS/install/turtlesim_plus/share/turtlesim_plus/environment/pythonpath.sh
[0.961s] -- Up-to-date: /home/tanawatp/FRA501_61_WS/install/turtlesim_plus/share/turtlesim_plus/environment/pythonpath.dsv
[0.961s] -- Up-to-date: /home/tanawatp/FRA501_61_WS/install/turtlesim_plus/local/lib/python3.10/dist-packages/turtlesim_plus-1.0.0-py3.10.egg-info
[0.961s] -- Installing: /home/tanawatp/FRA501_61_WS/install/turtlesim_plus/local/lib/python3.10/dist-packages/turtlesim_plus-1.0.0-py3.10.egg-info/dependency_links.txt
[0.962s] -- Installing: /home/tanawatp/FRA501_61_WS/install/turtlesim_plus/local/lib/python3.10/dist-packages/turtlesim_plus-1.0.0-py3.10.egg-info/top_level.txt
[0.962s] -- Installing: /home/tanawatp/FRA501_61_WS/install/turtlesim_plus/local/lib/python3.10/dist-packages/turtlesim_plus-1.0.0-py3.10.egg-info/PKG-INFO
[0.962s] -- Installing: /home/tanawatp/FRA501_61_WS/install/turtlesim_plus/local/lib/python3.10/dist-packages/turtlesim_plus-1.0.0-py3.10.egg-info/SOURCES.txt
[0.963s] -- Up-to-date: /home/tanawatp/FRA501_61_WS/install/turtlesim_plus/local/lib/python3.10/dist-packages/turtlesim_plus
[0.963s] -- Up-to-date: /home/tanawatp/FRA501_61_WS/install/turtlesim_plus/local/lib/python3.10/dist-packages/turtlesim_plus/entity.py
[0.963s] -- Up-to-date: /home/tanawatp/FRA501_61_WS/install/turtlesim_plus/local/lib/python3.10/dist-packages/turtlesim_plus/ros2_plugins.py
[0.965s] -- Up-to-date: /home/tanawatp/FRA501_61_WS/install/turtlesim_plus/local/lib/python3.10/dist-packages/turtlesim_plus/image
[0.969s] -- Up-to-date: /home/tanawatp/FRA501_61_WS/install/turtlesim_plus/local/lib/python3.10/dist-packages/turtlesim_plus/image/object
[0.969s] -- Up-to-date: /home/tanawatp/FRA501_61_WS/install/turtlesim_plus/local/lib/python3.10/dist-packages/turtlesim_plus/image/object/pizza.png
[0.969s] -- Up-to-date: /home/tanawatp/FRA501_61_WS/install/turtlesim_plus/local/lib/python3.10/dist-packages/turtlesim_plus/image/object/parcel.png
[0.969s] -- Up-to-date: /home/tanawatp/FRA501_61_WS/install/turtlesim_plus/local/lib/python3.10/dist-packages/turtlesim_plus/image/turtle
[0.969s] -- Up-to-date: /home/tanawatp/FRA501_61_WS/install/turtlesim_plus/local/lib/python3.10/dist-packages/turtlesim_plus/image/turtle/crystal.png
[0.970s] -- Up-to-date: /home/tanawatp/FRA501_61_WS/install/turtlesim_plus/local/lib/python3.10/dist-packages/turtlesim_plus/image/turtle/foxy.png
[0.970s] -- Up-to-date: /home/tanawatp/FRA501_61_WS/install/turtlesim_plus/local/lib/python3.10/dist-packages/turtlesim_plus/image/turtle/ardent.png
[0.970s] -- Up-to-date: /home/tanawatp/FRA501_61_WS/install/turtlesim_plus/local/lib/python3.10/dist-packages/turtlesim_plus/image/turtle/bouncy.png
[0.971s] -- Up-to-date: /home/tanawatp/FRA501_61_WS/install/turtlesim_plus/local/lib/python3.10/dist-packages/turtlesim_plus/image/turtle/galactic.png
[0.971s] -- Up-to-date: /home/tanawatp/FRA501_61_WS/install/turtlesim_plus/local/lib/python3.10/dist-packages/turtlesim_plus/image/turtle/otto.png
[0.971s] -- Up-to-date: /home/tanawatp/FRA501_61_WS/install/turtlesim_plus/local/lib/python3.10/dist-packages/turtlesim_plus/image/turtle/dashing.png
[0.971s] -- Up-to-date: /home/tanawatp/FRA501_61_WS/install/turtlesim_plus/local/lib/python3.10/dist-packages/turtlesim_plus/image/turtle/rolling.png
[0.971s] -- Up-to-date: /home/tanawatp/FRA501_61_WS/install/turtlesim_plus/local/lib/python3.10/dist-packages/turtlesim_plus/image/turtle/humble.png
[0.971s] -- Up-to-date: /home/tanawatp/FRA501_61_WS/install/turtlesim_plus/local/lib/python3.10/dist-packages/turtlesim_plus/image/turtle/eloquent.png
[0.972s] -- Up-to-date: /home/tanawatp/FRA501_61_WS/install/turtlesim_plus/local/lib/python3.10/dist-packages/turtlesim_plus/image/map
[0.972s] -- Up-to-date: /home/tanawatp/FRA501_61_WS/install/turtlesim_plus/local/lib/python3.10/dist-packages/turtlesim_plus/image/map/map.png
[0.972s] -- Up-to-date: /home/tanawatp/FRA501_61_WS/install/turtlesim_plus/local/lib/python3.10/dist-packages/turtlesim_plus/__init__.py
[1.045s] Listing '/home/tanawatp/FRA501_61_WS/install/turtlesim_plus/local/lib/python3.10/dist-packages/turtlesim_plus'...
[1.045s] Listing '/home/tanawatp/FRA501_61_WS/install/turtlesim_plus/local/lib/python3.10/dist-packages/turtlesim_plus/image'...
[1.045s] Listing '/home/tanawatp/FRA501_61_WS/install/turtlesim_plus/local/lib/python3.10/dist-packages/turtlesim_plus/image/map'...
[1.045s] Listing '/home/tanawatp/FRA501_61_WS/install/turtlesim_plus/local/lib/python3.10/dist-packages/turtlesim_plus/image/object'...
[1.045s] Listing '/home/tanawatp/FRA501_61_WS/install/turtlesim_plus/local/lib/python3.10/dist-packages/turtlesim_plus/image/turtle'...
[1.062s] -- Up-to-date: /home/tanawatp/FRA501_61_WS/install/turtlesim_plus/lib/turtlesim_plus/turtlesim_plus_node.py
[1.072s] -- Up-to-date: /home/tanawatp/FRA501_61_WS/install/turtlesim_plus/lib/turtlesim_plus/pizza_on_click.py
[1.073s] -- Up-to-date: /home/tanawatp/FRA501_61_WS/install/turtlesim_plus/share/turtlesim_plus
[1.073s] -- Up-to-date: /home/tanawatp/FRA501_61_WS/install/turtlesim_plus/share/ament_index/resource_index/package_run_dependencies/turtlesim_plus
[1.074s] -- Up-to-date: /home/tanawatp/FRA501_61_WS/install/turtlesim_plus/share/ament_index/resource_index/parent_prefix_path/turtlesim_plus
[1.074s] -- Up-to-date: /home/tanawatp/FRA501_61_WS/install/turtlesim_plus/share/turtlesim_plus/environment/ament_prefix_path.sh
[1.074s] -- Up-to-date: /home/tanawatp/FRA501_61_WS/install/turtlesim_plus/share/turtlesim_plus/environment/ament_prefix_path.dsv
[1.074s] -- Up-to-date: /home/tanawatp/FRA501_61_WS/install/turtlesim_plus/share/turtlesim_plus/environment/path.sh
[1.074s] -- Up-to-date: /home/tanawatp/FRA501_61_WS/install/turtlesim_plus/share/turtlesim_plus/environment/path.dsv
[1.074s] -- Up-to-date: /home/tanawatp/FRA501_61_WS/install/turtlesim_plus/share/turtlesim_plus/local_setup.bash
[1.076s] -- Up-to-date: /home/tanawatp/FRA501_61_WS/install/turtlesim_plus/share/turtlesim_plus/local_setup.sh
[1.076s] -- Up-to-date: /home/tanawatp/FRA501_61_WS/install/turtlesim_plus/share/turtlesim_plus/local_setup.zsh
[1.076s] -- Up-to-date: /home/tanawatp/FRA501_61_WS/install/turtlesim_plus/share/turtlesim_plus/local_setup.dsv
[1.077s] -- Installing: /home/tanawatp/FRA501_61_WS/install/turtlesim_plus/share/turtlesim_plus/package.dsv
[1.080s] -- Up-to-date: /home/tanawatp/FRA501_61_WS/install/turtlesim_plus/share/ament_index/resource_index/packages/turtlesim_plus
[1.080s] -- Up-to-date: /home/tanawatp/FRA501_61_WS/install/turtlesim_plus/share/turtlesim_plus/cmake/turtlesim_plusConfig.cmake
[1.081s] -- Up-to-date: /home/tanawatp/FRA501_61_WS/install/turtlesim_plus/share/turtlesim_plus/cmake/turtlesim_plusConfig-version.cmake
[1.081s] -- Up-to-date: /home/tanawatp/FRA501_61_WS/install/turtlesim_plus/share/turtlesim_plus/package.xml
[1.113s] Invoked command in '/home/tanawatp/FRA501_61_WS/build/turtlesim_plus' returned '0': CMAKE_PREFIX_PATH=${CMAKE_PREFIX_PATH}:/home/tanawatp/ros2_workspaceTutorial/install/robot_controller:/opt/ros/humble /usr/bin/cmake --install /home/tanawatp/FRA501_61_WS/build/turtlesim_plus
