[0.066s] Invoking command in '/home/tanawatp/FRA501_61_WS/build/my_interfaces': CMAKE_PREFIX_PATH=${CMAKE_PREFIX_PATH}:/home/tanawatp/ros2_workspaceTutorial/install/robot_controller:/opt/ros/humble /usr/bin/cmake --build /home/tanawatp/FRA501_61_WS/build/my_interfaces -- -j8 -l8
[0.171s] [  2%] Built target my_interfaces__cpp
[0.180s] [ 12%] Built target my_interfaces__rosidl_generator_c
[0.184s] [ 12%] Built target ament_cmake_python_copy_my_interfaces
[0.272s] [ 33%] Built target my_interfaces__rosidl_typesupport_fastrtps_cpp
[0.272s] [ 33%] Built target my_interfaces__rosidl_typesupport_cpp
[0.283s] [ 43%] Built target my_interfaces__rosidl_typesupport_fastrtps_c
[0.300s] [ 53%] Built target my_interfaces__rosidl_typesupport_introspection_cpp
[0.307s] [ 64%] Built target my_interfaces__rosidl_typesupport_introspection_c
[0.322s] [ 74%] Built target my_interfaces__rosidl_typesupport_c
[0.406s] [ 74%] Built target my_interfaces
[0.506s] [ 76%] Built target my_interfaces__py
[0.546s] [ 84%] Built target my_interfaces__rosidl_generator_py
[0.631s] [ 89%] Built target my_interfaces__rosidl_typesupport_fastrtps_c__pyext
[0.664s] [ 94%] Built target my_interfaces__rosidl_typesupport_c__pyext
[0.692s] [100%] Built target my_interfaces__rosidl_typesupport_introspection_c__pyext
[0.835s] running egg_info
[0.840s] writing my_interfaces.egg-info/PKG-INFO
[0.840s] writing dependency_links to my_interfaces.egg-info/dependency_links.txt
[0.840s] writing top-level names to my_interfaces.egg-info/top_level.txt
[0.846s] reading manifest file 'my_interfaces.egg-info/SOURCES.txt'
[0.849s] writing manifest file 'my_interfaces.egg-info/SOURCES.txt'
[0.920s] [100%] Built target ament_cmake_python_build_my_interfaces_egg
[0.948s] Invoked command in '/home/tanawatp/FRA501_61_WS/build/my_interfaces' returned '0': CMAKE_PREFIX_PATH=${CMAKE_PREFIX_PATH}:/home/tanawatp/ros2_workspaceTutorial/install/robot_controller:/opt/ros/humble /usr/bin/cmake --build /home/tanawatp/FRA501_61_WS/build/my_interfaces -- -j8 -l8
[1.103s] Invoking command in '/home/tanawatp/FRA501_61_WS/build/my_interfaces': CMAKE_PREFIX_PATH=${CMAKE_PREFIX_PATH}:/home/tanawatp/ros2_workspaceTutorial/install/robot_controller:/opt/ros/humble /usr/bin/cmake --install /home/tanawatp/FRA501_61_WS/build/my_interfaces
[1.106s] -- Install configuration: ""
[1.106s] -- Up-to-date: /home/tanawatp/FRA501_61_WS/install/my_interfaces/share/ament_index/resource_index/rosidl_interfaces/my_interfaces
[1.106s] -- Up-to-date: /home/tanawatp/FRA501_61_WS/install/my_interfaces/include/my_interfaces/my_interfaces
[1.107s] -- Up-to-date: /home/tanawatp/FRA501_61_WS/install/my_interfaces/include/my_interfaces/my_interfaces/srv
[1.107s] -- Up-to-date: /home/tanawatp/FRA501_61_WS/install/my_interfaces/include/my_interfaces/my_interfaces/srv/set_target.h
[1.107s] -- Up-to-date: /home/tanawatp/FRA501_61_WS/install/my_interfaces/include/my_interfaces/my_interfaces/srv/im_done.h
[1.107s] -- Up-to-date: /home/tanawatp/FRA501_61_WS/install/my_interfaces/include/my_interfaces/my_interfaces/srv/detail
[1.107s] -- Up-to-date: /home/tanawatp/FRA501_61_WS/install/my_interfaces/include/my_interfaces/my_interfaces/srv/detail/im_done__type_support.h
[1.107s] -- Up-to-date: /home/tanawatp/FRA501_61_WS/install/my_interfaces/include/my_interfaces/my_interfaces/srv/detail/set_target__type_support.h
[1.107s] -- Up-to-date: /home/tanawatp/FRA501_61_WS/install/my_interfaces/include/my_interfaces/my_interfaces/srv/detail/im_done__functions.h
[1.107s] -- Up-to-date: /home/tanawatp/FRA501_61_WS/install/my_interfaces/include/my_interfaces/my_interfaces/srv/detail/im_done__functions.c
[1.107s] -- Up-to-date: /home/tanawatp/FRA501_61_WS/install/my_interfaces/include/my_interfaces/my_interfaces/srv/detail/set_target__functions.c
[1.107s] -- Up-to-date: /home/tanawatp/FRA501_61_WS/install/my_interfaces/include/my_interfaces/my_interfaces/srv/detail/set_target__struct.h
[1.107s] -- Up-to-date: /home/tanawatp/FRA501_61_WS/install/my_interfaces/include/my_interfaces/my_interfaces/srv/detail/set_target__functions.h
[1.107s] -- Up-to-date: /home/tanawatp/FRA501_61_WS/install/my_interfaces/include/my_interfaces/my_interfaces/srv/detail/im_done__struct.h
[1.107s] -- Up-to-date: /home/tanawatp/FRA501_61_WS/install/my_interfaces/include/my_interfaces/my_interfaces/msg
[1.108s] -- Up-to-date: /home/tanawatp/FRA501_61_WS/install/my_interfaces/include/my_interfaces/my_interfaces/msg/rosidl_generator_c__visibility_control.h
[1.108s] -- Up-to-date: /home/tanawatp/FRA501_61_WS/install/my_interfaces/share/my_interfaces/environment/library_path.sh
[1.108s] -- Up-to-date: /home/tanawatp/FRA501_61_WS/install/my_interfaces/share/my_interfaces/environment/library_path.dsv
[1.109s] -- Up-to-date: /home/tanawatp/FRA501_61_WS/install/my_interfaces/lib/libmy_interfaces__rosidl_generator_c.so
[1.111s] -- Up-to-date: /home/tanawatp/FRA501_61_WS/install/my_interfaces/include/my_interfaces/my_interfaces
[1.112s] -- Up-to-date: /home/tanawatp/FRA501_61_WS/install/my_interfaces/include/my_interfaces/my_interfaces/srv
[1.112s] -- Up-to-date: /home/tanawatp/FRA501_61_WS/install/my_interfaces/include/my_interfaces/my_interfaces/srv/detail
[1.112s] -- Up-to-date: /home/tanawatp/FRA501_61_WS/install/my_interfaces/include/my_interfaces/my_interfaces/srv/detail/set_target__rosidl_typesupport_fastrtps_c.h
[1.112s] -- Up-to-date: /home/tanawatp/FRA501_61_WS/install/my_interfaces/include/my_interfaces/my_interfaces/srv/detail/im_done__rosidl_typesupport_fastrtps_c.h
[1.113s] -- Up-to-date: /home/tanawatp/FRA501_61_WS/install/my_interfaces/include/my_interfaces/my_interfaces/msg
[1.113s] -- Up-to-date: /home/tanawatp/FRA501_61_WS/install/my_interfaces/include/my_interfaces/my_interfaces/msg/rosidl_typesupport_fastrtps_c__visibility_control.h
[1.113s] -- Up-to-date: /home/tanawatp/FRA501_61_WS/install/my_interfaces/lib/libmy_interfaces__rosidl_typesupport_fastrtps_c.so
[1.114s] -- Up-to-date: /home/tanawatp/FRA501_61_WS/install/my_interfaces/include/my_interfaces/my_interfaces
[1.114s] -- Up-to-date: /home/tanawatp/FRA501_61_WS/install/my_interfaces/include/my_interfaces/my_interfaces/srv
[1.115s] -- Up-to-date: /home/tanawatp/FRA501_61_WS/install/my_interfaces/include/my_interfaces/my_interfaces/srv/im_done.hpp
[1.115s] -- Up-to-date: /home/tanawatp/FRA501_61_WS/install/my_interfaces/include/my_interfaces/my_interfaces/srv/detail
[1.115s] -- Up-to-date: /home/tanawatp/FRA501_61_WS/install/my_interfaces/include/my_interfaces/my_interfaces/srv/detail/set_target__traits.hpp
[1.115s] -- Up-to-date: /home/tanawatp/FRA501_61_WS/install/my_interfaces/include/my_interfaces/my_interfaces/srv/detail/im_done__traits.hpp
[1.116s] -- Up-to-date: /home/tanawatp/FRA501_61_WS/install/my_interfaces/include/my_interfaces/my_interfaces/srv/detail/set_target__struct.hpp
[1.116s] -- Up-to-date: /home/tanawatp/FRA501_61_WS/install/my_interfaces/include/my_interfaces/my_interfaces/srv/detail/set_target__builder.hpp
[1.116s] -- Up-to-date: /home/tanawatp/FRA501_61_WS/install/my_interfaces/include/my_interfaces/my_interfaces/srv/detail/im_done__struct.hpp
[1.116s] -- Up-to-date: /home/tanawatp/FRA501_61_WS/install/my_interfaces/include/my_interfaces/my_interfaces/srv/detail/im_done__builder.hpp
[1.116s] -- Up-to-date: /home/tanawatp/FRA501_61_WS/install/my_interfaces/include/my_interfaces/my_interfaces/srv/set_target.hpp
[1.117s] -- Up-to-date: /home/tanawatp/FRA501_61_WS/install/my_interfaces/include/my_interfaces/my_interfaces
[1.117s] -- Up-to-date: /home/tanawatp/FRA501_61_WS/install/my_interfaces/include/my_interfaces/my_interfaces/srv
[1.117s] -- Up-to-date: /home/tanawatp/FRA501_61_WS/install/my_interfaces/include/my_interfaces/my_interfaces/srv/detail
[1.117s] -- Up-to-date: /home/tanawatp/FRA501_61_WS/install/my_interfaces/include/my_interfaces/my_interfaces/srv/detail/im_done__rosidl_typesupport_fastrtps_cpp.hpp
[1.118s] -- Up-to-date: /home/tanawatp/FRA501_61_WS/install/my_interfaces/include/my_interfaces/my_interfaces/srv/detail/set_target__rosidl_typesupport_fastrtps_cpp.hpp
[1.121s] -- Up-to-date: /home/tanawatp/FRA501_61_WS/install/my_interfaces/include/my_interfaces/my_interfaces/srv/detail/dds_fastrtps
[1.122s] -- Up-to-date: /home/tanawatp/FRA501_61_WS/install/my_interfaces/include/my_interfaces/my_interfaces/msg
[1.122s] -- Up-to-date: /home/tanawatp/FRA501_61_WS/install/my_interfaces/include/my_interfaces/my_interfaces/msg/rosidl_typesupport_fastrtps_cpp__visibility_control.h
[1.122s] -- Up-to-date: /home/tanawatp/FRA501_61_WS/install/my_interfaces/lib/libmy_interfaces__rosidl_typesupport_fastrtps_cpp.so
[1.122s] -- Up-to-date: /home/tanawatp/FRA501_61_WS/install/my_interfaces/include/my_interfaces/my_interfaces
[1.122s] -- Up-to-date: /home/tanawatp/FRA501_61_WS/install/my_interfaces/include/my_interfaces/my_interfaces/srv
[1.123s] -- Up-to-date: /home/tanawatp/FRA501_61_WS/install/my_interfaces/include/my_interfaces/my_interfaces/srv/detail
[1.123s] -- Up-to-date: /home/tanawatp/FRA501_61_WS/install/my_interfaces/include/my_interfaces/my_interfaces/srv/detail/im_done__type_support.c
[1.123s] -- Up-to-date: /home/tanawatp/FRA501_61_WS/install/my_interfaces/include/my_interfaces/my_interfaces/srv/detail/im_done__rosidl_typesupport_introspection_c.h
[1.123s] -- Up-to-date: /home/tanawatp/FRA501_61_WS/install/my_interfaces/include/my_interfaces/my_interfaces/srv/detail/set_target__rosidl_typesupport_introspection_c.h
[1.123s] -- Up-to-date: /home/tanawatp/FRA501_61_WS/install/my_interfaces/include/my_interfaces/my_interfaces/srv/detail/set_target__type_support.c
[1.123s] -- Up-to-date: /home/tanawatp/FRA501_61_WS/install/my_interfaces/include/my_interfaces/my_interfaces/msg
[1.126s] -- Up-to-date: /home/tanawatp/FRA501_61_WS/install/my_interfaces/include/my_interfaces/my_interfaces/msg/rosidl_typesupport_introspection_c__visibility_control.h
[1.126s] -- Up-to-date: /home/tanawatp/FRA501_61_WS/install/my_interfaces/lib/libmy_interfaces__rosidl_typesupport_introspection_c.so
[1.127s] -- Up-to-date: /home/tanawatp/FRA501_61_WS/install/my_interfaces/lib/libmy_interfaces__rosidl_typesupport_c.so
[1.127s] -- Up-to-date: /home/tanawatp/FRA501_61_WS/install/my_interfaces/include/my_interfaces/my_interfaces
[1.127s] -- Up-to-date: /home/tanawatp/FRA501_61_WS/install/my_interfaces/include/my_interfaces/my_interfaces/srv
[1.127s] -- Up-to-date: /home/tanawatp/FRA501_61_WS/install/my_interfaces/include/my_interfaces/my_interfaces/srv/detail
[1.128s] -- Up-to-date: /home/tanawatp/FRA501_61_WS/install/my_interfaces/include/my_interfaces/my_interfaces/srv/detail/im_done__rosidl_typesupport_introspection_cpp.hpp
[1.128s] -- Up-to-date: /home/tanawatp/FRA501_61_WS/install/my_interfaces/include/my_interfaces/my_interfaces/srv/detail/set_target__type_support.cpp
[1.128s] -- Up-to-date: /home/tanawatp/FRA501_61_WS/install/my_interfaces/include/my_interfaces/my_interfaces/srv/detail/im_done__type_support.cpp
[1.128s] -- Up-to-date: /home/tanawatp/FRA501_61_WS/install/my_interfaces/include/my_interfaces/my_interfaces/srv/detail/set_target__rosidl_typesupport_introspection_cpp.hpp
[1.129s] -- Up-to-date: /home/tanawatp/FRA501_61_WS/install/my_interfaces/lib/libmy_interfaces__rosidl_typesupport_introspection_cpp.so
[1.129s] -- Up-to-date: /home/tanawatp/FRA501_61_WS/install/my_interfaces/lib/libmy_interfaces__rosidl_typesupport_cpp.so
[1.129s] -- Up-to-date: /home/tanawatp/FRA501_61_WS/install/my_interfaces/share/my_interfaces/environment/pythonpath.sh
[1.130s] -- Up-to-date: /home/tanawatp/FRA501_61_WS/install/my_interfaces/share/my_interfaces/environment/pythonpath.dsv
[1.133s] -- Up-to-date: /home/tanawatp/FRA501_61_WS/install/my_interfaces/local/lib/python3.10/dist-packages/my_interfaces-0.0.0-py3.10.egg-info
[1.134s] -- Installing: /home/tanawatp/FRA501_61_WS/install/my_interfaces/local/lib/python3.10/dist-packages/my_interfaces-0.0.0-py3.10.egg-info/dependency_links.txt
[1.134s] -- Installing: /home/tanawatp/FRA501_61_WS/install/my_interfaces/local/lib/python3.10/dist-packages/my_interfaces-0.0.0-py3.10.egg-info/top_level.txt
[1.134s] -- Installing: /home/tanawatp/FRA501_61_WS/install/my_interfaces/local/lib/python3.10/dist-packages/my_interfaces-0.0.0-py3.10.egg-info/PKG-INFO
[1.135s] -- Installing: /home/tanawatp/FRA501_61_WS/install/my_interfaces/local/lib/python3.10/dist-packages/my_interfaces-0.0.0-py3.10.egg-info/SOURCES.txt
[1.135s] -- Up-to-date: /home/tanawatp/FRA501_61_WS/install/my_interfaces/local/lib/python3.10/dist-packages/my_interfaces
[1.135s] -- Up-to-date: /home/tanawatp/FRA501_61_WS/install/my_interfaces/local/lib/python3.10/dist-packages/my_interfaces/_my_interfaces_s.ep.rosidl_typesupport_fastrtps_c.c
[1.135s] -- Up-to-date: /home/tanawatp/FRA501_61_WS/install/my_interfaces/local/lib/python3.10/dist-packages/my_interfaces/_my_interfaces_s.ep.rosidl_typesupport_introspection_c.c
[1.136s] -- Up-to-date: /home/tanawatp/FRA501_61_WS/install/my_interfaces/local/lib/python3.10/dist-packages/my_interfaces/srv
[1.136s] -- Up-to-date: /home/tanawatp/FRA501_61_WS/install/my_interfaces/local/lib/python3.10/dist-packages/my_interfaces/srv/_set_target_s.c
[1.136s] -- Up-to-date: /home/tanawatp/FRA501_61_WS/install/my_interfaces/local/lib/python3.10/dist-packages/my_interfaces/srv/_set_target.py
[1.136s] -- Up-to-date: /home/tanawatp/FRA501_61_WS/install/my_interfaces/local/lib/python3.10/dist-packages/my_interfaces/srv/_im_done.py
[1.137s] -- Up-to-date: /home/tanawatp/FRA501_61_WS/install/my_interfaces/local/lib/python3.10/dist-packages/my_interfaces/srv/_im_done_s.c
[1.137s] -- Up-to-date: /home/tanawatp/FRA501_61_WS/install/my_interfaces/local/lib/python3.10/dist-packages/my_interfaces/srv/__init__.py
[1.137s] -- Up-to-date: /home/tanawatp/FRA501_61_WS/install/my_interfaces/local/lib/python3.10/dist-packages/my_interfaces/_my_interfaces_s.ep.rosidl_typesupport_c.c
[1.137s] -- Up-to-date: /home/tanawatp/FRA501_61_WS/install/my_interfaces/local/lib/python3.10/dist-packages/my_interfaces/my_interfaces_s__rosidl_typesupport_introspection_c.cpython-310-x86_64-linux-gnu.so
[1.137s] -- Up-to-date: /home/tanawatp/FRA501_61_WS/install/my_interfaces/local/lib/python3.10/dist-packages/my_interfaces/my_interfaces_s__rosidl_typesupport_fastrtps_c.cpython-310-x86_64-linux-gnu.so
[1.138s] -- Up-to-date: /home/tanawatp/FRA501_61_WS/install/my_interfaces/local/lib/python3.10/dist-packages/my_interfaces/my_interfaces_s__rosidl_typesupport_c.cpython-310-x86_64-linux-gnu.so
[1.138s] -- Up-to-date: /home/tanawatp/FRA501_61_WS/install/my_interfaces/local/lib/python3.10/dist-packages/my_interfaces/libmy_interfaces__rosidl_generator_py.so
[1.138s] -- Up-to-date: /home/tanawatp/FRA501_61_WS/install/my_interfaces/local/lib/python3.10/dist-packages/my_interfaces/__init__.py
[1.154s] Listing '/home/tanawatp/FRA501_61_WS/install/my_interfaces/local/lib/python3.10/dist-packages/my_interfaces'...
[1.155s] Listing '/home/tanawatp/FRA501_61_WS/install/my_interfaces/local/lib/python3.10/dist-packages/my_interfaces/srv'...
[1.167s] -- Up-to-date: /home/tanawatp/FRA501_61_WS/install/my_interfaces/local/lib/python3.10/dist-packages/my_interfaces/my_interfaces_s__rosidl_typesupport_fastrtps_c.cpython-310-x86_64-linux-gnu.so
[1.167s] -- Up-to-date: /home/tanawatp/FRA501_61_WS/install/my_interfaces/local/lib/python3.10/dist-packages/my_interfaces/my_interfaces_s__rosidl_typesupport_introspection_c.cpython-310-x86_64-linux-gnu.so
[1.168s] -- Up-to-date: /home/tanawatp/FRA501_61_WS/install/my_interfaces/local/lib/python3.10/dist-packages/my_interfaces/my_interfaces_s__rosidl_typesupport_c.cpython-310-x86_64-linux-gnu.so
[1.168s] -- Up-to-date: /home/tanawatp/FRA501_61_WS/install/my_interfaces/lib/libmy_interfaces__rosidl_generator_py.so
[1.168s] -- Up-to-date: /home/tanawatp/FRA501_61_WS/install/my_interfaces/share/my_interfaces/srv/SetTarget.idl
[1.168s] -- Up-to-date: /home/tanawatp/FRA501_61_WS/install/my_interfaces/share/my_interfaces/srv/ImDone.idl
[1.168s] -- Up-to-date: /home/tanawatp/FRA501_61_WS/install/my_interfaces/share/my_interfaces/srv/SetTarget.srv
[1.168s] -- Up-to-date: /home/tanawatp/FRA501_61_WS/install/my_interfaces/share/my_interfaces/srv/SetTarget_Request.msg
[1.169s] -- Up-to-date: /home/tanawatp/FRA501_61_WS/install/my_interfaces/share/my_interfaces/srv/SetTarget_Response.msg
[1.169s] -- Up-to-date: /home/tanawatp/FRA501_61_WS/install/my_interfaces/share/my_interfaces/srv/ImDone.srv
[1.169s] -- Up-to-date: /home/tanawatp/FRA501_61_WS/install/my_interfaces/share/my_interfaces/srv/ImDone_Request.msg
[1.169s] -- Up-to-date: /home/tanawatp/FRA501_61_WS/install/my_interfaces/share/my_interfaces/srv/ImDone_Response.msg
[1.169s] -- Up-to-date: /home/tanawatp/FRA501_61_WS/install/my_interfaces/share/ament_index/resource_index/package_run_dependencies/my_interfaces
[1.171s] -- Up-to-date: /home/tanawatp/FRA501_61_WS/install/my_interfaces/share/ament_index/resource_index/parent_prefix_path/my_interfaces
[1.172s] -- Up-to-date: /home/tanawatp/FRA501_61_WS/install/my_interfaces/share/my_interfaces/environment/ament_prefix_path.sh
[1.172s] -- Up-to-date: /home/tanawatp/FRA501_61_WS/install/my_interfaces/share/my_interfaces/environment/ament_prefix_path.dsv
[1.172s] -- Up-to-date: /home/tanawatp/FRA501_61_WS/install/my_interfaces/share/my_interfaces/environment/path.sh
[1.172s] -- Up-to-date: /home/tanawatp/FRA501_61_WS/install/my_interfaces/share/my_interfaces/environment/path.dsv
[1.172s] -- Up-to-date: /home/tanawatp/FRA501_61_WS/install/my_interfaces/share/my_interfaces/local_setup.bash
[1.172s] -- Up-to-date: /home/tanawatp/FRA501_61_WS/install/my_interfaces/share/my_interfaces/local_setup.sh
[1.172s] -- Up-to-date: /home/tanawatp/FRA501_61_WS/install/my_interfaces/share/my_interfaces/local_setup.zsh
[1.172s] -- Up-to-date: /home/tanawatp/FRA501_61_WS/install/my_interfaces/share/my_interfaces/local_setup.dsv
[1.173s] -- Installing: /home/tanawatp/FRA501_61_WS/install/my_interfaces/share/my_interfaces/package.dsv
[1.173s] -- Up-to-date: /home/tanawatp/FRA501_61_WS/install/my_interfaces/share/ament_index/resource_index/packages/my_interfaces
[1.173s] -- Up-to-date: /home/tanawatp/FRA501_61_WS/install/my_interfaces/share/my_interfaces/cmake/export_my_interfaces__rosidl_generator_cExport.cmake
[1.173s] -- Up-to-date: /home/tanawatp/FRA501_61_WS/install/my_interfaces/share/my_interfaces/cmake/export_my_interfaces__rosidl_generator_cExport-noconfig.cmake
[1.174s] -- Up-to-date: /home/tanawatp/FRA501_61_WS/install/my_interfaces/share/my_interfaces/cmake/export_my_interfaces__rosidl_typesupport_fastrtps_cExport.cmake
[1.174s] -- Up-to-date: /home/tanawatp/FRA501_61_WS/install/my_interfaces/share/my_interfaces/cmake/export_my_interfaces__rosidl_typesupport_fastrtps_cExport-noconfig.cmake
[1.174s] -- Up-to-date: /home/tanawatp/FRA501_61_WS/install/my_interfaces/share/my_interfaces/cmake/export_my_interfaces__rosidl_generator_cppExport.cmake
[1.174s] -- Up-to-date: /home/tanawatp/FRA501_61_WS/install/my_interfaces/share/my_interfaces/cmake/export_my_interfaces__rosidl_typesupport_fastrtps_cppExport.cmake
[1.174s] -- Up-to-date: /home/tanawatp/FRA501_61_WS/install/my_interfaces/share/my_interfaces/cmake/export_my_interfaces__rosidl_typesupport_fastrtps_cppExport-noconfig.cmake
[1.174s] -- Up-to-date: /home/tanawatp/FRA501_61_WS/install/my_interfaces/share/my_interfaces/cmake/my_interfaces__rosidl_typesupport_introspection_cExport.cmake
[1.174s] -- Up-to-date: /home/tanawatp/FRA501_61_WS/install/my_interfaces/share/my_interfaces/cmake/my_interfaces__rosidl_typesupport_introspection_cExport-noconfig.cmake
[1.174s] -- Up-to-date: /home/tanawatp/FRA501_61_WS/install/my_interfaces/share/my_interfaces/cmake/my_interfaces__rosidl_typesupport_cExport.cmake
[1.174s] -- Up-to-date: /home/tanawatp/FRA501_61_WS/install/my_interfaces/share/my_interfaces/cmake/my_interfaces__rosidl_typesupport_cExport-noconfig.cmake
[1.174s] -- Up-to-date: /home/tanawatp/FRA501_61_WS/install/my_interfaces/share/my_interfaces/cmake/my_interfaces__rosidl_typesupport_introspection_cppExport.cmake
[1.175s] -- Up-to-date: /home/tanawatp/FRA501_61_WS/install/my_interfaces/share/my_interfaces/cmake/my_interfaces__rosidl_typesupport_introspection_cppExport-noconfig.cmake
[1.175s] -- Up-to-date: /home/tanawatp/FRA501_61_WS/install/my_interfaces/share/my_interfaces/cmake/my_interfaces__rosidl_typesupport_cppExport.cmake
[1.175s] -- Up-to-date: /home/tanawatp/FRA501_61_WS/install/my_interfaces/share/my_interfaces/cmake/my_interfaces__rosidl_typesupport_cppExport-noconfig.cmake
[1.175s] -- Up-to-date: /home/tanawatp/FRA501_61_WS/install/my_interfaces/share/my_interfaces/cmake/export_my_interfaces__rosidl_generator_pyExport.cmake
[1.175s] -- Up-to-date: /home/tanawatp/FRA501_61_WS/install/my_interfaces/share/my_interfaces/cmake/export_my_interfaces__rosidl_generator_pyExport-noconfig.cmake
[1.175s] -- Up-to-date: /home/tanawatp/FRA501_61_WS/install/my_interfaces/share/my_interfaces/cmake/rosidl_cmake-extras.cmake
[1.175s] -- Up-to-date: /home/tanawatp/FRA501_61_WS/install/my_interfaces/share/my_interfaces/cmake/ament_cmake_export_dependencies-extras.cmake
[1.175s] -- Up-to-date: /home/tanawatp/FRA501_61_WS/install/my_interfaces/share/my_interfaces/cmake/ament_cmake_export_include_directories-extras.cmake
[1.175s] -- Up-to-date: /home/tanawatp/FRA501_61_WS/install/my_interfaces/share/my_interfaces/cmake/ament_cmake_export_libraries-extras.cmake
[1.175s] -- Up-to-date: /home/tanawatp/FRA501_61_WS/install/my_interfaces/share/my_interfaces/cmake/ament_cmake_export_targets-extras.cmake
[1.175s] -- Up-to-date: /home/tanawatp/FRA501_61_WS/install/my_interfaces/share/my_interfaces/cmake/rosidl_cmake_export_typesupport_targets-extras.cmake
[1.176s] -- Up-to-date: /home/tanawatp/FRA501_61_WS/install/my_interfaces/share/my_interfaces/cmake/rosidl_cmake_export_typesupport_libraries-extras.cmake
[1.176s] -- Up-to-date: /home/tanawatp/FRA501_61_WS/install/my_interfaces/share/my_interfaces/cmake/my_interfacesConfig.cmake
[1.176s] -- Up-to-date: /home/tanawatp/FRA501_61_WS/install/my_interfaces/share/my_interfaces/cmake/my_interfacesConfig-version.cmake
[1.176s] -- Up-to-date: /home/tanawatp/FRA501_61_WS/install/my_interfaces/share/my_interfaces/package.xml
[1.247s] Invoked command in '/home/tanawatp/FRA501_61_WS/build/my_interfaces' returned '0': CMAKE_PREFIX_PATH=${CMAKE_PREFIX_PATH}:/home/tanawatp/ros2_workspaceTutorial/install/robot_controller:/opt/ros/humble /usr/bin/cmake --install /home/tanawatp/FRA501_61_WS/build/my_interfaces
