[0.056s] Invoking command in '/home/tanawatp/FRA501_61_WS/build/turtlesim_plus_controller': CMAKE_PREFIX_PATH=${CMAKE_PREFIX_PATH}:/home/tanawatp/ros2_workspaceTutorial/install/robot_controller:/opt/ros/humble /usr/bin/cmake --build /home/tanawatp/FRA501_61_WS/build/turtlesim_plus_controller -- -j8 -l8
[0.187s] [  0%] Built target ament_cmake_python_copy_turtlesim_plus_controller
[0.198s] [100%] Built target cpp_node_test
[0.803s] running egg_info
[0.805s] writing turtlesim_plus_controller.egg-info/PKG-INFO
[0.806s] writing dependency_links to turtlesim_plus_controller.egg-info/dependency_links.txt
[0.806s] writing top-level names to turtlesim_plus_controller.egg-info/top_level.txt
[0.812s] reading manifest file 'turtlesim_plus_controller.egg-info/SOURCES.txt'
[0.813s] writing manifest file 'turtlesim_plus_controller.egg-info/SOURCES.txt'
[0.897s] [100%] Built target ament_cmake_python_build_turtlesim_plus_controller_egg
[0.926s] Invoked command in '/home/tanawatp/FRA501_61_WS/build/turtlesim_plus_controller' returned '0': CMAKE_PREFIX_PATH=${CMAKE_PREFIX_PATH}:/home/tanawatp/ros2_workspaceTutorial/install/robot_controller:/opt/ros/humble /usr/bin/cmake --build /home/tanawatp/FRA501_61_WS/build/turtlesim_plus_controller -- -j8 -l8
[0.969s] Invoking command in '/home/tanawatp/FRA501_61_WS/build/turtlesim_plus_controller': CMAKE_PREFIX_PATH=${CMAKE_PREFIX_PATH}:/home/tanawatp/ros2_workspaceTutorial/install/robot_controller:/opt/ros/humble /usr/bin/cmake --install /home/tanawatp/FRA501_61_WS/build/turtlesim_plus_controller
[0.980s] -- Install configuration: ""
[0.980s] -- Up-to-date: /home/tanawatp/FRA501_61_WS/install/turtlesim_plus_controller/share/turtlesim_plus_controller/environment/pythonpath.sh
[0.980s] -- Up-to-date: /home/tanawatp/FRA501_61_WS/install/turtlesim_plus_controller/share/turtlesim_plus_controller/environment/pythonpath.dsv
[0.981s] -- Up-to-date: /home/tanawatp/FRA501_61_WS/install/turtlesim_plus_controller/local/lib/python3.10/dist-packages/turtlesim_plus_controller-0.0.0-py3.10.egg-info
[0.981s] -- Installing: /home/tanawatp/FRA501_61_WS/install/turtlesim_plus_controller/local/lib/python3.10/dist-packages/turtlesim_plus_controller-0.0.0-py3.10.egg-info/dependency_links.txt
[0.982s] -- Installing: /home/tanawatp/FRA501_61_WS/install/turtlesim_plus_controller/local/lib/python3.10/dist-packages/turtlesim_plus_controller-0.0.0-py3.10.egg-info/top_level.txt
[0.982s] -- Installing: /home/tanawatp/FRA501_61_WS/install/turtlesim_plus_controller/local/lib/python3.10/dist-packages/turtlesim_plus_controller-0.0.0-py3.10.egg-info/PKG-INFO
[0.982s] -- Installing: /home/tanawatp/FRA501_61_WS/install/turtlesim_plus_controller/local/lib/python3.10/dist-packages/turtlesim_plus_controller-0.0.0-py3.10.egg-info/SOURCES.txt
[0.982s] -- Up-to-date: /home/tanawatp/FRA501_61_WS/install/turtlesim_plus_controller/local/lib/python3.10/dist-packages/turtlesim_plus_controller
[0.982s] -- Up-to-date: /home/tanawatp/FRA501_61_WS/install/turtlesim_plus_controller/local/lib/python3.10/dist-packages/turtlesim_plus_controller/dummy_module.py
[0.982s] -- Up-to-date: /home/tanawatp/FRA501_61_WS/install/turtlesim_plus_controller/local/lib/python3.10/dist-packages/turtlesim_plus_controller/__init__.py
[1.056s] Listing '/home/tanawatp/FRA501_61_WS/install/turtlesim_plus_controller/local/lib/python3.10/dist-packages/turtlesim_plus_controller'...
[1.073s] -- Up-to-date: /home/tanawatp/FRA501_61_WS/install/turtlesim_plus_controller/lib/turtlesim_plus_controller/tao_controller.py
[1.074s] -- Up-to-date: /home/tanawatp/FRA501_61_WS/install/turtlesim_plus_controller/lib/turtlesim_plus_controller/cpp_node_test
[1.074s] -- Up-to-date: /home/tanawatp/FRA501_61_WS/install/turtlesim_plus_controller/share/turtlesim_plus_controller
[1.074s] -- Up-to-date: /home/tanawatp/FRA501_61_WS/install/turtlesim_plus_controller/share/ament_index/resource_index/package_run_dependencies/turtlesim_plus_controller
[1.074s] -- Up-to-date: /home/tanawatp/FRA501_61_WS/install/turtlesim_plus_controller/share/ament_index/resource_index/parent_prefix_path/turtlesim_plus_controller
[1.075s] -- Up-to-date: /home/tanawatp/FRA501_61_WS/install/turtlesim_plus_controller/share/turtlesim_plus_controller/environment/ament_prefix_path.sh
[1.075s] -- Up-to-date: /home/tanawatp/FRA501_61_WS/install/turtlesim_plus_controller/share/turtlesim_plus_controller/environment/ament_prefix_path.dsv
[1.075s] -- Up-to-date: /home/tanawatp/FRA501_61_WS/install/turtlesim_plus_controller/share/turtlesim_plus_controller/environment/path.sh
[1.075s] -- Up-to-date: /home/tanawatp/FRA501_61_WS/install/turtlesim_plus_controller/share/turtlesim_plus_controller/environment/path.dsv
[1.076s] -- Up-to-date: /home/tanawatp/FRA501_61_WS/install/turtlesim_plus_controller/share/turtlesim_plus_controller/local_setup.bash
[1.076s] -- Up-to-date: /home/tanawatp/FRA501_61_WS/install/turtlesim_plus_controller/share/turtlesim_plus_controller/local_setup.sh
[1.076s] -- Up-to-date: /home/tanawatp/FRA501_61_WS/install/turtlesim_plus_controller/share/turtlesim_plus_controller/local_setup.zsh
[1.076s] -- Up-to-date: /home/tanawatp/FRA501_61_WS/install/turtlesim_plus_controller/share/turtlesim_plus_controller/local_setup.dsv
[1.076s] -- Installing: /home/tanawatp/FRA501_61_WS/install/turtlesim_plus_controller/share/turtlesim_plus_controller/package.dsv
[1.076s] -- Up-to-date: /home/tanawatp/FRA501_61_WS/install/turtlesim_plus_controller/share/ament_index/resource_index/packages/turtlesim_plus_controller
[1.076s] -- Up-to-date: /home/tanawatp/FRA501_61_WS/install/turtlesim_plus_controller/share/turtlesim_plus_controller/cmake/turtlesim_plus_controllerConfig.cmake
[1.077s] -- Up-to-date: /home/tanawatp/FRA501_61_WS/install/turtlesim_plus_controller/share/turtlesim_plus_controller/cmake/turtlesim_plus_controllerConfig-version.cmake
[1.077s] -- Up-to-date: /home/tanawatp/FRA501_61_WS/install/turtlesim_plus_controller/share/turtlesim_plus_controller/package.xml
[1.127s] Invoked command in '/home/tanawatp/FRA501_61_WS/build/turtlesim_plus_controller' returned '0': CMAKE_PREFIX_PATH=${CMAKE_PREFIX_PATH}:/home/tanawatp/ros2_workspaceTutorial/install/robot_controller:/opt/ros/humble /usr/bin/cmake --install /home/tanawatp/FRA501_61_WS/build/turtlesim_plus_controller
