[0.335s] DEBUG:colcon:Command line arguments: ['/usr/bin/colcon', 'build']
[0.335s] DEBUG:colcon:Parsed command line arguments: Namespace(log_base=None, log_level=None, verb_name='build', build_base='build', install_base='install', merge_install=False, symlink_install=False, test_result_base=None, continue_on_error=False, executor='parallel', parallel_workers=8, event_handlers=None, ignore_user_meta=False, metas=['./colcon.meta'], base_paths=['.'], packages_ignore=None, packages_ignore_regex=None, paths=None, packages_up_to=None, packages_up_to_regex=None, packages_above=None, packages_above_and_dependencies=None, packages_above_depth=None, packages_select_by_dep=None, packages_skip_by_dep=None, packages_skip_up_to=None, packages_select_build_failed=False, packages_skip_build_finished=False, packages_select_test_failures=False, packages_skip_test_passed=False, packages_select=None, packages_skip=None, packages_select_regex=None, packages_skip_regex=None, packages_start=None, packages_end=None, allow_overriding=[], cmake_args=None, cmake_target=None, cmake_target_skip_unavailable=False, cmake_clean_cache=False, cmake_clean_first=False, cmake_force_configure=False, ament_cmake_args=None, catkin_cmake_args=None, catkin_skip_building_tests=False, verb_parser=<colcon_defaults.argument_parser.defaults.DefaultArgumentsDecorator object at 0x7fcc48ac6bc0>, verb_extension=<colcon_core.verb.build.BuildVerb object at 0x7fcc492b8820>, main=<bound method BuildVerb.main of <colcon_core.verb.build.BuildVerb object at 0x7fcc492b8820>>)
[0.376s] Level 1:colcon.colcon_core.package_discovery:discover_packages(colcon_meta) check parameters
[0.376s] Level 1:colcon.colcon_core.package_discovery:discover_packages(recursive) check parameters
[0.376s] Level 1:colcon.colcon_core.package_discovery:discover_packages(ignore) check parameters
[0.376s] Level 1:colcon.colcon_core.package_discovery:discover_packages(path) check parameters
[0.376s] Level 1:colcon.colcon_core.package_discovery:discover_packages(colcon_meta) discover
[0.376s] Level 1:colcon.colcon_core.package_discovery:discover_packages(recursive) discover
[0.376s] INFO:colcon.colcon_core.package_discovery:Crawling recursively for packages in '/home/tanawatp/FRA501_61_WS'
[0.376s] Level 1:colcon.colcon_core.package_identification:_identify(.) by extensions ['ignore', 'ignore_ament_install']
[0.376s] Level 1:colcon.colcon_core.package_identification:_identify(.) by extension 'ignore'
[0.376s] Level 1:colcon.colcon_core.package_identification:_identify(.) by extension 'ignore_ament_install'
[0.376s] Level 1:colcon.colcon_core.package_identification:_identify(.) by extensions ['colcon_pkg']
[0.376s] Level 1:colcon.colcon_core.package_identification:_identify(.) by extension 'colcon_pkg'
[0.376s] Level 1:colcon.colcon_core.package_identification:_identify(.) by extensions ['colcon_meta']
[0.376s] Level 1:colcon.colcon_core.package_identification:_identify(.) by extension 'colcon_meta'
[0.376s] Level 1:colcon.colcon_core.package_identification:_identify(.) by extensions ['ros']
[0.376s] Level 1:colcon.colcon_core.package_identification:_identify(.) by extension 'ros'
[0.389s] Level 1:colcon.colcon_core.package_identification:_identify(.) by extensions ['cmake', 'python']
[0.389s] Level 1:colcon.colcon_core.package_identification:_identify(.) by extension 'cmake'
[0.389s] Level 1:colcon.colcon_core.package_identification:_identify(.) by extension 'python'
[0.389s] Level 1:colcon.colcon_core.package_identification:_identify(.) by extensions ['python_setup_py']
[0.389s] Level 1:colcon.colcon_core.package_identification:_identify(.) by extension 'python_setup_py'
[0.389s] Level 1:colcon.colcon_core.package_identification:_identify(build) by extensions ['ignore', 'ignore_ament_install']
[0.389s] Level 1:colcon.colcon_core.package_identification:_identify(build) by extension 'ignore'
[0.389s] Level 1:colcon.colcon_core.package_identification:_identify(build) ignored
[0.389s] Level 1:colcon.colcon_core.package_identification:_identify(install) by extensions ['ignore', 'ignore_ament_install']
[0.389s] Level 1:colcon.colcon_core.package_identification:_identify(install) by extension 'ignore'
[0.389s] Level 1:colcon.colcon_core.package_identification:_identify(install) ignored
[0.389s] Level 1:colcon.colcon_core.package_identification:_identify(log) by extensions ['ignore', 'ignore_ament_install']
[0.390s] Level 1:colcon.colcon_core.package_identification:_identify(log) by extension 'ignore'
[0.390s] Level 1:colcon.colcon_core.package_identification:_identify(log) ignored
[0.390s] Level 1:colcon.colcon_core.package_identification:_identify(src) by extensions ['ignore', 'ignore_ament_install']
[0.390s] Level 1:colcon.colcon_core.package_identification:_identify(src) by extension 'ignore'
[0.390s] Level 1:colcon.colcon_core.package_identification:_identify(src) by extension 'ignore_ament_install'
[0.390s] Level 1:colcon.colcon_core.package_identification:_identify(src) by extensions ['colcon_pkg']
[0.390s] Level 1:colcon.colcon_core.package_identification:_identify(src) by extension 'colcon_pkg'
[0.390s] Level 1:colcon.colcon_core.package_identification:_identify(src) by extensions ['colcon_meta']
[0.390s] Level 1:colcon.colcon_core.package_identification:_identify(src) by extension 'colcon_meta'
[0.390s] Level 1:colcon.colcon_core.package_identification:_identify(src) by extensions ['ros']
[0.390s] Level 1:colcon.colcon_core.package_identification:_identify(src) by extension 'ros'
[0.390s] Level 1:colcon.colcon_core.package_identification:_identify(src) by extensions ['cmake', 'python']
[0.390s] Level 1:colcon.colcon_core.package_identification:_identify(src) by extension 'cmake'
[0.390s] Level 1:colcon.colcon_core.package_identification:_identify(src) by extension 'python'
[0.390s] Level 1:colcon.colcon_core.package_identification:_identify(src) by extensions ['python_setup_py']
[0.390s] Level 1:colcon.colcon_core.package_identification:_identify(src) by extension 'python_setup_py'
[0.390s] Level 1:colcon.colcon_core.package_identification:_identify(src/draw_fibo) by extensions ['ignore', 'ignore_ament_install']
[0.390s] Level 1:colcon.colcon_core.package_identification:_identify(src/draw_fibo) by extension 'ignore'
[0.390s] Level 1:colcon.colcon_core.package_identification:_identify(src/draw_fibo) by extension 'ignore_ament_install'
[0.391s] Level 1:colcon.colcon_core.package_identification:_identify(src/draw_fibo) by extensions ['colcon_pkg']
[0.391s] Level 1:colcon.colcon_core.package_identification:_identify(src/draw_fibo) by extension 'colcon_pkg'
[0.391s] Level 1:colcon.colcon_core.package_identification:_identify(src/draw_fibo) by extensions ['colcon_meta']
[0.391s] Level 1:colcon.colcon_core.package_identification:_identify(src/draw_fibo) by extension 'colcon_meta'
[0.391s] Level 1:colcon.colcon_core.package_identification:_identify(src/draw_fibo) by extensions ['ros']
[0.391s] Level 1:colcon.colcon_core.package_identification:_identify(src/draw_fibo) by extension 'ros'
[0.393s] DEBUG:colcon.colcon_core.package_identification:Package 'src/draw_fibo' with type 'ros.ament_cmake' and name 'draw_fibo'
[0.394s] Level 1:colcon.colcon_core.package_identification:_identify(src/my_interfaces) by extensions ['ignore', 'ignore_ament_install']
[0.394s] Level 1:colcon.colcon_core.package_identification:_identify(src/my_interfaces) by extension 'ignore'
[0.394s] Level 1:colcon.colcon_core.package_identification:_identify(src/my_interfaces) by extension 'ignore_ament_install'
[0.394s] Level 1:colcon.colcon_core.package_identification:_identify(src/my_interfaces) by extensions ['colcon_pkg']
[0.394s] Level 1:colcon.colcon_core.package_identification:_identify(src/my_interfaces) by extension 'colcon_pkg'
[0.394s] Level 1:colcon.colcon_core.package_identification:_identify(src/my_interfaces) by extensions ['colcon_meta']
[0.394s] Level 1:colcon.colcon_core.package_identification:_identify(src/my_interfaces) by extension 'colcon_meta'
[0.394s] Level 1:colcon.colcon_core.package_identification:_identify(src/my_interfaces) by extensions ['ros']
[0.394s] Level 1:colcon.colcon_core.package_identification:_identify(src/my_interfaces) by extension 'ros'
[0.395s] DEBUG:colcon.colcon_core.package_identification:Package 'src/my_interfaces' with type 'ros.ament_cmake' and name 'my_interfaces'
[0.395s] Level 1:colcon.colcon_core.package_identification:_identify(src/turtlesim_plus) by extensions ['ignore', 'ignore_ament_install']
[0.395s] Level 1:colcon.colcon_core.package_identification:_identify(src/turtlesim_plus) by extension 'ignore'
[0.395s] Level 1:colcon.colcon_core.package_identification:_identify(src/turtlesim_plus) by extension 'ignore_ament_install'
[0.395s] Level 1:colcon.colcon_core.package_identification:_identify(src/turtlesim_plus) by extensions ['colcon_pkg']
[0.395s] Level 1:colcon.colcon_core.package_identification:_identify(src/turtlesim_plus) by extension 'colcon_pkg'
[0.395s] Level 1:colcon.colcon_core.package_identification:_identify(src/turtlesim_plus) by extensions ['colcon_meta']
[0.395s] Level 1:colcon.colcon_core.package_identification:_identify(src/turtlesim_plus) by extension 'colcon_meta'
[0.395s] Level 1:colcon.colcon_core.package_identification:_identify(src/turtlesim_plus) by extensions ['ros']
[0.395s] Level 1:colcon.colcon_core.package_identification:_identify(src/turtlesim_plus) by extension 'ros'
[0.395s] Level 1:colcon.colcon_core.package_identification:_identify(src/turtlesim_plus) by extensions ['cmake', 'python']
[0.395s] Level 1:colcon.colcon_core.package_identification:_identify(src/turtlesim_plus) by extension 'cmake'
[0.395s] Level 1:colcon.colcon_core.package_identification:_identify(src/turtlesim_plus) by extension 'python'
[0.395s] Level 1:colcon.colcon_core.package_identification:_identify(src/turtlesim_plus) by extensions ['python_setup_py']
[0.395s] Level 1:colcon.colcon_core.package_identification:_identify(src/turtlesim_plus) by extension 'python_setup_py'
[0.395s] Level 1:colcon.colcon_core.package_identification:_identify(src/turtlesim_plus/turtlesim_plus) by extensions ['ignore', 'ignore_ament_install']
[0.395s] Level 1:colcon.colcon_core.package_identification:_identify(src/turtlesim_plus/turtlesim_plus) by extension 'ignore'
[0.395s] Level 1:colcon.colcon_core.package_identification:_identify(src/turtlesim_plus/turtlesim_plus) by extension 'ignore_ament_install'
[0.395s] Level 1:colcon.colcon_core.package_identification:_identify(src/turtlesim_plus/turtlesim_plus) by extensions ['colcon_pkg']
[0.396s] Level 1:colcon.colcon_core.package_identification:_identify(src/turtlesim_plus/turtlesim_plus) by extension 'colcon_pkg'
[0.396s] Level 1:colcon.colcon_core.package_identification:_identify(src/turtlesim_plus/turtlesim_plus) by extensions ['colcon_meta']
[0.396s] Level 1:colcon.colcon_core.package_identification:_identify(src/turtlesim_plus/turtlesim_plus) by extension 'colcon_meta'
[0.396s] Level 1:colcon.colcon_core.package_identification:_identify(src/turtlesim_plus/turtlesim_plus) by extensions ['ros']
[0.396s] Level 1:colcon.colcon_core.package_identification:_identify(src/turtlesim_plus/turtlesim_plus) by extension 'ros'
[0.397s] DEBUG:colcon.colcon_core.package_identification:Package 'src/turtlesim_plus/turtlesim_plus' with type 'ros.ament_cmake' and name 'turtlesim_plus'
[0.397s] Level 1:colcon.colcon_core.package_identification:_identify(src/turtlesim_plus/turtlesim_plus_interfaces) by extensions ['ignore', 'ignore_ament_install']
[0.397s] Level 1:colcon.colcon_core.package_identification:_identify(src/turtlesim_plus/turtlesim_plus_interfaces) by extension 'ignore'
[0.397s] Level 1:colcon.colcon_core.package_identification:_identify(src/turtlesim_plus/turtlesim_plus_interfaces) by extension 'ignore_ament_install'
[0.397s] Level 1:colcon.colcon_core.package_identification:_identify(src/turtlesim_plus/turtlesim_plus_interfaces) by extensions ['colcon_pkg']
[0.397s] Level 1:colcon.colcon_core.package_identification:_identify(src/turtlesim_plus/turtlesim_plus_interfaces) by extension 'colcon_pkg'
[0.397s] Level 1:colcon.colcon_core.package_identification:_identify(src/turtlesim_plus/turtlesim_plus_interfaces) by extensions ['colcon_meta']
[0.397s] Level 1:colcon.colcon_core.package_identification:_identify(src/turtlesim_plus/turtlesim_plus_interfaces) by extension 'colcon_meta'
[0.397s] Level 1:colcon.colcon_core.package_identification:_identify(src/turtlesim_plus/turtlesim_plus_interfaces) by extensions ['ros']
[0.397s] Level 1:colcon.colcon_core.package_identification:_identify(src/turtlesim_plus/turtlesim_plus_interfaces) by extension 'ros'
[0.398s] DEBUG:colcon.colcon_core.package_identification:Package 'src/turtlesim_plus/turtlesim_plus_interfaces' with type 'ros.ament_cmake' and name 'turtlesim_plus_interfaces'
[0.398s] Level 1:colcon.colcon_core.package_identification:_identify(src/turtlesim_plus_controller) by extensions ['ignore', 'ignore_ament_install']
[0.398s] Level 1:colcon.colcon_core.package_identification:_identify(src/turtlesim_plus_controller) by extension 'ignore'
[0.398s] Level 1:colcon.colcon_core.package_identification:_identify(src/turtlesim_plus_controller) by extension 'ignore_ament_install'
[0.398s] Level 1:colcon.colcon_core.package_identification:_identify(src/turtlesim_plus_controller) by extensions ['colcon_pkg']
[0.398s] Level 1:colcon.colcon_core.package_identification:_identify(src/turtlesim_plus_controller) by extension 'colcon_pkg'
[0.398s] Level 1:colcon.colcon_core.package_identification:_identify(src/turtlesim_plus_controller) by extensions ['colcon_meta']
[0.398s] Level 1:colcon.colcon_core.package_identification:_identify(src/turtlesim_plus_controller) by extension 'colcon_meta'
[0.398s] Level 1:colcon.colcon_core.package_identification:_identify(src/turtlesim_plus_controller) by extensions ['ros']
[0.398s] Level 1:colcon.colcon_core.package_identification:_identify(src/turtlesim_plus_controller) by extension 'ros'
[0.399s] DEBUG:colcon.colcon_core.package_identification:Package 'src/turtlesim_plus_controller' with type 'ros.ament_cmake' and name 'turtlesim_plus_controller'
[0.399s] Level 1:colcon.colcon_core.package_identification:_identify(src/turtlesim_plus_planning) by extensions ['ignore', 'ignore_ament_install']
[0.399s] Level 1:colcon.colcon_core.package_identification:_identify(src/turtlesim_plus_planning) by extension 'ignore'
[0.399s] Level 1:colcon.colcon_core.package_identification:_identify(src/turtlesim_plus_planning) by extension 'ignore_ament_install'
[0.399s] Level 1:colcon.colcon_core.package_identification:_identify(src/turtlesim_plus_planning) by extensions ['colcon_pkg']
[0.399s] Level 1:colcon.colcon_core.package_identification:_identify(src/turtlesim_plus_planning) by extension 'colcon_pkg'
[0.399s] Level 1:colcon.colcon_core.package_identification:_identify(src/turtlesim_plus_planning) by extensions ['colcon_meta']
[0.399s] Level 1:colcon.colcon_core.package_identification:_identify(src/turtlesim_plus_planning) by extension 'colcon_meta'
[0.399s] Level 1:colcon.colcon_core.package_identification:_identify(src/turtlesim_plus_planning) by extensions ['ros']
[0.399s] Level 1:colcon.colcon_core.package_identification:_identify(src/turtlesim_plus_planning) by extension 'ros'
[0.400s] DEBUG:colcon.colcon_core.package_identification:Package 'src/turtlesim_plus_planning' with type 'ros.ament_cmake' and name 'turtlesim_plus_planning'
[0.400s] Level 1:colcon.colcon_core.package_identification:_identify(src/turtlesim_plus_scheduler) by extensions ['ignore', 'ignore_ament_install']
[0.400s] Level 1:colcon.colcon_core.package_identification:_identify(src/turtlesim_plus_scheduler) by extension 'ignore'
[0.400s] Level 1:colcon.colcon_core.package_identification:_identify(src/turtlesim_plus_scheduler) by extension 'ignore_ament_install'
[0.400s] Level 1:colcon.colcon_core.package_identification:_identify(src/turtlesim_plus_scheduler) by extensions ['colcon_pkg']
[0.400s] Level 1:colcon.colcon_core.package_identification:_identify(src/turtlesim_plus_scheduler) by extension 'colcon_pkg'
[0.400s] Level 1:colcon.colcon_core.package_identification:_identify(src/turtlesim_plus_scheduler) by extensions ['colcon_meta']
[0.400s] Level 1:colcon.colcon_core.package_identification:_identify(src/turtlesim_plus_scheduler) by extension 'colcon_meta'
[0.400s] Level 1:colcon.colcon_core.package_identification:_identify(src/turtlesim_plus_scheduler) by extensions ['ros']
[0.400s] Level 1:colcon.colcon_core.package_identification:_identify(src/turtlesim_plus_scheduler) by extension 'ros'
[0.401s] DEBUG:colcon.colcon_core.package_identification:Package 'src/turtlesim_plus_scheduler' with type 'ros.ament_cmake' and name 'turtlesim_plus_scheduler'
[0.401s] Level 1:colcon.colcon_core.package_discovery:discover_packages(recursive) using defaults
[0.401s] Level 1:colcon.colcon_core.package_discovery:discover_packages(ignore) discover
[0.401s] Level 1:colcon.colcon_core.package_discovery:discover_packages(ignore) using defaults
[0.401s] Level 1:colcon.colcon_core.package_discovery:discover_packages(path) discover
[0.401s] Level 1:colcon.colcon_core.package_discovery:discover_packages(path) using defaults
[0.426s] Level 1:colcon.colcon_core.package_discovery:discover_packages(prefix_path) check parameters
[0.426s] Level 1:colcon.colcon_core.package_discovery:discover_packages(prefix_path) discover
[0.429s] DEBUG:colcon.colcon_installed_package_information.package_discovery:Found 7 installed packages in /home/tanawatp/FRA501_61_WS/install
[0.431s] DEBUG:colcon.colcon_installed_package_information.package_discovery:Found 6 installed packages in /home/tanawatp/fra501_robotdevop/fra501_ws/install
[0.432s] DEBUG:colcon.colcon_installed_package_information.package_discovery:Found 2 installed packages in /home/tanawatp/ros2_workspaceTutorial/install
[0.433s] DEBUG:colcon.colcon_installed_package_information.package_discovery:Found 270 installed packages in /opt/ros/humble
[0.435s] Level 1:colcon.colcon_core.package_discovery:discover_packages(prefix_path) using defaults
[0.491s] Level 5:colcon.colcon_core.verb:set package 'draw_fibo' build argument 'cmake_args' from command line to 'None'
[0.492s] Level 5:colcon.colcon_core.verb:set package 'draw_fibo' build argument 'cmake_target' from command line to 'None'
[0.492s] Level 5:colcon.colcon_core.verb:set package 'draw_fibo' build argument 'cmake_target_skip_unavailable' from command line to 'False'
[0.492s] Level 5:colcon.colcon_core.verb:set package 'draw_fibo' build argument 'cmake_clean_cache' from command line to 'False'
[0.492s] Level 5:colcon.colcon_core.verb:set package 'draw_fibo' build argument 'cmake_clean_first' from command line to 'False'
[0.492s] Level 5:colcon.colcon_core.verb:set package 'draw_fibo' build argument 'cmake_force_configure' from command line to 'False'
[0.492s] Level 5:colcon.colcon_core.verb:set package 'draw_fibo' build argument 'ament_cmake_args' from command line to 'None'
[0.492s] Level 5:colcon.colcon_core.verb:set package 'draw_fibo' build argument 'catkin_cmake_args' from command line to 'None'
[0.492s] Level 5:colcon.colcon_core.verb:set package 'draw_fibo' build argument 'catkin_skip_building_tests' from command line to 'False'
[0.492s] DEBUG:colcon.colcon_core.verb:Building package 'draw_fibo' with the following arguments: {'ament_cmake_args': None, 'build_base': '/home/tanawatp/FRA501_61_WS/build/draw_fibo', 'catkin_cmake_args': None, 'catkin_skip_building_tests': False, 'cmake_args': None, 'cmake_clean_cache': False, 'cmake_clean_first': False, 'cmake_force_configure': False, 'cmake_target': None, 'cmake_target_skip_unavailable': False, 'install_base': '/home/tanawatp/FRA501_61_WS/install/draw_fibo', 'merge_install': False, 'path': '/home/tanawatp/FRA501_61_WS/src/draw_fibo', 'symlink_install': False, 'test_result_base': None}
[0.493s] Level 5:colcon.colcon_core.verb:set package 'my_interfaces' build argument 'cmake_args' from command line to 'None'
[0.493s] Level 5:colcon.colcon_core.verb:set package 'my_interfaces' build argument 'cmake_target' from command line to 'None'
[0.493s] Level 5:colcon.colcon_core.verb:set package 'my_interfaces' build argument 'cmake_target_skip_unavailable' from command line to 'False'
[0.493s] Level 5:colcon.colcon_core.verb:set package 'my_interfaces' build argument 'cmake_clean_cache' from command line to 'False'
[0.493s] Level 5:colcon.colcon_core.verb:set package 'my_interfaces' build argument 'cmake_clean_first' from command line to 'False'
[0.493s] Level 5:colcon.colcon_core.verb:set package 'my_interfaces' build argument 'cmake_force_configure' from command line to 'False'
[0.493s] Level 5:colcon.colcon_core.verb:set package 'my_interfaces' build argument 'ament_cmake_args' from command line to 'None'
[0.493s] Level 5:colcon.colcon_core.verb:set package 'my_interfaces' build argument 'catkin_cmake_args' from command line to 'None'
[0.493s] Level 5:colcon.colcon_core.verb:set package 'my_interfaces' build argument 'catkin_skip_building_tests' from command line to 'False'
[0.493s] DEBUG:colcon.colcon_core.verb:Building package 'my_interfaces' with the following arguments: {'ament_cmake_args': None, 'build_base': '/home/tanawatp/FRA501_61_WS/build/my_interfaces', 'catkin_cmake_args': None, 'catkin_skip_building_tests': False, 'cmake_args': None, 'cmake_clean_cache': False, 'cmake_clean_first': False, 'cmake_force_configure': False, 'cmake_target': None, 'cmake_target_skip_unavailable': False, 'install_base': '/home/tanawatp/FRA501_61_WS/install/my_interfaces', 'merge_install': False, 'path': '/home/tanawatp/FRA501_61_WS/src/my_interfaces', 'symlink_install': False, 'test_result_base': None}
[0.494s] Level 5:colcon.colcon_core.verb:set package 'turtlesim_plus' build argument 'cmake_args' from command line to 'None'
[0.494s] Level 5:colcon.colcon_core.verb:set package 'turtlesim_plus' build argument 'cmake_target' from command line to 'None'
[0.494s] Level 5:colcon.colcon_core.verb:set package 'turtlesim_plus' build argument 'cmake_target_skip_unavailable' from command line to 'False'
[0.494s] Level 5:colcon.colcon_core.verb:set package 'turtlesim_plus' build argument 'cmake_clean_cache' from command line to 'False'
[0.494s] Level 5:colcon.colcon_core.verb:set package 'turtlesim_plus' build argument 'cmake_clean_first' from command line to 'False'
[0.494s] Level 5:colcon.colcon_core.verb:set package 'turtlesim_plus' build argument 'cmake_force_configure' from command line to 'False'
[0.494s] Level 5:colcon.colcon_core.verb:set package 'turtlesim_plus' build argument 'ament_cmake_args' from command line to 'None'
[0.494s] Level 5:colcon.colcon_core.verb:set package 'turtlesim_plus' build argument 'catkin_cmake_args' from command line to 'None'
[0.494s] Level 5:colcon.colcon_core.verb:set package 'turtlesim_plus' build argument 'catkin_skip_building_tests' from command line to 'False'
[0.495s] DEBUG:colcon.colcon_core.verb:Building package 'turtlesim_plus' with the following arguments: {'ament_cmake_args': None, 'build_base': '/home/tanawatp/FRA501_61_WS/build/turtlesim_plus', 'catkin_cmake_args': None, 'catkin_skip_building_tests': False, 'cmake_args': None, 'cmake_clean_cache': False, 'cmake_clean_first': False, 'cmake_force_configure': False, 'cmake_target': None, 'cmake_target_skip_unavailable': False, 'install_base': '/home/tanawatp/FRA501_61_WS/install/turtlesim_plus', 'merge_install': False, 'path': '/home/tanawatp/FRA501_61_WS/src/turtlesim_plus/turtlesim_plus', 'symlink_install': False, 'test_result_base': None}
[0.496s] Level 5:colcon.colcon_core.verb:set package 'turtlesim_plus_controller' build argument 'cmake_args' from command line to 'None'
[0.496s] Level 5:colcon.colcon_core.verb:set package 'turtlesim_plus_controller' build argument 'cmake_target' from command line to 'None'
[0.496s] Level 5:colcon.colcon_core.verb:set package 'turtlesim_plus_controller' build argument 'cmake_target_skip_unavailable' from command line to 'False'
[0.496s] Level 5:colcon.colcon_core.verb:set package 'turtlesim_plus_controller' build argument 'cmake_clean_cache' from command line to 'False'
[0.496s] Level 5:colcon.colcon_core.verb:set package 'turtlesim_plus_controller' build argument 'cmake_clean_first' from command line to 'False'
[0.496s] Level 5:colcon.colcon_core.verb:set package 'turtlesim_plus_controller' build argument 'cmake_force_configure' from command line to 'False'
[0.496s] Level 5:colcon.colcon_core.verb:set package 'turtlesim_plus_controller' build argument 'ament_cmake_args' from command line to 'None'
[0.496s] Level 5:colcon.colcon_core.verb:set package 'turtlesim_plus_controller' build argument 'catkin_cmake_args' from command line to 'None'
[0.496s] Level 5:colcon.colcon_core.verb:set package 'turtlesim_plus_controller' build argument 'catkin_skip_building_tests' from command line to 'False'
[0.496s] DEBUG:colcon.colcon_core.verb:Building package 'turtlesim_plus_controller' with the following arguments: {'ament_cmake_args': None, 'build_base': '/home/tanawatp/FRA501_61_WS/build/turtlesim_plus_controller', 'catkin_cmake_args': None, 'catkin_skip_building_tests': False, 'cmake_args': None, 'cmake_clean_cache': False, 'cmake_clean_first': False, 'cmake_force_configure': False, 'cmake_target': None, 'cmake_target_skip_unavailable': False, 'install_base': '/home/tanawatp/FRA501_61_WS/install/turtlesim_plus_controller', 'merge_install': False, 'path': '/home/tanawatp/FRA501_61_WS/src/turtlesim_plus_controller', 'symlink_install': False, 'test_result_base': None}
[0.497s] Level 5:colcon.colcon_core.verb:set package 'turtlesim_plus_interfaces' build argument 'cmake_args' from command line to 'None'
[0.497s] Level 5:colcon.colcon_core.verb:set package 'turtlesim_plus_interfaces' build argument 'cmake_target' from command line to 'None'
[0.497s] Level 5:colcon.colcon_core.verb:set package 'turtlesim_plus_interfaces' build argument 'cmake_target_skip_unavailable' from command line to 'False'
[0.497s] Level 5:colcon.colcon_core.verb:set package 'turtlesim_plus_interfaces' build argument 'cmake_clean_cache' from command line to 'False'
[0.497s] Level 5:colcon.colcon_core.verb:set package 'turtlesim_plus_interfaces' build argument 'cmake_clean_first' from command line to 'False'
[0.497s] Level 5:colcon.colcon_core.verb:set package 'turtlesim_plus_interfaces' build argument 'cmake_force_configure' from command line to 'False'
[0.497s] Level 5:colcon.colcon_core.verb:set package 'turtlesim_plus_interfaces' build argument 'ament_cmake_args' from command line to 'None'
[0.497s] Level 5:colcon.colcon_core.verb:set package 'turtlesim_plus_interfaces' build argument 'catkin_cmake_args' from command line to 'None'
[0.497s] Level 5:colcon.colcon_core.verb:set package 'turtlesim_plus_interfaces' build argument 'catkin_skip_building_tests' from command line to 'False'
[0.497s] DEBUG:colcon.colcon_core.verb:Building package 'turtlesim_plus_interfaces' with the following arguments: {'ament_cmake_args': None, 'build_base': '/home/tanawatp/FRA501_61_WS/build/turtlesim_plus_interfaces', 'catkin_cmake_args': None, 'catkin_skip_building_tests': False, 'cmake_args': None, 'cmake_clean_cache': False, 'cmake_clean_first': False, 'cmake_force_configure': False, 'cmake_target': None, 'cmake_target_skip_unavailable': False, 'install_base': '/home/tanawatp/FRA501_61_WS/install/turtlesim_plus_interfaces', 'merge_install': False, 'path': '/home/tanawatp/FRA501_61_WS/src/turtlesim_plus/turtlesim_plus_interfaces', 'symlink_install': False, 'test_result_base': None}
[0.498s] Level 5:colcon.colcon_core.verb:set package 'turtlesim_plus_planning' build argument 'cmake_args' from command line to 'None'
[0.498s] Level 5:colcon.colcon_core.verb:set package 'turtlesim_plus_planning' build argument 'cmake_target' from command line to 'None'
[0.498s] Level 5:colcon.colcon_core.verb:set package 'turtlesim_plus_planning' build argument 'cmake_target_skip_unavailable' from command line to 'False'
[0.498s] Level 5:colcon.colcon_core.verb:set package 'turtlesim_plus_planning' build argument 'cmake_clean_cache' from command line to 'False'
[0.498s] Level 5:colcon.colcon_core.verb:set package 'turtlesim_plus_planning' build argument 'cmake_clean_first' from command line to 'False'
[0.498s] Level 5:colcon.colcon_core.verb:set package 'turtlesim_plus_planning' build argument 'cmake_force_configure' from command line to 'False'
[0.498s] Level 5:colcon.colcon_core.verb:set package 'turtlesim_plus_planning' build argument 'ament_cmake_args' from command line to 'None'
[0.498s] Level 5:colcon.colcon_core.verb:set package 'turtlesim_plus_planning' build argument 'catkin_cmake_args' from command line to 'None'
[0.498s] Level 5:colcon.colcon_core.verb:set package 'turtlesim_plus_planning' build argument 'catkin_skip_building_tests' from command line to 'False'
[0.498s] DEBUG:colcon.colcon_core.verb:Building package 'turtlesim_plus_planning' with the following arguments: {'ament_cmake_args': None, 'build_base': '/home/tanawatp/FRA501_61_WS/build/turtlesim_plus_planning', 'catkin_cmake_args': None, 'catkin_skip_building_tests': False, 'cmake_args': None, 'cmake_clean_cache': False, 'cmake_clean_first': False, 'cmake_force_configure': False, 'cmake_target': None, 'cmake_target_skip_unavailable': False, 'install_base': '/home/tanawatp/FRA501_61_WS/install/turtlesim_plus_planning', 'merge_install': False, 'path': '/home/tanawatp/FRA501_61_WS/src/turtlesim_plus_planning', 'symlink_install': False, 'test_result_base': None}
[0.499s] Level 5:colcon.colcon_core.verb:set package 'turtlesim_plus_scheduler' build argument 'cmake_args' from command line to 'None'
[0.499s] Level 5:colcon.colcon_core.verb:set package 'turtlesim_plus_scheduler' build argument 'cmake_target' from command line to 'None'
[0.499s] Level 5:colcon.colcon_core.verb:set package 'turtlesim_plus_scheduler' build argument 'cmake_target_skip_unavailable' from command line to 'False'
[0.499s] Level 5:colcon.colcon_core.verb:set package 'turtlesim_plus_scheduler' build argument 'cmake_clean_cache' from command line to 'False'
[0.500s] Level 5:colcon.colcon_core.verb:set package 'turtlesim_plus_scheduler' build argument 'cmake_clean_first' from command line to 'False'
[0.500s] Level 5:colcon.colcon_core.verb:set package 'turtlesim_plus_scheduler' build argument 'cmake_force_configure' from command line to 'False'
[0.500s] Level 5:colcon.colcon_core.verb:set package 'turtlesim_plus_scheduler' build argument 'ament_cmake_args' from command line to 'None'
[0.500s] Level 5:colcon.colcon_core.verb:set package 'turtlesim_plus_scheduler' build argument 'catkin_cmake_args' from command line to 'None'
[0.500s] Level 5:colcon.colcon_core.verb:set package 'turtlesim_plus_scheduler' build argument 'catkin_skip_building_tests' from command line to 'False'
[0.500s] DEBUG:colcon.colcon_core.verb:Building package 'turtlesim_plus_scheduler' with the following arguments: {'ament_cmake_args': None, 'build_base': '/home/tanawatp/FRA501_61_WS/build/turtlesim_plus_scheduler', 'catkin_cmake_args': None, 'catkin_skip_building_tests': False, 'cmake_args': None, 'cmake_clean_cache': False, 'cmake_clean_first': False, 'cmake_force_configure': False, 'cmake_target': None, 'cmake_target_skip_unavailable': False, 'install_base': '/home/tanawatp/FRA501_61_WS/install/turtlesim_plus_scheduler', 'merge_install': False, 'path': '/home/tanawatp/FRA501_61_WS/src/turtlesim_plus_scheduler', 'symlink_install': False, 'test_result_base': None}
[0.500s] INFO:colcon.colcon_core.executor:Executing jobs using 'parallel' executor
[0.504s] DEBUG:colcon.colcon_parallel_executor.executor.parallel:run_until_complete
[0.504s] INFO:colcon.colcon_ros.task.ament_cmake.build:Building ROS package in '/home/tanawatp/FRA501_61_WS/src/draw_fibo' with build type 'ament_cmake'
[0.504s] INFO:colcon.colcon_cmake.task.cmake.build:Building CMake package in '/home/tanawatp/FRA501_61_WS/src/draw_fibo'
[0.509s] INFO:colcon.colcon_core.plugin_system:Skipping extension 'colcon_core.shell.bat': Not used on non-Windows systems
[0.510s] INFO:colcon.colcon_core.shell:Skip shell extension 'powershell' for command environment: Not usable outside of PowerShell
[0.510s] DEBUG:colcon.colcon_core.shell:Skip shell extension 'dsv' for command environment
[0.516s] INFO:colcon.colcon_ros.task.ament_cmake.build:Building ROS package in '/home/tanawatp/FRA501_61_WS/src/my_interfaces' with build type 'ament_cmake'
[0.516s] INFO:colcon.colcon_cmake.task.cmake.build:Building CMake package in '/home/tanawatp/FRA501_61_WS/src/my_interfaces'
[0.518s] INFO:colcon.colcon_core.shell:Skip shell extension 'powershell' for command environment: Not usable outside of PowerShell
[0.518s] DEBUG:colcon.colcon_core.shell:Skip shell extension 'dsv' for command environment
[0.525s] INFO:colcon.colcon_ros.task.ament_cmake.build:Building ROS package in '/home/tanawatp/FRA501_61_WS/src/turtlesim_plus/turtlesim_plus' with build type 'ament_cmake'
[0.526s] INFO:colcon.colcon_cmake.task.cmake.build:Building CMake package in '/home/tanawatp/FRA501_61_WS/src/turtlesim_plus/turtlesim_plus'
[0.527s] INFO:colcon.colcon_core.shell:Skip shell extension 'powershell' for command environment: Not usable outside of PowerShell
[0.527s] DEBUG:colcon.colcon_core.shell:Skip shell extension 'dsv' for command environment
[0.535s] INFO:colcon.colcon_ros.task.ament_cmake.build:Building ROS package in '/home/tanawatp/FRA501_61_WS/src/turtlesim_plus_controller' with build type 'ament_cmake'
[0.535s] INFO:colcon.colcon_cmake.task.cmake.build:Building CMake package in '/home/tanawatp/FRA501_61_WS/src/turtlesim_plus_controller'
[0.537s] INFO:colcon.colcon_core.shell:Skip shell extension 'powershell' for command environment: Not usable outside of PowerShell
[0.537s] DEBUG:colcon.colcon_core.shell:Skip shell extension 'dsv' for command environment
[0.545s] INFO:colcon.colcon_ros.task.ament_cmake.build:Building ROS package in '/home/tanawatp/FRA501_61_WS/src/turtlesim_plus/turtlesim_plus_interfaces' with build type 'ament_cmake'
[0.545s] INFO:colcon.colcon_cmake.task.cmake.build:Building CMake package in '/home/tanawatp/FRA501_61_WS/src/turtlesim_plus/turtlesim_plus_interfaces'
[0.546s] INFO:colcon.colcon_core.shell:Skip shell extension 'powershell' for command environment: Not usable outside of PowerShell
[0.547s] DEBUG:colcon.colcon_core.shell:Skip shell extension 'dsv' for command environment
[0.554s] INFO:colcon.colcon_ros.task.ament_cmake.build:Building ROS package in '/home/tanawatp/FRA501_61_WS/src/turtlesim_plus_planning' with build type 'ament_cmake'
[0.554s] INFO:colcon.colcon_cmake.task.cmake.build:Building CMake package in '/home/tanawatp/FRA501_61_WS/src/turtlesim_plus_planning'
[0.556s] INFO:colcon.colcon_core.shell:Skip shell extension 'powershell' for command environment: Not usable outside of PowerShell
[0.556s] DEBUG:colcon.colcon_core.shell:Skip shell extension 'dsv' for command environment
[0.563s] INFO:colcon.colcon_ros.task.ament_cmake.build:Building ROS package in '/home/tanawatp/FRA501_61_WS/src/turtlesim_plus_scheduler' with build type 'ament_cmake'
[0.564s] INFO:colcon.colcon_cmake.task.cmake.build:Building CMake package in '/home/tanawatp/FRA501_61_WS/src/turtlesim_plus_scheduler'
[0.565s] INFO:colcon.colcon_core.shell:Skip shell extension 'powershell' for command environment: Not usable outside of PowerShell
[0.565s] DEBUG:colcon.colcon_core.shell:Skip shell extension 'dsv' for command environment
[0.581s] DEBUG:colcon.colcon_core.event_handler.log_command:Invoking command in '/home/tanawatp/FRA501_61_WS/build/draw_fibo': CMAKE_PREFIX_PATH=${CMAKE_PREFIX_PATH}:/home/tanawatp/ros2_workspaceTutorial/install/robot_controller:/opt/ros/humble /usr/bin/cmake --build /home/tanawatp/FRA501_61_WS/build/draw_fibo -- -j8 -l8
[0.585s] DEBUG:colcon.colcon_core.event_handler.log_command:Invoking command in '/home/tanawatp/FRA501_61_WS/build/my_interfaces': CMAKE_PREFIX_PATH=${CMAKE_PREFIX_PATH}:/home/tanawatp/ros2_workspaceTutorial/install/robot_controller:/opt/ros/humble /usr/bin/cmake --build /home/tanawatp/FRA501_61_WS/build/my_interfaces -- -j8 -l8
[0.589s] DEBUG:colcon.colcon_core.event_handler.log_command:Invoking command in '/home/tanawatp/FRA501_61_WS/build/turtlesim_plus': CMAKE_PREFIX_PATH=${CMAKE_PREFIX_PATH}:/home/tanawatp/ros2_workspaceTutorial/install/robot_controller:/opt/ros/humble /usr/bin/cmake --build /home/tanawatp/FRA501_61_WS/build/turtlesim_plus -- -j8 -l8
[0.593s] DEBUG:colcon.colcon_core.event_handler.log_command:Invoking command in '/home/tanawatp/FRA501_61_WS/build/turtlesim_plus_controller': CMAKE_PREFIX_PATH=${CMAKE_PREFIX_PATH}:/home/tanawatp/ros2_workspaceTutorial/install/robot_controller:/opt/ros/humble /usr/bin/cmake --build /home/tanawatp/FRA501_61_WS/build/turtlesim_plus_controller -- -j8 -l8
[0.597s] DEBUG:colcon.colcon_core.event_handler.log_command:Invoking command in '/home/tanawatp/FRA501_61_WS/build/turtlesim_plus_interfaces': CMAKE_PREFIX_PATH=${CMAKE_PREFIX_PATH}:/home/tanawatp/ros2_workspaceTutorial/install/robot_controller:/opt/ros/humble /usr/bin/cmake --build /home/tanawatp/FRA501_61_WS/build/turtlesim_plus_interfaces -- -j8 -l8
[0.605s] DEBUG:colcon.colcon_core.event_handler.log_command:Invoking command in '/home/tanawatp/FRA501_61_WS/build/turtlesim_plus_planning': CMAKE_PREFIX_PATH=${CMAKE_PREFIX_PATH}:/home/tanawatp/ros2_workspaceTutorial/install/robot_controller:/opt/ros/humble /usr/bin/cmake --build /home/tanawatp/FRA501_61_WS/build/turtlesim_plus_planning -- -j8 -l8
[0.620s] DEBUG:colcon.colcon_core.event_handler.log_command:Invoking command in '/home/tanawatp/FRA501_61_WS/build/turtlesim_plus_scheduler': CMAKE_PREFIX_PATH=${CMAKE_PREFIX_PATH}:/home/tanawatp/ros2_workspaceTutorial/install/robot_controller:/opt/ros/humble /usr/bin/cmake --build /home/tanawatp/FRA501_61_WS/build/turtlesim_plus_scheduler -- -j8 -l8
[1.382s] DEBUG:colcon.colcon_core.event_handler.log_command:Invoked command in '/home/tanawatp/FRA501_61_WS/build/turtlesim_plus' returned '0': CMAKE_PREFIX_PATH=${CMAKE_PREFIX_PATH}:/home/tanawatp/ros2_workspaceTutorial/install/robot_controller:/opt/ros/humble /usr/bin/cmake --build /home/tanawatp/FRA501_61_WS/build/turtlesim_plus -- -j8 -l8
[1.406s] DEBUG:colcon.colcon_core.event_handler.log_command:Invoked command in '/home/tanawatp/FRA501_61_WS/build/draw_fibo' returned '0': CMAKE_PREFIX_PATH=${CMAKE_PREFIX_PATH}:/home/tanawatp/ros2_workspaceTutorial/install/robot_controller:/opt/ros/humble /usr/bin/cmake --build /home/tanawatp/FRA501_61_WS/build/draw_fibo -- -j8 -l8
[1.450s] DEBUG:colcon.colcon_core.event_handler.log_command:Invoking command in '/home/tanawatp/FRA501_61_WS/build/turtlesim_plus': CMAKE_PREFIX_PATH=${CMAKE_PREFIX_PATH}:/home/tanawatp/ros2_workspaceTutorial/install/robot_controller:/opt/ros/humble /usr/bin/cmake --install /home/tanawatp/FRA501_61_WS/build/turtlesim_plus
[1.455s] DEBUG:colcon.colcon_core.event_handler.log_command:Invoked command in '/home/tanawatp/FRA501_61_WS/build/my_interfaces' returned '0': CMAKE_PREFIX_PATH=${CMAKE_PREFIX_PATH}:/home/tanawatp/ros2_workspaceTutorial/install/robot_controller:/opt/ros/humble /usr/bin/cmake --build /home/tanawatp/FRA501_61_WS/build/my_interfaces -- -j8 -l8
[1.464s] DEBUG:colcon.colcon_core.event_handler.log_command:Invoked command in '/home/tanawatp/FRA501_61_WS/build/turtlesim_plus_controller' returned '0': CMAKE_PREFIX_PATH=${CMAKE_PREFIX_PATH}:/home/tanawatp/ros2_workspaceTutorial/install/robot_controller:/opt/ros/humble /usr/bin/cmake --build /home/tanawatp/FRA501_61_WS/build/turtlesim_plus_controller -- -j8 -l8
[1.466s] DEBUG:colcon.colcon_core.event_handler.log_command:Invoked command in '/home/tanawatp/FRA501_61_WS/build/turtlesim_plus_planning' returned '0': CMAKE_PREFIX_PATH=${CMAKE_PREFIX_PATH}:/home/tanawatp/ros2_workspaceTutorial/install/robot_controller:/opt/ros/humble /usr/bin/cmake --build /home/tanawatp/FRA501_61_WS/build/turtlesim_plus_planning -- -j8 -l8
[1.475s] DEBUG:colcon.colcon_core.event_handler.log_command:Invoking command in '/home/tanawatp/FRA501_61_WS/build/draw_fibo': CMAKE_PREFIX_PATH=${CMAKE_PREFIX_PATH}:/home/tanawatp/ros2_workspaceTutorial/install/robot_controller:/opt/ros/humble /usr/bin/cmake --install /home/tanawatp/FRA501_61_WS/build/draw_fibo
[1.506s] DEBUG:colcon.colcon_core.event_handler.log_command:Invoking command in '/home/tanawatp/FRA501_61_WS/build/turtlesim_plus_controller': CMAKE_PREFIX_PATH=${CMAKE_PREFIX_PATH}:/home/tanawatp/ros2_workspaceTutorial/install/robot_controller:/opt/ros/humble /usr/bin/cmake --install /home/tanawatp/FRA501_61_WS/build/turtlesim_plus_controller
[1.511s] DEBUG:colcon.colcon_core.event_handler.log_command:Invoking command in '/home/tanawatp/FRA501_61_WS/build/turtlesim_plus_planning': CMAKE_PREFIX_PATH=${CMAKE_PREFIX_PATH}:/home/tanawatp/ros2_workspaceTutorial/install/robot_controller:/opt/ros/humble /usr/bin/cmake --install /home/tanawatp/FRA501_61_WS/build/turtlesim_plus_planning
[1.513s] DEBUG:colcon.colcon_core.event_handler.log_command:Invoked command in '/home/tanawatp/FRA501_61_WS/build/turtlesim_plus_interfaces' returned '0': CMAKE_PREFIX_PATH=${CMAKE_PREFIX_PATH}:/home/tanawatp/ros2_workspaceTutorial/install/robot_controller:/opt/ros/humble /usr/bin/cmake --build /home/tanawatp/FRA501_61_WS/build/turtlesim_plus_interfaces -- -j8 -l8
[1.517s] DEBUG:colcon.colcon_core.event_handler.log_command:Invoked command in '/home/tanawatp/FRA501_61_WS/build/turtlesim_plus_scheduler' returned '0': CMAKE_PREFIX_PATH=${CMAKE_PREFIX_PATH}:/home/tanawatp/ros2_workspaceTutorial/install/robot_controller:/opt/ros/humble /usr/bin/cmake --build /home/tanawatp/FRA501_61_WS/build/turtlesim_plus_scheduler -- -j8 -l8
[1.561s] Level 1:colcon.colcon_core.environment:create_environment_scripts_only(turtlesim_plus)
[1.565s] DEBUG:colcon.colcon_core.event_handler.log_command:Invoked command in '/home/tanawatp/FRA501_61_WS/build/turtlesim_plus' returned '0': CMAKE_PREFIX_PATH=${CMAKE_PREFIX_PATH}:/home/tanawatp/ros2_workspaceTutorial/install/robot_controller:/opt/ros/humble /usr/bin/cmake --install /home/tanawatp/FRA501_61_WS/build/turtlesim_plus
[1.574s] Level 1:colcon.colcon_core.environment:checking '/home/tanawatp/FRA501_61_WS/install/turtlesim_plus' for CMake module files
[1.575s] Level 1:colcon.colcon_core.environment:checking '/home/tanawatp/FRA501_61_WS/install/turtlesim_plus' for CMake config files
[1.575s] Level 1:colcon.colcon_core.shell:create_environment_hook('turtlesim_plus', 'cmake_prefix_path')
[1.577s] INFO:colcon.colcon_core.shell:Creating environment hook '/home/tanawatp/FRA501_61_WS/install/turtlesim_plus/share/turtlesim_plus/hook/cmake_prefix_path.ps1'
[1.579s] INFO:colcon.colcon_core.shell:Creating environment descriptor '/home/tanawatp/FRA501_61_WS/install/turtlesim_plus/share/turtlesim_plus/hook/cmake_prefix_path.dsv'
[1.580s] INFO:colcon.colcon_core.shell:Creating environment hook '/home/tanawatp/FRA501_61_WS/install/turtlesim_plus/share/turtlesim_plus/hook/cmake_prefix_path.sh'
[1.582s] Level 1:colcon.colcon_core.environment:checking '/home/tanawatp/FRA501_61_WS/install/turtlesim_plus/lib'
[1.582s] Level 1:colcon.colcon_core.environment:checking '/home/tanawatp/FRA501_61_WS/install/turtlesim_plus/bin'
[1.582s] Level 1:colcon.colcon_core.environment:checking '/home/tanawatp/FRA501_61_WS/install/turtlesim_plus/lib/pkgconfig/turtlesim_plus.pc'
[1.582s] Level 1:colcon.colcon_core.environment:checking '/home/tanawatp/FRA501_61_WS/install/turtlesim_plus/lib/python3.10/site-packages'
[1.583s] Level 1:colcon.colcon_core.environment:checking '/home/tanawatp/FRA501_61_WS/install/turtlesim_plus/bin'
[1.586s] INFO:colcon.colcon_core.shell:Creating package script '/home/tanawatp/FRA501_61_WS/install/turtlesim_plus/share/turtlesim_plus/package.ps1'
[1.588s] INFO:colcon.colcon_core.shell:Creating package descriptor '/home/tanawatp/FRA501_61_WS/install/turtlesim_plus/share/turtlesim_plus/package.dsv'
[1.589s] INFO:colcon.colcon_core.shell:Creating package script '/home/tanawatp/FRA501_61_WS/install/turtlesim_plus/share/turtlesim_plus/package.sh'
[1.590s] INFO:colcon.colcon_core.shell:Creating package script '/home/tanawatp/FRA501_61_WS/install/turtlesim_plus/share/turtlesim_plus/package.bash'
[1.592s] INFO:colcon.colcon_core.shell:Creating package script '/home/tanawatp/FRA501_61_WS/install/turtlesim_plus/share/turtlesim_plus/package.zsh'
[1.594s] Level 1:colcon.colcon_core.environment:create_file_with_runtime_dependencies(/home/tanawatp/FRA501_61_WS/install/turtlesim_plus/share/colcon-core/packages/turtlesim_plus)
[1.600s] DEBUG:colcon.colcon_core.event_handler.log_command:Invoking command in '/home/tanawatp/FRA501_61_WS/build/turtlesim_plus_scheduler': CMAKE_PREFIX_PATH=${CMAKE_PREFIX_PATH}:/home/tanawatp/ros2_workspaceTutorial/install/robot_controller:/opt/ros/humble /usr/bin/cmake --install /home/tanawatp/FRA501_61_WS/build/turtlesim_plus_scheduler
[1.603s] DEBUG:colcon.colcon_core.event_handler.log_command:Invoking command in '/home/tanawatp/FRA501_61_WS/build/my_interfaces': CMAKE_PREFIX_PATH=${CMAKE_PREFIX_PATH}:/home/tanawatp/ros2_workspaceTutorial/install/robot_controller:/opt/ros/humble /usr/bin/cmake --install /home/tanawatp/FRA501_61_WS/build/my_interfaces
[1.604s] Level 1:colcon.colcon_core.environment:create_environment_scripts_only(draw_fibo)
[1.605s] DEBUG:colcon.colcon_core.event_handler.log_command:Invoked command in '/home/tanawatp/FRA501_61_WS/build/draw_fibo' returned '0': CMAKE_PREFIX_PATH=${CMAKE_PREFIX_PATH}:/home/tanawatp/ros2_workspaceTutorial/install/robot_controller:/opt/ros/humble /usr/bin/cmake --install /home/tanawatp/FRA501_61_WS/build/draw_fibo
[1.609s] Level 1:colcon.colcon_core.environment:checking '/home/tanawatp/FRA501_61_WS/install/draw_fibo' for CMake module files
[1.612s] Level 1:colcon.colcon_core.environment:checking '/home/tanawatp/FRA501_61_WS/install/draw_fibo' for CMake config files
[1.614s] Level 1:colcon.colcon_core.shell:create_environment_hook('draw_fibo', 'cmake_prefix_path')
[1.617s] INFO:colcon.colcon_core.shell:Creating environment hook '/home/tanawatp/FRA501_61_WS/install/draw_fibo/share/draw_fibo/hook/cmake_prefix_path.ps1'
[1.618s] INFO:colcon.colcon_core.shell:Creating environment descriptor '/home/tanawatp/FRA501_61_WS/install/draw_fibo/share/draw_fibo/hook/cmake_prefix_path.dsv'
[1.619s] INFO:colcon.colcon_core.shell:Creating environment hook '/home/tanawatp/FRA501_61_WS/install/draw_fibo/share/draw_fibo/hook/cmake_prefix_path.sh'
[1.621s] Level 1:colcon.colcon_core.environment:checking '/home/tanawatp/FRA501_61_WS/install/draw_fibo/lib'
[1.622s] Level 1:colcon.colcon_core.environment:checking '/home/tanawatp/FRA501_61_WS/install/draw_fibo/bin'
[1.622s] Level 1:colcon.colcon_core.environment:checking '/home/tanawatp/FRA501_61_WS/install/draw_fibo/lib/pkgconfig/draw_fibo.pc'
[1.622s] Level 1:colcon.colcon_core.environment:checking '/home/tanawatp/FRA501_61_WS/install/draw_fibo/lib/python3.10/site-packages'
[1.623s] Level 1:colcon.colcon_core.environment:checking '/home/tanawatp/FRA501_61_WS/install/draw_fibo/bin'
[1.626s] INFO:colcon.colcon_core.shell:Creating package script '/home/tanawatp/FRA501_61_WS/install/draw_fibo/share/draw_fibo/package.ps1'
[1.627s] INFO:colcon.colcon_core.shell:Creating package descriptor '/home/tanawatp/FRA501_61_WS/install/draw_fibo/share/draw_fibo/package.dsv'
[1.628s] INFO:colcon.colcon_core.shell:Creating package script '/home/tanawatp/FRA501_61_WS/install/draw_fibo/share/draw_fibo/package.sh'
[1.629s] INFO:colcon.colcon_core.shell:Creating package script '/home/tanawatp/FRA501_61_WS/install/draw_fibo/share/draw_fibo/package.bash'
[1.629s] INFO:colcon.colcon_core.shell:Creating package script '/home/tanawatp/FRA501_61_WS/install/draw_fibo/share/draw_fibo/package.zsh'
[1.630s] Level 1:colcon.colcon_core.environment:create_file_with_runtime_dependencies(/home/tanawatp/FRA501_61_WS/install/draw_fibo/share/colcon-core/packages/draw_fibo)
[1.634s] Level 1:colcon.colcon_core.environment:create_environment_scripts_only(turtlesim_plus_controller)
[1.638s] Level 1:colcon.colcon_core.environment:checking '/home/tanawatp/FRA501_61_WS/install/turtlesim_plus_controller' for CMake module files
[1.641s] Level 1:colcon.colcon_core.environment:checking '/home/tanawatp/FRA501_61_WS/install/turtlesim_plus_controller' for CMake config files
[1.643s] Level 1:colcon.colcon_core.shell:create_environment_hook('turtlesim_plus_controller', 'cmake_prefix_path')
[1.645s] INFO:colcon.colcon_core.shell:Creating environment hook '/home/tanawatp/FRA501_61_WS/install/turtlesim_plus_controller/share/turtlesim_plus_controller/hook/cmake_prefix_path.ps1'
[1.646s] INFO:colcon.colcon_core.shell:Creating environment descriptor '/home/tanawatp/FRA501_61_WS/install/turtlesim_plus_controller/share/turtlesim_plus_controller/hook/cmake_prefix_path.dsv'
[1.649s] INFO:colcon.colcon_core.shell:Creating environment hook '/home/tanawatp/FRA501_61_WS/install/turtlesim_plus_controller/share/turtlesim_plus_controller/hook/cmake_prefix_path.sh'
[1.650s] Level 1:colcon.colcon_core.environment:checking '/home/tanawatp/FRA501_61_WS/install/turtlesim_plus_controller/lib'
[1.651s] Level 1:colcon.colcon_core.environment:checking '/home/tanawatp/FRA501_61_WS/install/turtlesim_plus_controller/bin'
[1.651s] Level 1:colcon.colcon_core.environment:checking '/home/tanawatp/FRA501_61_WS/install/turtlesim_plus_controller/lib/pkgconfig/turtlesim_plus_controller.pc'
[1.652s] Level 1:colcon.colcon_core.environment:checking '/home/tanawatp/FRA501_61_WS/install/turtlesim_plus_controller/lib/python3.10/site-packages'
[1.652s] Level 1:colcon.colcon_core.environment:checking '/home/tanawatp/FRA501_61_WS/install/turtlesim_plus_controller/bin'
[1.656s] INFO:colcon.colcon_core.shell:Creating package script '/home/tanawatp/FRA501_61_WS/install/turtlesim_plus_controller/share/turtlesim_plus_controller/package.ps1'
[1.658s] INFO:colcon.colcon_core.shell:Creating package descriptor '/home/tanawatp/FRA501_61_WS/install/turtlesim_plus_controller/share/turtlesim_plus_controller/package.dsv'
[1.659s] INFO:colcon.colcon_core.shell:Creating package script '/home/tanawatp/FRA501_61_WS/install/turtlesim_plus_controller/share/turtlesim_plus_controller/package.sh'
[1.660s] INFO:colcon.colcon_core.shell:Creating package script '/home/tanawatp/FRA501_61_WS/install/turtlesim_plus_controller/share/turtlesim_plus_controller/package.bash'
[1.662s] INFO:colcon.colcon_core.shell:Creating package script '/home/tanawatp/FRA501_61_WS/install/turtlesim_plus_controller/share/turtlesim_plus_controller/package.zsh'
[1.664s] Level 1:colcon.colcon_core.environment:create_file_with_runtime_dependencies(/home/tanawatp/FRA501_61_WS/install/turtlesim_plus_controller/share/colcon-core/packages/turtlesim_plus_controller)
[1.665s] DEBUG:colcon.colcon_core.event_handler.log_command:Invoked command in '/home/tanawatp/FRA501_61_WS/build/turtlesim_plus_controller' returned '0': CMAKE_PREFIX_PATH=${CMAKE_PREFIX_PATH}:/home/tanawatp/ros2_workspaceTutorial/install/robot_controller:/opt/ros/humble /usr/bin/cmake --install /home/tanawatp/FRA501_61_WS/build/turtlesim_plus_controller
[1.669s] Level 1:colcon.colcon_core.environment:create_environment_scripts_only(turtlesim_plus)
[1.673s] Level 1:colcon.colcon_core.environment:checking '/home/tanawatp/FRA501_61_WS/install/turtlesim_plus' for CMake module files
[1.674s] Level 1:colcon.colcon_core.environment:checking '/home/tanawatp/FRA501_61_WS/install/turtlesim_plus' for CMake config files
[1.675s] Level 1:colcon.colcon_core.shell:create_environment_hook('turtlesim_plus', 'cmake_prefix_path')
[1.677s] INFO:colcon.colcon_core.shell:Creating environment hook '/home/tanawatp/FRA501_61_WS/install/turtlesim_plus/share/turtlesim_plus/hook/cmake_prefix_path.ps1'
[1.678s] INFO:colcon.colcon_core.shell:Creating environment descriptor '/home/tanawatp/FRA501_61_WS/install/turtlesim_plus/share/turtlesim_plus/hook/cmake_prefix_path.dsv'
[1.679s] INFO:colcon.colcon_core.shell:Creating environment hook '/home/tanawatp/FRA501_61_WS/install/turtlesim_plus/share/turtlesim_plus/hook/cmake_prefix_path.sh'
[1.681s] Level 1:colcon.colcon_core.environment:checking '/home/tanawatp/FRA501_61_WS/install/turtlesim_plus/lib'
[1.681s] Level 1:colcon.colcon_core.environment:checking '/home/tanawatp/FRA501_61_WS/install/turtlesim_plus/bin'
[1.681s] Level 1:colcon.colcon_core.environment:checking '/home/tanawatp/FRA501_61_WS/install/turtlesim_plus/lib/pkgconfig/turtlesim_plus.pc'
[1.682s] Level 1:colcon.colcon_core.environment:checking '/home/tanawatp/FRA501_61_WS/install/turtlesim_plus/lib/python3.10/site-packages'
[1.682s] Level 1:colcon.colcon_core.environment:checking '/home/tanawatp/FRA501_61_WS/install/turtlesim_plus/bin'
[1.684s] INFO:colcon.colcon_core.shell:Creating package script '/home/tanawatp/FRA501_61_WS/install/turtlesim_plus/share/turtlesim_plus/package.ps1'
[1.685s] INFO:colcon.colcon_core.shell:Creating package descriptor '/home/tanawatp/FRA501_61_WS/install/turtlesim_plus/share/turtlesim_plus/package.dsv'
[1.686s] INFO:colcon.colcon_core.shell:Creating package script '/home/tanawatp/FRA501_61_WS/install/turtlesim_plus/share/turtlesim_plus/package.sh'
[1.687s] INFO:colcon.colcon_core.shell:Creating package script '/home/tanawatp/FRA501_61_WS/install/turtlesim_plus/share/turtlesim_plus/package.bash'
[1.689s] INFO:colcon.colcon_core.shell:Creating package script '/home/tanawatp/FRA501_61_WS/install/turtlesim_plus/share/turtlesim_plus/package.zsh'
[1.690s] Level 1:colcon.colcon_core.environment:create_file_with_runtime_dependencies(/home/tanawatp/FRA501_61_WS/install/turtlesim_plus/share/colcon-core/packages/turtlesim_plus)
[1.691s] Level 1:colcon.colcon_core.environment:create_environment_scripts_only(turtlesim_plus_planning)
[1.694s] Level 1:colcon.colcon_core.environment:checking '/home/tanawatp/FRA501_61_WS/install/turtlesim_plus_planning' for CMake module files
[1.695s] Level 1:colcon.colcon_core.environment:checking '/home/tanawatp/FRA501_61_WS/install/turtlesim_plus_planning' for CMake config files
[1.696s] Level 1:colcon.colcon_core.shell:create_environment_hook('turtlesim_plus_planning', 'cmake_prefix_path')
[1.698s] INFO:colcon.colcon_core.shell:Creating environment hook '/home/tanawatp/FRA501_61_WS/install/turtlesim_plus_planning/share/turtlesim_plus_planning/hook/cmake_prefix_path.ps1'
[1.699s] INFO:colcon.colcon_core.shell:Creating environment descriptor '/home/tanawatp/FRA501_61_WS/install/turtlesim_plus_planning/share/turtlesim_plus_planning/hook/cmake_prefix_path.dsv'
[1.700s] INFO:colcon.colcon_core.shell:Creating environment hook '/home/tanawatp/FRA501_61_WS/install/turtlesim_plus_planning/share/turtlesim_plus_planning/hook/cmake_prefix_path.sh'
[1.700s] DEBUG:colcon.colcon_core.event_handler.log_command:Invoked command in '/home/tanawatp/FRA501_61_WS/build/turtlesim_plus_planning' returned '0': CMAKE_PREFIX_PATH=${CMAKE_PREFIX_PATH}:/home/tanawatp/ros2_workspaceTutorial/install/robot_controller:/opt/ros/humble /usr/bin/cmake --install /home/tanawatp/FRA501_61_WS/build/turtlesim_plus_planning
[1.701s] Level 1:colcon.colcon_core.environment:checking '/home/tanawatp/FRA501_61_WS/install/turtlesim_plus_planning/lib'
[1.701s] Level 1:colcon.colcon_core.environment:checking '/home/tanawatp/FRA501_61_WS/install/turtlesim_plus_planning/bin'
[1.701s] Level 1:colcon.colcon_core.environment:checking '/home/tanawatp/FRA501_61_WS/install/turtlesim_plus_planning/lib/pkgconfig/turtlesim_plus_planning.pc'
[1.701s] Level 1:colcon.colcon_core.environment:checking '/home/tanawatp/FRA501_61_WS/install/turtlesim_plus_planning/lib/python3.10/site-packages'
[1.702s] Level 1:colcon.colcon_core.environment:checking '/home/tanawatp/FRA501_61_WS/install/turtlesim_plus_planning/bin'
[1.703s] INFO:colcon.colcon_core.shell:Creating package script '/home/tanawatp/FRA501_61_WS/install/turtlesim_plus_planning/share/turtlesim_plus_planning/package.ps1'
[1.704s] INFO:colcon.colcon_core.shell:Creating package descriptor '/home/tanawatp/FRA501_61_WS/install/turtlesim_plus_planning/share/turtlesim_plus_planning/package.dsv'
[1.705s] INFO:colcon.colcon_core.shell:Creating package script '/home/tanawatp/FRA501_61_WS/install/turtlesim_plus_planning/share/turtlesim_plus_planning/package.sh'
[1.705s] INFO:colcon.colcon_core.shell:Creating package script '/home/tanawatp/FRA501_61_WS/install/turtlesim_plus_planning/share/turtlesim_plus_planning/package.bash'
[1.705s] INFO:colcon.colcon_core.shell:Creating package script '/home/tanawatp/FRA501_61_WS/install/turtlesim_plus_planning/share/turtlesim_plus_planning/package.zsh'
[1.706s] Level 1:colcon.colcon_core.environment:create_file_with_runtime_dependencies(/home/tanawatp/FRA501_61_WS/install/turtlesim_plus_planning/share/colcon-core/packages/turtlesim_plus_planning)
[1.708s] Level 1:colcon.colcon_core.environment:create_environment_scripts_only(turtlesim_plus_scheduler)
[1.711s] Level 1:colcon.colcon_core.environment:checking '/home/tanawatp/FRA501_61_WS/install/turtlesim_plus_scheduler' for CMake module files
[1.712s] DEBUG:colcon.colcon_core.event_handler.log_command:Invoked command in '/home/tanawatp/FRA501_61_WS/build/turtlesim_plus_scheduler' returned '0': CMAKE_PREFIX_PATH=${CMAKE_PREFIX_PATH}:/home/tanawatp/ros2_workspaceTutorial/install/robot_controller:/opt/ros/humble /usr/bin/cmake --install /home/tanawatp/FRA501_61_WS/build/turtlesim_plus_scheduler
[1.712s] Level 1:colcon.colcon_core.environment:checking '/home/tanawatp/FRA501_61_WS/install/turtlesim_plus_scheduler' for CMake config files
[1.712s] Level 1:colcon.colcon_core.shell:create_environment_hook('turtlesim_plus_scheduler', 'cmake_prefix_path')
[1.714s] INFO:colcon.colcon_core.shell:Creating environment hook '/home/tanawatp/FRA501_61_WS/install/turtlesim_plus_scheduler/share/turtlesim_plus_scheduler/hook/cmake_prefix_path.ps1'
[1.714s] INFO:colcon.colcon_core.shell:Creating environment descriptor '/home/tanawatp/FRA501_61_WS/install/turtlesim_plus_scheduler/share/turtlesim_plus_scheduler/hook/cmake_prefix_path.dsv'
[1.715s] INFO:colcon.colcon_core.shell:Creating environment hook '/home/tanawatp/FRA501_61_WS/install/turtlesim_plus_scheduler/share/turtlesim_plus_scheduler/hook/cmake_prefix_path.sh'
[1.715s] Level 1:colcon.colcon_core.environment:checking '/home/tanawatp/FRA501_61_WS/install/turtlesim_plus_scheduler/lib'
[1.715s] Level 1:colcon.colcon_core.environment:checking '/home/tanawatp/FRA501_61_WS/install/turtlesim_plus_scheduler/bin'
[1.716s] Level 1:colcon.colcon_core.environment:checking '/home/tanawatp/FRA501_61_WS/install/turtlesim_plus_scheduler/lib/pkgconfig/turtlesim_plus_scheduler.pc'
[1.716s] Level 1:colcon.colcon_core.environment:checking '/home/tanawatp/FRA501_61_WS/install/turtlesim_plus_scheduler/lib/python3.10/site-packages'
[1.716s] Level 1:colcon.colcon_core.environment:checking '/home/tanawatp/FRA501_61_WS/install/turtlesim_plus_scheduler/bin'
[1.718s] INFO:colcon.colcon_core.shell:Creating package script '/home/tanawatp/FRA501_61_WS/install/turtlesim_plus_scheduler/share/turtlesim_plus_scheduler/package.ps1'
[1.718s] INFO:colcon.colcon_core.shell:Creating package descriptor '/home/tanawatp/FRA501_61_WS/install/turtlesim_plus_scheduler/share/turtlesim_plus_scheduler/package.dsv'
[1.719s] INFO:colcon.colcon_core.shell:Creating package script '/home/tanawatp/FRA501_61_WS/install/turtlesim_plus_scheduler/share/turtlesim_plus_scheduler/package.sh'
[1.719s] INFO:colcon.colcon_core.shell:Creating package script '/home/tanawatp/FRA501_61_WS/install/turtlesim_plus_scheduler/share/turtlesim_plus_scheduler/package.bash'
[1.719s] INFO:colcon.colcon_core.shell:Creating package script '/home/tanawatp/FRA501_61_WS/install/turtlesim_plus_scheduler/share/turtlesim_plus_scheduler/package.zsh'
[1.720s] Level 1:colcon.colcon_core.environment:create_file_with_runtime_dependencies(/home/tanawatp/FRA501_61_WS/install/turtlesim_plus_scheduler/share/colcon-core/packages/turtlesim_plus_scheduler)
[1.721s] Level 1:colcon.colcon_core.environment:create_environment_scripts_only(my_interfaces)
[1.723s] Level 1:colcon.colcon_core.environment:checking '/home/tanawatp/FRA501_61_WS/install/my_interfaces' for CMake module files
[1.724s] DEBUG:colcon.colcon_core.event_handler.log_command:Invoked command in '/home/tanawatp/FRA501_61_WS/build/my_interfaces' returned '0': CMAKE_PREFIX_PATH=${CMAKE_PREFIX_PATH}:/home/tanawatp/ros2_workspaceTutorial/install/robot_controller:/opt/ros/humble /usr/bin/cmake --install /home/tanawatp/FRA501_61_WS/build/my_interfaces
[1.725s] Level 1:colcon.colcon_core.environment:checking '/home/tanawatp/FRA501_61_WS/install/my_interfaces' for CMake config files
[1.725s] Level 1:colcon.colcon_core.shell:create_environment_hook('my_interfaces', 'cmake_prefix_path')
[1.727s] INFO:colcon.colcon_core.shell:Creating environment hook '/home/tanawatp/FRA501_61_WS/install/my_interfaces/share/my_interfaces/hook/cmake_prefix_path.ps1'
[1.728s] INFO:colcon.colcon_core.shell:Creating environment descriptor '/home/tanawatp/FRA501_61_WS/install/my_interfaces/share/my_interfaces/hook/cmake_prefix_path.dsv'
[1.728s] INFO:colcon.colcon_core.shell:Creating environment hook '/home/tanawatp/FRA501_61_WS/install/my_interfaces/share/my_interfaces/hook/cmake_prefix_path.sh'
[1.729s] Level 1:colcon.colcon_core.environment:checking '/home/tanawatp/FRA501_61_WS/install/my_interfaces/lib'
[1.730s] Level 1:colcon.colcon_core.shell:create_environment_hook('my_interfaces', 'ld_library_path_lib')
[1.731s] INFO:colcon.colcon_core.shell:Creating environment hook '/home/tanawatp/FRA501_61_WS/install/my_interfaces/share/my_interfaces/hook/ld_library_path_lib.ps1'
[1.732s] INFO:colcon.colcon_core.shell:Creating environment descriptor '/home/tanawatp/FRA501_61_WS/install/my_interfaces/share/my_interfaces/hook/ld_library_path_lib.dsv'
[1.732s] INFO:colcon.colcon_core.shell:Creating environment hook '/home/tanawatp/FRA501_61_WS/install/my_interfaces/share/my_interfaces/hook/ld_library_path_lib.sh'
[1.734s] Level 1:colcon.colcon_core.environment:checking '/home/tanawatp/FRA501_61_WS/install/my_interfaces/bin'
[1.734s] Level 1:colcon.colcon_core.environment:checking '/home/tanawatp/FRA501_61_WS/install/my_interfaces/lib/pkgconfig/my_interfaces.pc'
[1.734s] Level 1:colcon.colcon_core.environment:checking '/home/tanawatp/FRA501_61_WS/install/my_interfaces/lib/python3.10/site-packages'
[1.734s] Level 1:colcon.colcon_core.environment:checking '/home/tanawatp/FRA501_61_WS/install/my_interfaces/bin'
[1.736s] INFO:colcon.colcon_core.shell:Creating package script '/home/tanawatp/FRA501_61_WS/install/my_interfaces/share/my_interfaces/package.ps1'
[1.737s] INFO:colcon.colcon_core.shell:Creating package descriptor '/home/tanawatp/FRA501_61_WS/install/my_interfaces/share/my_interfaces/package.dsv'
[1.738s] INFO:colcon.colcon_core.shell:Creating package script '/home/tanawatp/FRA501_61_WS/install/my_interfaces/share/my_interfaces/package.sh'
[1.738s] INFO:colcon.colcon_core.shell:Creating package script '/home/tanawatp/FRA501_61_WS/install/my_interfaces/share/my_interfaces/package.bash'
[1.738s] INFO:colcon.colcon_core.shell:Creating package script '/home/tanawatp/FRA501_61_WS/install/my_interfaces/share/my_interfaces/package.zsh'
[1.739s] Level 1:colcon.colcon_core.environment:create_file_with_runtime_dependencies(/home/tanawatp/FRA501_61_WS/install/my_interfaces/share/colcon-core/packages/my_interfaces)
[1.742s] Level 1:colcon.colcon_core.environment:create_environment_scripts_only(draw_fibo)
[1.744s] Level 1:colcon.colcon_core.environment:checking '/home/tanawatp/FRA501_61_WS/install/draw_fibo' for CMake module files
[1.745s] Level 1:colcon.colcon_core.environment:checking '/home/tanawatp/FRA501_61_WS/install/draw_fibo' for CMake config files
[1.745s] Level 1:colcon.colcon_core.shell:create_environment_hook('draw_fibo', 'cmake_prefix_path')
[1.747s] INFO:colcon.colcon_core.shell:Creating environment hook '/home/tanawatp/FRA501_61_WS/install/draw_fibo/share/draw_fibo/hook/cmake_prefix_path.ps1'
[1.747s] INFO:colcon.colcon_core.shell:Creating environment descriptor '/home/tanawatp/FRA501_61_WS/install/draw_fibo/share/draw_fibo/hook/cmake_prefix_path.dsv'
[1.748s] INFO:colcon.colcon_core.shell:Creating environment hook '/home/tanawatp/FRA501_61_WS/install/draw_fibo/share/draw_fibo/hook/cmake_prefix_path.sh'
[1.748s] Level 1:colcon.colcon_core.environment:checking '/home/tanawatp/FRA501_61_WS/install/draw_fibo/lib'
[1.749s] Level 1:colcon.colcon_core.environment:checking '/home/tanawatp/FRA501_61_WS/install/draw_fibo/bin'
[1.749s] Level 1:colcon.colcon_core.environment:checking '/home/tanawatp/FRA501_61_WS/install/draw_fibo/lib/pkgconfig/draw_fibo.pc'
[1.749s] Level 1:colcon.colcon_core.environment:checking '/home/tanawatp/FRA501_61_WS/install/draw_fibo/lib/python3.10/site-packages'
[1.749s] Level 1:colcon.colcon_core.environment:checking '/home/tanawatp/FRA501_61_WS/install/draw_fibo/bin'
[1.751s] INFO:colcon.colcon_core.shell:Creating package script '/home/tanawatp/FRA501_61_WS/install/draw_fibo/share/draw_fibo/package.ps1'
[1.752s] INFO:colcon.colcon_core.shell:Creating package descriptor '/home/tanawatp/FRA501_61_WS/install/draw_fibo/share/draw_fibo/package.dsv'
[1.752s] INFO:colcon.colcon_core.shell:Creating package script '/home/tanawatp/FRA501_61_WS/install/draw_fibo/share/draw_fibo/package.sh'
[1.753s] INFO:colcon.colcon_core.shell:Creating package script '/home/tanawatp/FRA501_61_WS/install/draw_fibo/share/draw_fibo/package.bash'
[1.753s] INFO:colcon.colcon_core.shell:Creating package script '/home/tanawatp/FRA501_61_WS/install/draw_fibo/share/draw_fibo/package.zsh'
[1.753s] Level 1:colcon.colcon_core.environment:create_file_with_runtime_dependencies(/home/tanawatp/FRA501_61_WS/install/draw_fibo/share/colcon-core/packages/draw_fibo)
[1.758s] Level 1:colcon.colcon_core.environment:create_environment_scripts_only(turtlesim_plus_controller)
[1.760s] Level 1:colcon.colcon_core.environment:checking '/home/tanawatp/FRA501_61_WS/install/turtlesim_plus_controller' for CMake module files
[1.761s] DEBUG:colcon.colcon_core.event_handler.log_command:Invoking command in '/home/tanawatp/FRA501_61_WS/build/turtlesim_plus_interfaces': CMAKE_PREFIX_PATH=${CMAKE_PREFIX_PATH}:/home/tanawatp/ros2_workspaceTutorial/install/robot_controller:/opt/ros/humble /usr/bin/cmake --install /home/tanawatp/FRA501_61_WS/build/turtlesim_plus_interfaces
[1.762s] Level 1:colcon.colcon_core.environment:checking '/home/tanawatp/FRA501_61_WS/install/turtlesim_plus_controller' for CMake config files
[1.762s] Level 1:colcon.colcon_core.shell:create_environment_hook('turtlesim_plus_controller', 'cmake_prefix_path')
[1.764s] INFO:colcon.colcon_core.shell:Creating environment hook '/home/tanawatp/FRA501_61_WS/install/turtlesim_plus_controller/share/turtlesim_plus_controller/hook/cmake_prefix_path.ps1'
[1.765s] INFO:colcon.colcon_core.shell:Creating environment descriptor '/home/tanawatp/FRA501_61_WS/install/turtlesim_plus_controller/share/turtlesim_plus_controller/hook/cmake_prefix_path.dsv'
[1.765s] INFO:colcon.colcon_core.shell:Creating environment hook '/home/tanawatp/FRA501_61_WS/install/turtlesim_plus_controller/share/turtlesim_plus_controller/hook/cmake_prefix_path.sh'
[1.766s] Level 1:colcon.colcon_core.environment:checking '/home/tanawatp/FRA501_61_WS/install/turtlesim_plus_controller/lib'
[1.766s] Level 1:colcon.colcon_core.environment:checking '/home/tanawatp/FRA501_61_WS/install/turtlesim_plus_controller/bin'
[1.766s] Level 1:colcon.colcon_core.environment:checking '/home/tanawatp/FRA501_61_WS/install/turtlesim_plus_controller/lib/pkgconfig/turtlesim_plus_controller.pc'
[1.766s] Level 1:colcon.colcon_core.environment:checking '/home/tanawatp/FRA501_61_WS/install/turtlesim_plus_controller/lib/python3.10/site-packages'
[1.766s] Level 1:colcon.colcon_core.environment:checking '/home/tanawatp/FRA501_61_WS/install/turtlesim_plus_controller/bin'
[1.768s] INFO:colcon.colcon_core.shell:Creating package script '/home/tanawatp/FRA501_61_WS/install/turtlesim_plus_controller/share/turtlesim_plus_controller/package.ps1'
[1.769s] INFO:colcon.colcon_core.shell:Creating package descriptor '/home/tanawatp/FRA501_61_WS/install/turtlesim_plus_controller/share/turtlesim_plus_controller/package.dsv'
[1.769s] INFO:colcon.colcon_core.shell:Creating package script '/home/tanawatp/FRA501_61_WS/install/turtlesim_plus_controller/share/turtlesim_plus_controller/package.sh'
[1.770s] INFO:colcon.colcon_core.shell:Creating package script '/home/tanawatp/FRA501_61_WS/install/turtlesim_plus_controller/share/turtlesim_plus_controller/package.bash'
[1.770s] INFO:colcon.colcon_core.shell:Creating package script '/home/tanawatp/FRA501_61_WS/install/turtlesim_plus_controller/share/turtlesim_plus_controller/package.zsh'
[1.771s] Level 1:colcon.colcon_core.environment:create_file_with_runtime_dependencies(/home/tanawatp/FRA501_61_WS/install/turtlesim_plus_controller/share/colcon-core/packages/turtlesim_plus_controller)
[1.775s] Level 1:colcon.colcon_core.environment:create_environment_scripts_only(turtlesim_plus_planning)
[1.778s] Level 1:colcon.colcon_core.environment:checking '/home/tanawatp/FRA501_61_WS/install/turtlesim_plus_planning' for CMake module files
[1.782s] Level 1:colcon.colcon_core.environment:checking '/home/tanawatp/FRA501_61_WS/install/turtlesim_plus_planning' for CMake config files
[1.785s] Level 1:colcon.colcon_core.shell:create_environment_hook('turtlesim_plus_planning', 'cmake_prefix_path')
[1.787s] INFO:colcon.colcon_core.shell:Creating environment hook '/home/tanawatp/FRA501_61_WS/install/turtlesim_plus_planning/share/turtlesim_plus_planning/hook/cmake_prefix_path.ps1'
[1.788s] INFO:colcon.colcon_core.shell:Creating environment descriptor '/home/tanawatp/FRA501_61_WS/install/turtlesim_plus_planning/share/turtlesim_plus_planning/hook/cmake_prefix_path.dsv'
[1.790s] INFO:colcon.colcon_core.shell:Creating environment hook '/home/tanawatp/FRA501_61_WS/install/turtlesim_plus_planning/share/turtlesim_plus_planning/hook/cmake_prefix_path.sh'
[1.792s] Level 1:colcon.colcon_core.environment:checking '/home/tanawatp/FRA501_61_WS/install/turtlesim_plus_planning/lib'
[1.792s] Level 1:colcon.colcon_core.environment:checking '/home/tanawatp/FRA501_61_WS/install/turtlesim_plus_planning/bin'
[1.793s] Level 1:colcon.colcon_core.environment:checking '/home/tanawatp/FRA501_61_WS/install/turtlesim_plus_planning/lib/pkgconfig/turtlesim_plus_planning.pc'
[1.793s] Level 1:colcon.colcon_core.environment:checking '/home/tanawatp/FRA501_61_WS/install/turtlesim_plus_planning/lib/python3.10/site-packages'
[1.793s] Level 1:colcon.colcon_core.environment:checking '/home/tanawatp/FRA501_61_WS/install/turtlesim_plus_planning/bin'
[1.795s] INFO:colcon.colcon_core.shell:Creating package script '/home/tanawatp/FRA501_61_WS/install/turtlesim_plus_planning/share/turtlesim_plus_planning/package.ps1'
[1.797s] INFO:colcon.colcon_core.shell:Creating package descriptor '/home/tanawatp/FRA501_61_WS/install/turtlesim_plus_planning/share/turtlesim_plus_planning/package.dsv'
[1.798s] INFO:colcon.colcon_core.shell:Creating package script '/home/tanawatp/FRA501_61_WS/install/turtlesim_plus_planning/share/turtlesim_plus_planning/package.sh'
[1.799s] INFO:colcon.colcon_core.shell:Creating package script '/home/tanawatp/FRA501_61_WS/install/turtlesim_plus_planning/share/turtlesim_plus_planning/package.bash'
[1.800s] INFO:colcon.colcon_core.shell:Creating package script '/home/tanawatp/FRA501_61_WS/install/turtlesim_plus_planning/share/turtlesim_plus_planning/package.zsh'
[1.801s] Level 1:colcon.colcon_core.environment:create_file_with_runtime_dependencies(/home/tanawatp/FRA501_61_WS/install/turtlesim_plus_planning/share/colcon-core/packages/turtlesim_plus_planning)
[1.805s] Level 1:colcon.colcon_core.environment:create_environment_scripts_only(turtlesim_plus_scheduler)
[1.807s] Level 1:colcon.colcon_core.environment:checking '/home/tanawatp/FRA501_61_WS/install/turtlesim_plus_scheduler' for CMake module files
[1.809s] Level 1:colcon.colcon_core.environment:checking '/home/tanawatp/FRA501_61_WS/install/turtlesim_plus_scheduler' for CMake config files
[1.811s] Level 1:colcon.colcon_core.shell:create_environment_hook('turtlesim_plus_scheduler', 'cmake_prefix_path')
[1.813s] INFO:colcon.colcon_core.shell:Creating environment hook '/home/tanawatp/FRA501_61_WS/install/turtlesim_plus_scheduler/share/turtlesim_plus_scheduler/hook/cmake_prefix_path.ps1'
[1.814s] INFO:colcon.colcon_core.shell:Creating environment descriptor '/home/tanawatp/FRA501_61_WS/install/turtlesim_plus_scheduler/share/turtlesim_plus_scheduler/hook/cmake_prefix_path.dsv'
[1.815s] INFO:colcon.colcon_core.shell:Creating environment hook '/home/tanawatp/FRA501_61_WS/install/turtlesim_plus_scheduler/share/turtlesim_plus_scheduler/hook/cmake_prefix_path.sh'
[1.816s] Level 1:colcon.colcon_core.environment:checking '/home/tanawatp/FRA501_61_WS/install/turtlesim_plus_scheduler/lib'
[1.816s] Level 1:colcon.colcon_core.environment:checking '/home/tanawatp/FRA501_61_WS/install/turtlesim_plus_scheduler/bin'
[1.816s] Level 1:colcon.colcon_core.environment:checking '/home/tanawatp/FRA501_61_WS/install/turtlesim_plus_scheduler/lib/pkgconfig/turtlesim_plus_scheduler.pc'
[1.816s] Level 1:colcon.colcon_core.environment:checking '/home/tanawatp/FRA501_61_WS/install/turtlesim_plus_scheduler/lib/python3.10/site-packages'
[1.816s] Level 1:colcon.colcon_core.environment:checking '/home/tanawatp/FRA501_61_WS/install/turtlesim_plus_scheduler/bin'
[1.818s] INFO:colcon.colcon_core.shell:Creating package script '/home/tanawatp/FRA501_61_WS/install/turtlesim_plus_scheduler/share/turtlesim_plus_scheduler/package.ps1'
[1.819s] INFO:colcon.colcon_core.shell:Creating package descriptor '/home/tanawatp/FRA501_61_WS/install/turtlesim_plus_scheduler/share/turtlesim_plus_scheduler/package.dsv'
[1.819s] INFO:colcon.colcon_core.shell:Creating package script '/home/tanawatp/FRA501_61_WS/install/turtlesim_plus_scheduler/share/turtlesim_plus_scheduler/package.sh'
[1.820s] INFO:colcon.colcon_core.shell:Creating package script '/home/tanawatp/FRA501_61_WS/install/turtlesim_plus_scheduler/share/turtlesim_plus_scheduler/package.bash'
[1.821s] INFO:colcon.colcon_core.shell:Creating package script '/home/tanawatp/FRA501_61_WS/install/turtlesim_plus_scheduler/share/turtlesim_plus_scheduler/package.zsh'
[1.821s] Level 1:colcon.colcon_core.environment:create_file_with_runtime_dependencies(/home/tanawatp/FRA501_61_WS/install/turtlesim_plus_scheduler/share/colcon-core/packages/turtlesim_plus_scheduler)
[1.839s] Level 1:colcon.colcon_core.environment:create_environment_scripts_only(turtlesim_plus_interfaces)
[1.842s] Level 1:colcon.colcon_core.environment:checking '/home/tanawatp/FRA501_61_WS/install/turtlesim_plus_interfaces' for CMake module files
[1.842s] DEBUG:colcon.colcon_core.event_handler.log_command:Invoked command in '/home/tanawatp/FRA501_61_WS/build/turtlesim_plus_interfaces' returned '0': CMAKE_PREFIX_PATH=${CMAKE_PREFIX_PATH}:/home/tanawatp/ros2_workspaceTutorial/install/robot_controller:/opt/ros/humble /usr/bin/cmake --install /home/tanawatp/FRA501_61_WS/build/turtlesim_plus_interfaces
[1.843s] Level 1:colcon.colcon_core.environment:checking '/home/tanawatp/FRA501_61_WS/install/turtlesim_plus_interfaces' for CMake config files
[1.844s] Level 1:colcon.colcon_core.shell:create_environment_hook('turtlesim_plus_interfaces', 'cmake_prefix_path')
[1.846s] INFO:colcon.colcon_core.shell:Creating environment hook '/home/tanawatp/FRA501_61_WS/install/turtlesim_plus_interfaces/share/turtlesim_plus_interfaces/hook/cmake_prefix_path.ps1'
[1.846s] INFO:colcon.colcon_core.shell:Creating environment descriptor '/home/tanawatp/FRA501_61_WS/install/turtlesim_plus_interfaces/share/turtlesim_plus_interfaces/hook/cmake_prefix_path.dsv'
[1.846s] INFO:colcon.colcon_core.shell:Creating environment hook '/home/tanawatp/FRA501_61_WS/install/turtlesim_plus_interfaces/share/turtlesim_plus_interfaces/hook/cmake_prefix_path.sh'
[1.847s] Level 1:colcon.colcon_core.environment:checking '/home/tanawatp/FRA501_61_WS/install/turtlesim_plus_interfaces/lib'
[1.847s] Level 1:colcon.colcon_core.shell:create_environment_hook('turtlesim_plus_interfaces', 'ld_library_path_lib')
[1.849s] INFO:colcon.colcon_core.shell:Creating environment hook '/home/tanawatp/FRA501_61_WS/install/turtlesim_plus_interfaces/share/turtlesim_plus_interfaces/hook/ld_library_path_lib.ps1'
[1.849s] INFO:colcon.colcon_core.shell:Creating environment descriptor '/home/tanawatp/FRA501_61_WS/install/turtlesim_plus_interfaces/share/turtlesim_plus_interfaces/hook/ld_library_path_lib.dsv'
[1.849s] INFO:colcon.colcon_core.shell:Creating environment hook '/home/tanawatp/FRA501_61_WS/install/turtlesim_plus_interfaces/share/turtlesim_plus_interfaces/hook/ld_library_path_lib.sh'
[1.850s] Level 1:colcon.colcon_core.environment:checking '/home/tanawatp/FRA501_61_WS/install/turtlesim_plus_interfaces/bin'
[1.850s] Level 1:colcon.colcon_core.environment:checking '/home/tanawatp/FRA501_61_WS/install/turtlesim_plus_interfaces/lib/pkgconfig/turtlesim_plus_interfaces.pc'
[1.850s] Level 1:colcon.colcon_core.environment:checking '/home/tanawatp/FRA501_61_WS/install/turtlesim_plus_interfaces/lib/python3.10/site-packages'
[1.850s] Level 1:colcon.colcon_core.environment:checking '/home/tanawatp/FRA501_61_WS/install/turtlesim_plus_interfaces/bin'
[1.852s] INFO:colcon.colcon_core.shell:Creating package script '/home/tanawatp/FRA501_61_WS/install/turtlesim_plus_interfaces/share/turtlesim_plus_interfaces/package.ps1'
[1.853s] INFO:colcon.colcon_core.shell:Creating package descriptor '/home/tanawatp/FRA501_61_WS/install/turtlesim_plus_interfaces/share/turtlesim_plus_interfaces/package.dsv'
[1.854s] INFO:colcon.colcon_core.shell:Creating package script '/home/tanawatp/FRA501_61_WS/install/turtlesim_plus_interfaces/share/turtlesim_plus_interfaces/package.sh'
[1.854s] INFO:colcon.colcon_core.shell:Creating package script '/home/tanawatp/FRA501_61_WS/install/turtlesim_plus_interfaces/share/turtlesim_plus_interfaces/package.bash'
[1.854s] INFO:colcon.colcon_core.shell:Creating package script '/home/tanawatp/FRA501_61_WS/install/turtlesim_plus_interfaces/share/turtlesim_plus_interfaces/package.zsh'
[1.855s] Level 1:colcon.colcon_core.environment:create_file_with_runtime_dependencies(/home/tanawatp/FRA501_61_WS/install/turtlesim_plus_interfaces/share/colcon-core/packages/turtlesim_plus_interfaces)
[1.858s] Level 1:colcon.colcon_core.environment:create_environment_scripts_only(my_interfaces)
[1.860s] Level 1:colcon.colcon_core.environment:checking '/home/tanawatp/FRA501_61_WS/install/my_interfaces' for CMake module files
[1.861s] Level 1:colcon.colcon_core.environment:checking '/home/tanawatp/FRA501_61_WS/install/my_interfaces' for CMake config files
[1.861s] Level 1:colcon.colcon_core.shell:create_environment_hook('my_interfaces', 'cmake_prefix_path')
[1.863s] INFO:colcon.colcon_core.shell:Creating environment hook '/home/tanawatp/FRA501_61_WS/install/my_interfaces/share/my_interfaces/hook/cmake_prefix_path.ps1'
[1.863s] INFO:colcon.colcon_core.shell:Creating environment descriptor '/home/tanawatp/FRA501_61_WS/install/my_interfaces/share/my_interfaces/hook/cmake_prefix_path.dsv'
[1.864s] INFO:colcon.colcon_core.shell:Creating environment hook '/home/tanawatp/FRA501_61_WS/install/my_interfaces/share/my_interfaces/hook/cmake_prefix_path.sh'
[1.864s] Level 1:colcon.colcon_core.environment:checking '/home/tanawatp/FRA501_61_WS/install/my_interfaces/lib'
[1.864s] Level 1:colcon.colcon_core.shell:create_environment_hook('my_interfaces', 'ld_library_path_lib')
[1.866s] INFO:colcon.colcon_core.shell:Creating environment hook '/home/tanawatp/FRA501_61_WS/install/my_interfaces/share/my_interfaces/hook/ld_library_path_lib.ps1'
[1.867s] INFO:colcon.colcon_core.shell:Creating environment descriptor '/home/tanawatp/FRA501_61_WS/install/my_interfaces/share/my_interfaces/hook/ld_library_path_lib.dsv'
[1.867s] INFO:colcon.colcon_core.shell:Creating environment hook '/home/tanawatp/FRA501_61_WS/install/my_interfaces/share/my_interfaces/hook/ld_library_path_lib.sh'
[1.867s] Level 1:colcon.colcon_core.environment:checking '/home/tanawatp/FRA501_61_WS/install/my_interfaces/bin'
[1.867s] Level 1:colcon.colcon_core.environment:checking '/home/tanawatp/FRA501_61_WS/install/my_interfaces/lib/pkgconfig/my_interfaces.pc'
[1.868s] Level 1:colcon.colcon_core.environment:checking '/home/tanawatp/FRA501_61_WS/install/my_interfaces/lib/python3.10/site-packages'
[1.868s] Level 1:colcon.colcon_core.environment:checking '/home/tanawatp/FRA501_61_WS/install/my_interfaces/bin'
[1.869s] INFO:colcon.colcon_core.shell:Creating package script '/home/tanawatp/FRA501_61_WS/install/my_interfaces/share/my_interfaces/package.ps1'
[1.870s] INFO:colcon.colcon_core.shell:Creating package descriptor '/home/tanawatp/FRA501_61_WS/install/my_interfaces/share/my_interfaces/package.dsv'
[1.871s] INFO:colcon.colcon_core.shell:Creating package script '/home/tanawatp/FRA501_61_WS/install/my_interfaces/share/my_interfaces/package.sh'
[1.872s] INFO:colcon.colcon_core.shell:Creating package script '/home/tanawatp/FRA501_61_WS/install/my_interfaces/share/my_interfaces/package.bash'
[1.872s] INFO:colcon.colcon_core.shell:Creating package script '/home/tanawatp/FRA501_61_WS/install/my_interfaces/share/my_interfaces/package.zsh'
[1.872s] Level 1:colcon.colcon_core.environment:create_file_with_runtime_dependencies(/home/tanawatp/FRA501_61_WS/install/my_interfaces/share/colcon-core/packages/my_interfaces)
[1.972s] Level 1:colcon.colcon_core.environment:create_environment_scripts_only(turtlesim_plus_interfaces)
[1.974s] Level 1:colcon.colcon_core.environment:checking '/home/tanawatp/FRA501_61_WS/install/turtlesim_plus_interfaces' for CMake module files
[1.975s] Level 1:colcon.colcon_core.environment:checking '/home/tanawatp/FRA501_61_WS/install/turtlesim_plus_interfaces' for CMake config files
[1.975s] Level 1:colcon.colcon_core.shell:create_environment_hook('turtlesim_plus_interfaces', 'cmake_prefix_path')
[1.977s] INFO:colcon.colcon_core.shell:Creating environment hook '/home/tanawatp/FRA501_61_WS/install/turtlesim_plus_interfaces/share/turtlesim_plus_interfaces/hook/cmake_prefix_path.ps1'
[1.977s] INFO:colcon.colcon_core.shell:Creating environment descriptor '/home/tanawatp/FRA501_61_WS/install/turtlesim_plus_interfaces/share/turtlesim_plus_interfaces/hook/cmake_prefix_path.dsv'
[1.978s] INFO:colcon.colcon_core.shell:Creating environment hook '/home/tanawatp/FRA501_61_WS/install/turtlesim_plus_interfaces/share/turtlesim_plus_interfaces/hook/cmake_prefix_path.sh'
[1.978s] Level 1:colcon.colcon_core.environment:checking '/home/tanawatp/FRA501_61_WS/install/turtlesim_plus_interfaces/lib'
[1.978s] Level 1:colcon.colcon_core.shell:create_environment_hook('turtlesim_plus_interfaces', 'ld_library_path_lib')
[1.980s] INFO:colcon.colcon_core.shell:Creating environment hook '/home/tanawatp/FRA501_61_WS/install/turtlesim_plus_interfaces/share/turtlesim_plus_interfaces/hook/ld_library_path_lib.ps1'
[1.980s] INFO:colcon.colcon_core.shell:Creating environment descriptor '/home/tanawatp/FRA501_61_WS/install/turtlesim_plus_interfaces/share/turtlesim_plus_interfaces/hook/ld_library_path_lib.dsv'
[1.980s] INFO:colcon.colcon_core.shell:Creating environment hook '/home/tanawatp/FRA501_61_WS/install/turtlesim_plus_interfaces/share/turtlesim_plus_interfaces/hook/ld_library_path_lib.sh'
[1.981s] Level 1:colcon.colcon_core.environment:checking '/home/tanawatp/FRA501_61_WS/install/turtlesim_plus_interfaces/bin'
[1.981s] Level 1:colcon.colcon_core.environment:checking '/home/tanawatp/FRA501_61_WS/install/turtlesim_plus_interfaces/lib/pkgconfig/turtlesim_plus_interfaces.pc'
[1.981s] Level 1:colcon.colcon_core.environment:checking '/home/tanawatp/FRA501_61_WS/install/turtlesim_plus_interfaces/lib/python3.10/site-packages'
[1.981s] Level 1:colcon.colcon_core.environment:checking '/home/tanawatp/FRA501_61_WS/install/turtlesim_plus_interfaces/bin'
[1.983s] INFO:colcon.colcon_core.shell:Creating package script '/home/tanawatp/FRA501_61_WS/install/turtlesim_plus_interfaces/share/turtlesim_plus_interfaces/package.ps1'
[1.983s] INFO:colcon.colcon_core.shell:Creating package descriptor '/home/tanawatp/FRA501_61_WS/install/turtlesim_plus_interfaces/share/turtlesim_plus_interfaces/package.dsv'
[1.984s] INFO:colcon.colcon_core.shell:Creating package script '/home/tanawatp/FRA501_61_WS/install/turtlesim_plus_interfaces/share/turtlesim_plus_interfaces/package.sh'
[1.984s] INFO:colcon.colcon_core.shell:Creating package script '/home/tanawatp/FRA501_61_WS/install/turtlesim_plus_interfaces/share/turtlesim_plus_interfaces/package.bash'
[1.985s] INFO:colcon.colcon_core.shell:Creating package script '/home/tanawatp/FRA501_61_WS/install/turtlesim_plus_interfaces/share/turtlesim_plus_interfaces/package.zsh'
[1.985s] Level 1:colcon.colcon_core.environment:create_file_with_runtime_dependencies(/home/tanawatp/FRA501_61_WS/install/turtlesim_plus_interfaces/share/colcon-core/packages/turtlesim_plus_interfaces)
[1.985s] DEBUG:colcon.colcon_parallel_executor.executor.parallel:closing loop
[1.986s] DEBUG:colcon.colcon_parallel_executor.executor.parallel:loop closed
[1.986s] DEBUG:colcon.colcon_parallel_executor.executor.parallel:run_until_complete finished with '0'
[1.986s] DEBUG:colcon.colcon_core.event_reactor:joining thread
[1.992s] INFO:colcon.colcon_core.plugin_system:Skipping extension 'colcon_notification.desktop_notification.terminal_notifier': Not used on non-Darwin systems
[1.992s] INFO:colcon.colcon_core.plugin_system:Skipping extension 'colcon_notification.desktop_notification.win32': Not used on non-Windows systems
[1.992s] INFO:colcon.colcon_notification.desktop_notification:Sending desktop notification using 'notify2'
[2.006s] DEBUG:colcon.colcon_core.event_reactor:joined thread
[2.008s] INFO:colcon.colcon_core.shell:Creating prefix script '/home/tanawatp/FRA501_61_WS/install/local_setup.ps1'
[2.009s] INFO:colcon.colcon_core.shell:Creating prefix util module '/home/tanawatp/FRA501_61_WS/install/_local_setup_util_ps1.py'
[2.010s] INFO:colcon.colcon_core.shell:Creating prefix chain script '/home/tanawatp/FRA501_61_WS/install/setup.ps1'
[2.013s] INFO:colcon.colcon_core.shell:Creating prefix script '/home/tanawatp/FRA501_61_WS/install/local_setup.sh'
[2.013s] INFO:colcon.colcon_core.shell:Creating prefix util module '/home/tanawatp/FRA501_61_WS/install/_local_setup_util_sh.py'
[2.014s] INFO:colcon.colcon_core.shell:Creating prefix chain script '/home/tanawatp/FRA501_61_WS/install/setup.sh'
[2.017s] INFO:colcon.colcon_core.shell:Creating prefix script '/home/tanawatp/FRA501_61_WS/install/local_setup.bash'
[2.017s] INFO:colcon.colcon_core.shell:Creating prefix chain script '/home/tanawatp/FRA501_61_WS/install/setup.bash'
[2.020s] INFO:colcon.colcon_core.shell:Creating prefix script '/home/tanawatp/FRA501_61_WS/install/local_setup.zsh'
[2.020s] INFO:colcon.colcon_core.shell:Creating prefix chain script '/home/tanawatp/FRA501_61_WS/install/setup.zsh'
