-- The C compiler identification is GNU 11.4.0
-- The CXX compiler identification is GNU 11.4.0
-- Detecting C compiler ABI info
-- Detecting C compiler ABI info - done
-- Check for working C compiler: /usr/bin/cc - skipped
-- Detecting C compile features
-- Detecting C compile features - done
-- Detecting CXX compiler ABI info
-- Detecting CXX compiler ABI info - done
-- Check for working CXX compiler: /usr/bin/c++ - skipped
-- Detecting CXX compile features
-- Detecting CXX compile features - done
-- Found ament_cmake: 1.3.5 (/opt/ros/humble/share/ament_cmake/cmake)
-- Found Python3: /usr/bin/python3.10 (found version "3.10.12") found components: Interpreter 
-- Found rclcpp: 16.0.5 (/opt/ros/humble/share/rclcpp/cmake)
-- Found rosidl_generator_c: 3.1.5 (/opt/ros/humble/share/rosidl_generator_c/cmake)
-- Found rosidl_adapter: 3.1.5 (/opt/ros/humble/share/rosidl_adapter/cmake)
-- Found rosidl_generator_cpp: 3.1.5 (/opt/ros/humble/share/rosidl_generator_cpp/cmake)
-- Using all available rosidl_typesupport_c: rosidl_typesupport_fastrtps_c;rosidl_typesupport_introspection_c
-- Using all available rosidl_typesupport_cpp: rosidl_typesupport_fastrtps_cpp;rosidl_typesupport_introspection_cpp
-- Found rmw_implementation_cmake: 6.1.1 (/opt/ros/humble/share/rmw_implementation_cmake/cmake)
-- Found rmw_fastrtps_cpp: 6.2.3 (/opt/ros/humble/share/rmw_fastrtps_cpp/cmake)
-- Found OpenSSL: /usr/lib/x86_64-linux-gnu/libcrypto.so (found version "3.0.2")  
-- Found FastRTPS: /opt/ros/humble/include  
-- Using RMW implementation 'rmw_fastrtps_cpp' as default
-- Looking for pthread.h
-- Looking for pthread.h - found
-- Performing Test CMAKE_HAVE_LIBC_PTHREAD
-- Performing Test CMAKE_HAVE_LIBC_PTHREAD - Success
-- Found Threads: TRUE  
-- Found rclpy: 3.3.9 (/opt/ros/humble/share/rclpy/cmake)
-- Configuring done
-- Generating done
-- Build files have been written to: /home/tanawatp/FRA501_61_WS/build/draw_fibo
[ 50%] [32mBuilding CXX object CMakeFiles/cpp_node_test.dir/src/cpp_node.cpp.o[0m
[ 50%] Built target ament_cmake_python_copy_draw_fibo
[100%] [32m[1mLinking CXX executable cpp_node_test[0m
running egg_info
creating draw_fibo.egg-info
writing draw_fibo.egg-info/PKG-INFO
writing dependency_links to draw_fibo.egg-info/dependency_links.txt
writing top-level names to draw_fibo.egg-info/top_level.txt
writing manifest file 'draw_fibo.egg-info/SOURCES.txt'
reading manifest file 'draw_fibo.egg-info/SOURCES.txt'
writing manifest file 'draw_fibo.egg-info/SOURCES.txt'
[100%] Built target ament_cmake_python_build_draw_fibo_egg
[100%] Built target cpp_node_test
-- Install configuration: ""
-- Installing: /home/tanawatp/FRA501_61_WS/install/draw_fibo/share/draw_fibo/environment/pythonpath.sh
-- Installing: /home/tanawatp/FRA501_61_WS/install/draw_fibo/share/draw_fibo/environment/pythonpath.dsv
-- Installing: /home/tanawatp/FRA501_61_WS/install/draw_fibo/local/lib/python3.10/dist-packages/draw_fibo-0.0.0-py3.10.egg-info
-- Installing: /home/tanawatp/FRA501_61_WS/install/draw_fibo/local/lib/python3.10/dist-packages/draw_fibo-0.0.0-py3.10.egg-info/dependency_links.txt
-- Installing: /home/tanawatp/FRA501_61_WS/install/draw_fibo/local/lib/python3.10/dist-packages/draw_fibo-0.0.0-py3.10.egg-info/top_level.txt
-- Installing: /home/tanawatp/FRA501_61_WS/install/draw_fibo/local/lib/python3.10/dist-packages/draw_fibo-0.0.0-py3.10.egg-info/PKG-INFO
-- Installing: /home/tanawatp/FRA501_61_WS/install/draw_fibo/local/lib/python3.10/dist-packages/draw_fibo-0.0.0-py3.10.egg-info/SOURCES.txt
-- Installing: /home/tanawatp/FRA501_61_WS/install/draw_fibo/local/lib/python3.10/dist-packages/draw_fibo
-- Installing: /home/tanawatp/FRA501_61_WS/install/draw_fibo/local/lib/python3.10/dist-packages/draw_fibo/dummy_module.py
-- Installing: /home/tanawatp/FRA501_61_WS/install/draw_fibo/local/lib/python3.10/dist-packages/draw_fibo/__init__.py
Listing '/home/tanawatp/FRA501_61_WS/install/draw_fibo/local/lib/python3.10/dist-packages/draw_fibo'...
Compiling '/home/tanawatp/FRA501_61_WS/install/draw_fibo/local/lib/python3.10/dist-packages/draw_fibo/__init__.py'...
Compiling '/home/tanawatp/FRA501_61_WS/install/draw_fibo/local/lib/python3.10/dist-packages/draw_fibo/dummy_module.py'...
-- Installing: /home/tanawatp/FRA501_61_WS/install/draw_fibo/lib/draw_fibo/dummy_script.py
-- Installing: /home/tanawatp/FRA501_61_WS/install/draw_fibo/lib/draw_fibo/cpp_node_test
-- Set runtime path of "/home/tanawatp/FRA501_61_WS/install/draw_fibo/lib/draw_fibo/cpp_node_test" to ""
-- Installing: /home/tanawatp/FRA501_61_WS/install/draw_fibo/share/draw_fibo/launch
-- Installing: /home/tanawatp/FRA501_61_WS/install/draw_fibo/share/draw_fibo/launch/spawn_4turtles.launch.py
-- Installing: /home/tanawatp/FRA501_61_WS/install/draw_fibo/share/draw_fibo/launch/PCS.launch.py
-- Installing: /home/tanawatp/FRA501_61_WS/install/draw_fibo/share/draw_fibo/config
-- Installing: /home/tanawatp/FRA501_61_WS/install/draw_fibo/share/draw_fibo/config/parameters.yaml
-- Installing: /home/tanawatp/FRA501_61_WS/install/draw_fibo/share/draw_fibo/via_point
-- Installing: /home/tanawatp/FRA501_61_WS/install/draw_fibo/share/draw_fibo/via_point/via_point_test_Humble.yaml
-- Installing: /home/tanawatp/FRA501_61_WS/install/draw_fibo/share/draw_fibo/via_point/via_point_00.yaml
-- Installing: /home/tanawatp/FRA501_61_WS/install/draw_fibo/share/draw_fibo/via_point/via_point_test.yaml
-- Installing: /home/tanawatp/FRA501_61_WS/install/draw_fibo/share/ament_index/resource_index/package_run_dependencies/draw_fibo
-- Installing: /home/tanawatp/FRA501_61_WS/install/draw_fibo/share/ament_index/resource_index/parent_prefix_path/draw_fibo
-- Installing: /home/tanawatp/FRA501_61_WS/install/draw_fibo/share/draw_fibo/environment/ament_prefix_path.sh
-- Installing: /home/tanawatp/FRA501_61_WS/install/draw_fibo/share/draw_fibo/environment/ament_prefix_path.dsv
-- Installing: /home/tanawatp/FRA501_61_WS/install/draw_fibo/share/draw_fibo/environment/path.sh
-- Installing: /home/tanawatp/FRA501_61_WS/install/draw_fibo/share/draw_fibo/environment/path.dsv
-- Installing: /home/tanawatp/FRA501_61_WS/install/draw_fibo/share/draw_fibo/local_setup.bash
-- Installing: /home/tanawatp/FRA501_61_WS/install/draw_fibo/share/draw_fibo/local_setup.sh
-- Installing: /home/tanawatp/FRA501_61_WS/install/draw_fibo/share/draw_fibo/local_setup.zsh
-- Installing: /home/tanawatp/FRA501_61_WS/install/draw_fibo/share/draw_fibo/local_setup.dsv
-- Installing: /home/tanawatp/FRA501_61_WS/install/draw_fibo/share/draw_fibo/package.dsv
-- Installing: /home/tanawatp/FRA501_61_WS/install/draw_fibo/share/ament_index/resource_index/packages/draw_fibo
-- Installing: /home/tanawatp/FRA501_61_WS/install/draw_fibo/share/draw_fibo/cmake/draw_fiboConfig.cmake
-- Installing: /home/tanawatp/FRA501_61_WS/install/draw_fibo/share/draw_fibo/cmake/draw_fiboConfig-version.cmake
-- Installing: /home/tanawatp/FRA501_61_WS/install/draw_fibo/share/draw_fibo/package.xml
