[100%] Built target cpp_node_test
[100%] Built target ament_cmake_python_copy_turtlesim_plus_scheduler
running egg_info
writing turtlesim_plus_scheduler.egg-info/PKG-INFO
writing dependency_links to turtlesim_plus_scheduler.egg-info/dependency_links.txt
writing top-level names to turtlesim_plus_scheduler.egg-info/top_level.txt
reading manifest file 'turtlesim_plus_scheduler.egg-info/SOURCES.txt'
writing manifest file 'turtlesim_plus_scheduler.egg-info/SOURCES.txt'
[100%] Built target ament_cmake_python_build_turtlesim_plus_scheduler_egg
-- Install configuration: ""
-- Up-to-date: /home/tanawatp/FRA501_61_WS/install/turtlesim_plus_scheduler/share/turtlesim_plus_scheduler/environment/pythonpath.sh
-- Up-to-date: /home/tanawatp/FRA501_61_WS/install/turtlesim_plus_scheduler/share/turtlesim_plus_scheduler/environment/pythonpath.dsv
-- Up-to-date: /home/tanawatp/FRA501_61_WS/install/turtlesim_plus_scheduler/local/lib/python3.10/dist-packages/turtlesim_plus_scheduler-0.0.0-py3.10.egg-info
-- Installing: /home/tanawatp/FRA501_61_WS/install/turtlesim_plus_scheduler/local/lib/python3.10/dist-packages/turtlesim_plus_scheduler-0.0.0-py3.10.egg-info/dependency_links.txt
-- Installing: /home/tanawatp/FRA501_61_WS/install/turtlesim_plus_scheduler/local/lib/python3.10/dist-packages/turtlesim_plus_scheduler-0.0.0-py3.10.egg-info/top_level.txt
-- Installing: /home/tanawatp/FRA501_61_WS/install/turtlesim_plus_scheduler/local/lib/python3.10/dist-packages/turtlesim_plus_scheduler-0.0.0-py3.10.egg-info/PKG-INFO
-- Installing: /home/tanawatp/FRA501_61_WS/install/turtlesim_plus_scheduler/local/lib/python3.10/dist-packages/turtlesim_plus_scheduler-0.0.0-py3.10.egg-info/SOURCES.txt
-- Up-to-date: /home/tanawatp/FRA501_61_WS/install/turtlesim_plus_scheduler/local/lib/python3.10/dist-packages/turtlesim_plus_scheduler
-- Up-to-date: /home/tanawatp/FRA501_61_WS/install/turtlesim_plus_scheduler/local/lib/python3.10/dist-packages/turtlesim_plus_scheduler/dummy_module.py
-- Up-to-date: /home/tanawatp/FRA501_61_WS/install/turtlesim_plus_scheduler/local/lib/python3.10/dist-packages/turtlesim_plus_scheduler/__init__.py
Listing '/home/tanawatp/FRA501_61_WS/install/turtlesim_plus_scheduler/local/lib/python3.10/dist-packages/turtlesim_plus_scheduler'...
-- Installing: /home/tanawatp/FRA501_61_WS/install/turtlesim_plus_scheduler/lib/turtlesim_plus_scheduler/tao_scheduler.py
-- Up-to-date: /home/tanawatp/FRA501_61_WS/install/turtlesim_plus_scheduler/lib/turtlesim_plus_scheduler/cpp_node_test
-- Up-to-date: /home/tanawatp/FRA501_61_WS/install/turtlesim_plus_scheduler/share/turtlesim_plus_scheduler
-- Up-to-date: /home/tanawatp/FRA501_61_WS/install/turtlesim_plus_scheduler/share/ament_index/resource_index/package_run_dependencies/turtlesim_plus_scheduler
-- Up-to-date: /home/tanawatp/FRA501_61_WS/install/turtlesim_plus_scheduler/share/ament_index/resource_index/parent_prefix_path/turtlesim_plus_scheduler
-- Up-to-date: /home/tanawatp/FRA501_61_WS/install/turtlesim_plus_scheduler/share/turtlesim_plus_scheduler/environment/ament_prefix_path.sh
-- Up-to-date: /home/tanawatp/FRA501_61_WS/install/turtlesim_plus_scheduler/share/turtlesim_plus_scheduler/environment/ament_prefix_path.dsv
-- Up-to-date: /home/tanawatp/FRA501_61_WS/install/turtlesim_plus_scheduler/share/turtlesim_plus_scheduler/environment/path.sh
-- Up-to-date: /home/tanawatp/FRA501_61_WS/install/turtlesim_plus_scheduler/share/turtlesim_plus_scheduler/environment/path.dsv
-- Up-to-date: /home/tanawatp/FRA501_61_WS/install/turtlesim_plus_scheduler/share/turtlesim_plus_scheduler/local_setup.bash
-- Up-to-date: /home/tanawatp/FRA501_61_WS/install/turtlesim_plus_scheduler/share/turtlesim_plus_scheduler/local_setup.sh
-- Up-to-date: /home/tanawatp/FRA501_61_WS/install/turtlesim_plus_scheduler/share/turtlesim_plus_scheduler/local_setup.zsh
-- Up-to-date: /home/tanawatp/FRA501_61_WS/install/turtlesim_plus_scheduler/share/turtlesim_plus_scheduler/local_setup.dsv
-- Installing: /home/tanawatp/FRA501_61_WS/install/turtlesim_plus_scheduler/share/turtlesim_plus_scheduler/package.dsv
-- Up-to-date: /home/tanawatp/FRA501_61_WS/install/turtlesim_plus_scheduler/share/ament_index/resource_index/packages/turtlesim_plus_scheduler
-- Up-to-date: /home/tanawatp/FRA501_61_WS/install/turtlesim_plus_scheduler/share/turtlesim_plus_scheduler/cmake/turtlesim_plus_schedulerConfig.cmake
-- Up-to-date: /home/tanawatp/FRA501_61_WS/install/turtlesim_plus_scheduler/share/turtlesim_plus_scheduler/cmake/turtlesim_plus_schedulerConfig-version.cmake
-- Up-to-date: /home/tanawatp/FRA501_61_WS/install/turtlesim_plus_scheduler/share/turtlesim_plus_scheduler/package.xml
